#
# A fatal error has been detected by the Java Runtime Environment:
#
#  EXCEPTION_ACCESS_VIOLATION (0xc0000005) at pc=0x00007ffceab47471, pid=10200, tid=0x0000000000000440
#
# JRE version: Java(TM) SE Runtime Environment (8.0_131-b11) (build 1.8.0_131-b11)
# Java VM: Java HotSpot(TM) 64-Bit Server VM (25.131-b11 mixed mode windows-amd64 compressed oops)
# Problematic frame:
# C  [ig8icd64.dll+0x1b7471]
#
# Failed to write core dump. Minidumps are not enabled by default on client versions of Windows
#
# If you would like to submit a bug report, please visit:
#   http://bugreport.java.com/bugreport/crash.jsp
# The crash happened outside the Java Virtual Machine in native code.
# See problematic frame for where to report the bug.
#

---------------  T H R E A D  ---------------

Current thread (0x000000001ea65000):  JavaThread "GAME_LOOP_THREAD" [_thread_in_native, id=1088, stack(0x000000001f600000,0x000000001f700000)]

siginfo: ExceptionCode=0xc0000005, writing address 0x000000001fc86000

Registers:
RAX=0xfffffffffffff200, RBX=0x0000000000000010, RCX=0x0000000000000024, RDX=0x000000003099c6e0
RSP=0x000000001f6fe970, RBP=0x0000000000000280, RSI=0x000000001fc868f0, RDI=0x000000003099cfc0
R8 =0x000000001fc86050, R9 =0x0000000000000006, R10=0x0000000000000f60, R11=0x000000001f6fec20
R12=0x00007ffceb5ac220, R13=0x0000000000000000, R14=0x0000000000000e10, R15=0x000000001f6febb0
RIP=0x00007ffceab47471, EFLAGS=0x0000000000010207

Top of Stack: (sp=0x000000001f6fe970)
0x000000001f6fe970:   0000000000000000 0000000000000000
0x000000001f6fe980:   0710080000040671 0000000000000000
0x000000001f6fe990:   000000003099c1c0 00007ffceaec70c8
0x000000001f6fe9a0:   0000000000000e10 000000001f6fec20
0x000000001f6fe9b0:   000000001fc85af0 00007ffceafd3389
0x000000001f6fe9c0:   00007ffceb3128a8 00007ffceaec846a
0x000000001f6fe9d0:   000000001f6fead0 000000001f6feb70
0x000000001f6fe9e0:   0000000000000001 0000000030880000
0x000000001f6fe9f0:   0000000000000001 0000000000f883a0
0x000000001f6fea00:   000000002077cd10 000000001f6feb30
0x000000001f6fea10:   000000002077cd10 0000000000000000
0x000000001f6fea20:   0000000026f31200 0000000000000000
0x000000001f6fea30:   00000000205fc060 0000000026f31220
0x000000001f6fea40:   000000001f6feb00 00007ffcea9f3dfc
0x000000001f6fea50:   000000001f6feae0 0000000026f31220
0x000000001f6fea60:   0000000000000000 00000000205fc080 

Instructions: (pc=0x00007ffceab47471)
0x00007ffceab47451:   0f 38 2a 5a e0 66 0f 38 2a 52 f0 66 0f 38 2a 0a
0x00007ffceab47461:   4d 8d 40 40 66 0f 38 2a 42 10 66 41 0f 7f 58 a0
0x00007ffceab47471:   66 41 0f 7f 50 b0 48 8d 52 40 66 41 0f 7f 48 c0
0x00007ffceab47481:   66 41 0f 7f 40 d0 48 ff c9 75 c4 eb 5e 48 85 c9 


Register to memory mapping:

RAX=
[error occurred during error reporting (printing register info), id 0xc0000005]

Stack: [0x000000001f600000,0x000000001f700000],  sp=0x000000001f6fe970,  free space=1018k
Native frames: (J=compiled Java code, j=interpreted, Vv=VM code, C=native code)
C  [ig8icd64.dll+0x1b7471]
C  [ig8icd64.dll+0x5370c8]
C  [ig8icd64.dll+0x53846a]
C  [ig8icd64.dll+0x53cc5d]
C  [ig8icd64.dll+0x5622d8]
C  [ig8icd64.dll+0x56208f]
C  [ig8icd64.dll+0x3a3ad6]
C  [lwjgl_opengl.dll+0x107b9]
C  0x0000000002de7f74

Java frames: (J=compiled Java code, j=interpreted, Vv=VM code)
j  org.lwjgl.opengl.GL11.nglReadPixels(IIIIIIJ)V+0
j  org.lwjgl.opengl.GL11.glReadPixels(IIIIIILjava/nio/ByteBuffer;)V+13
j  game.Renderer.render(Lengine/Window;Lgraph/Camera;Lgraph/Camera;Lgraph/Camera;Lgraph/Camera;[Lengine/GameItem;)V+605
j  game.DummyGame.render(Lengine/Window;)V+25
j  engine.GameEngine.render()V+8
j  engine.GameEngine.gameLoop()V+46
j  engine.GameEngine.run()V+5
j  java.lang.Thread.run()V+11
v  ~StubRoutines::call_stub

---------------  P R O C E S S  ---------------

Java Threads: ( => current thread )
  0x000000001fba5800 
[error occurred during error reporting (printing all threads), id 0xc0000005]

VM state:not at safepoint (normal execution)

VM Mutex/Monitor currently owned by a thread: None

Heap:
 PSYoungGen      total 76288K, used 45724K [0x000000076b500000, 0x0000000770a00000, 0x00000007c0000000)
  eden space 65536K, 62% used [0x000000076b500000,0x000000076dd1c1c0,0x000000076f500000)
  from space 10752K, 43% used [0x000000076f500000,0x000000076f98ae98,0x000000076ff80000)
  to   space 10752K, 0% used [0x000000076ff80000,0x000000076ff80000,0x0000000770a00000)
 ParOldGen       total 175104K, used 16K [0x00000006c1e00000, 0x00000006cc900000, 0x000000076b500000)
  object space 175104K, 0% used [0x00000006c1e00000,0x00000006c1e04000,0x00000006cc900000)
 Metaspace       used 13744K, capacity 14069K, committed 14336K, reserved 1062912K
  class space    used 1399K, capacity 1517K, committed 1536K, reserved 1048576K

Card table byte_map: [0x0000000012190000,0x0000000012990000] byte_map_base: 0x000000000eb81000

Marking Bits: (ParMarkBitMap*) 0x00000000603fc720
 Begin Bits: [0x00000000136e0000, 0x0000000017668000)
 End Bits:   [0x0000000017668000, 0x000000001b5f0000)

Polling page: 0x0000000002a40000

CodeCache: size=245760Kb used=4216Kb max_used=4216Kb free=241543Kb
 bounds [0x0000000002dd0000, 0x0000000003200000, 0x0000000011dd0000]
 total_blobs=2252 nmethods=1136 adapters=1029
 compilation: enabled

Compilation events (10 events):
Event: 1.693 Thread 0x000000001e6f0000 1132       3       org.lwjgl.util.vector.Matrix::<init> (5 bytes)
Event: 1.694 Thread 0x000000001e6f0000 nmethod 1132 0x00000000031eb8d0 code [0x00000000031eba20, 0x00000000031ebbd0]
Event: 1.694 Thread 0x000000001e6f0000 1133       3       sun.awt.SunToolkit::postEvent (157 bytes)
Event: 1.697 Thread 0x000000001e6f0000 nmethod 1133 0x00000000031eccd0 code [0x00000000031ed0a0, 0x00000000031ef668]
Event: 1.697 Thread 0x000000001e6f0000 1136       3       java.nio.Buffer::nextPutIndex (31 bytes)
Event: 1.698 Thread 0x000000001e6f0000 nmethod 1136 0x00000000031eb410 code [0x00000000031eb580, 0x00000000031eb7e8]
Event: 1.698 Thread 0x000000001e6f0000 1135       3       java.util.ArrayList::toArray (60 bytes)
Event: 1.698 Thread 0x000000001e6f0000 nmethod 1135 0x00000000031f06d0 code [0x00000000031f0860, 0x00000000031f0e18]
Event: 1.698 Thread 0x000000001e6f0000 1134       3       sun.awt.AWTAccessor::getSequencedEventAccessor (4 bytes)
Event: 1.698 Thread 0x000000001e6f0000 nmethod 1134 0x00000000031f0f50 code [0x00000000031f10a0, 0x00000000031f11f0]

GC Heap History (2 events):
Event: 0.847 GC heap before
{Heap before GC invocations=1 (full 0):
 PSYoungGen      total 76288K, used 65536K [0x000000076b500000, 0x0000000770a00000, 0x00000007c0000000)
  eden space 65536K, 100% used [0x000000076b500000,0x000000076f500000,0x000000076f500000)
  from space 10752K, 0% used [0x000000076ff80000,0x000000076ff80000,0x0000000770a00000)
  to   space 10752K, 0% used [0x000000076f500000,0x000000076f500000,0x000000076ff80000)
 ParOldGen       total 175104K, used 0K [0x00000006c1e00000, 0x00000006cc900000, 0x000000076b500000)
  object space 175104K, 0% used [0x00000006c1e00000,0x00000006c1e00000,0x00000006cc900000)
 Metaspace       used 8659K, capacity 8931K, committed 9216K, reserved 1056768K
  class space    used 826K, capacity 919K, committed 1024K, reserved 1048576K
Event: 0.852 GC heap after
Heap after GC invocations=1 (full 0):
 PSYoungGen      total 76288K, used 4651K [0x000000076b500000, 0x0000000770a00000, 0x00000007c0000000)
  eden space 65536K, 0% used [0x000000076b500000,0x000000076b500000,0x000000076f500000)
  from space 10752K, 43% used [0x000000076f500000,0x000000076f98ae98,0x000000076ff80000)
  to   space 10752K, 0% used [0x000000076ff80000,0x000000076ff80000,0x0000000770a00000)
 ParOldGen       total 175104K, used 16K [0x00000006c1e00000, 0x00000006cc900000, 0x000000076b500000)
  object space 175104K, 0% used [0x00000006c1e00000,0x00000006c1e04000,0x00000006cc900000)
 Metaspace       used 8659K, capacity 8931K, committed 9216K, reserved 1056768K
  class space    used 826K, capacity 919K, committed 1024K, reserved 1048576K
}

Deoptimization events (10 events):
Event: 0.779 Thread 0x000000001ea65000 Uncommon trap: reason=array_check action=maybe_recompile pc=0x00000000030caf68 method=java.util.AbstractCollection.toArray([Ljava/lang/Object;)[Ljava/lang/Object; @ 119
Event: 0.782 Thread 0x000000001ea65000 Uncommon trap: reason=unstable_if action=reinterpret pc=0x00000000030c6a7c method=sun.misc.FloatingDecimal.readJavaFormatString(Ljava/lang/String;)Lsun/misc/FloatingDecimal$ASCIIToBinaryConverter; @ 396
Event: 0.789 Thread 0x000000001ea65000 Uncommon trap: reason=unstable_if action=reinterpret pc=0x00000000030bd4ec method=sun.misc.FloatingDecimal$ASCIIToBinaryBuffer.floatValue()F @ 65
Event: 1.368 Thread 0x000000001ea65000 Uncommon trap: reason=unstable_if action=reinterpret pc=0x00000000030c841c method=java.util.ArrayList$Itr.hasNext()Z @ 11
Event: 1.396 Thread 0x000000001ea65000 Uncommon trap: reason=unstable_if action=reinterpret pc=0x00000000030f9ccc method=sun.misc.FloatingDecimal$ASCIIToBinaryBuffer.floatValue()F @ 95
Event: 1.406 Thread 0x000000001ea65000 Uncommon trap: reason=unstable_if action=reinterpret pc=0x000000000306a384 method=java.util.HashMap.getNode(ILjava/lang/Object;)Ljava/util/HashMap$Node; @ 116
Event: 1.406 Thread 0x000000001ea65000 Uncommon trap: reason=unstable_if action=reinterpret pc=0x00000000030506c8 method=java.util.HashMap.getNode(ILjava/lang/Object;)Ljava/util/HashMap$Node; @ 116
Event: 1.416 Thread 0x000000001ea65000 Uncommon trap: reason=unstable_if action=reinterpret pc=0x0000000003052d80 method=java.lang.AbstractStringBuilder.append(Ljava/lang/String;)Ljava/lang/AbstractStringBuilder; @ 1
Event: 1.439 Thread 0x000000001ea65000 Uncommon trap: reason=class_check action=maybe_recompile pc=0x00000000030da79c method=java.util.AbstractCollection.toArray([Ljava/lang/Object;)[Ljava/lang/Object; @ 1
Event: 1.439 Thread 0x000000001ea65000 Uncommon trap: reason=class_check action=maybe_recompile pc=0x00000000030da79c method=java.util.AbstractCollection.toArray([Ljava/lang/Object;)[Ljava/lang/Object; @ 1

Internal exceptions (10 events):
Event: 0.146 Thread 0x000000001ea65000 Exception <a 'java/lang/NoSuchFieldError': method resolution failed> (0x000000076bb3f398) thrown at [C:\re\workspace\8-2-build-windows-amd64-cygwin\jdk8u131\8869\hotspot\src\share\vm\prims\methodHandles.cpp, line 1146]
Event: 0.185 Thread 0x000000001ea65000 Exception <a 'java/security/PrivilegedActionException'> (0x000000076bcb3ec8) thrown at [C:\re\workspace\8-2-build-windows-amd64-cygwin\jdk8u131\8869\hotspot\src\share\vm\prims\jvm.cpp, line 1390]
Event: 0.185 Thread 0x000000001ea65000 Exception <a 'java/security/PrivilegedActionException'> (0x000000076bcb40d8) thrown at [C:\re\workspace\8-2-build-windows-amd64-cygwin\jdk8u131\8869\hotspot\src\share\vm\prims\jvm.cpp, line 1390]
Event: 0.185 Thread 0x000000001ea65000 Exception <a 'java/security/PrivilegedActionException'> (0x000000076bcb7f30) thrown at [C:\re\workspace\8-2-build-windows-amd64-cygwin\jdk8u131\8869\hotspot\src\share\vm\prims\jvm.cpp, line 1390]
Event: 0.185 Thread 0x000000001ea65000 Exception <a 'java/security/PrivilegedActionException'> (0x000000076bcb8140) thrown at [C:\re\workspace\8-2-build-windows-amd64-cygwin\jdk8u131\8869\hotspot\src\share\vm\prims\jvm.cpp, line 1390]
Event: 0.584 Thread 0x000000001ea65000 Exception <a 'sun/nio/fs/WindowsException'> (0x000000076be7de48) thrown at [C:\re\workspace\8-2-build-windows-amd64-cygwin\jdk8u131\8869\hotspot\src\share\vm\prims\jni.cpp, line 709]
Event: 0.584 Thread 0x000000001ea65000 Exception <a 'sun/nio/fs/WindowsException'> (0x000000076be7e630) thrown at [C:\re\workspace\8-2-build-windows-amd64-cygwin\jdk8u131\8869\hotspot\src\share\vm\prims\jni.cpp, line 709]
Event: 1.375 Thread 0x000000001ea65000 Exception <a 'java/io/FileNotFoundException'> (0x000000076c61bcf0) thrown at [C:\re\workspace\8-2-build-windows-amd64-cygwin\jdk8u131\8869\hotspot\src\share\vm\prims\jni.cpp, line 709]
Event: 1.397 Thread 0x000000001ea65000 Exception <a 'java/io/FileNotFoundException'> (0x000000076c64aac0) thrown at [C:\re\workspace\8-2-build-windows-amd64-cygwin\jdk8u131\8869\hotspot\src\share\vm\prims\jni.cpp, line 709]
Event: 1.416 Thread 0x000000001ea65000 Implicit null exception at 0x0000000003052994 to 0x0000000003052d69

Events (10 events):
Event: 1.487 loading class sun/reflect/Label
Event: 1.487 loading class sun/reflect/Label done
Event: 1.487 loading class sun/reflect/Label$PatchInfo
Event: 1.487 loading class sun/reflect/Label$PatchInfo done
Event: 1.487 loading class sun/reflect/MethodAccessorGenerator$1
Event: 1.487 loading class sun/reflect/MethodAccessorGenerator$1 done
Event: 1.487 loading class sun/reflect/ClassDefiner
Event: 1.487 loading class sun/reflect/ClassDefiner done
Event: 1.487 loading class sun/reflect/ClassDefiner$1
Event: 1.487 loading class sun/reflect/ClassDefiner$1 done


Dynamic libraries:
0x00007ff7b48c0000 - 0x00007ff7b48f7000 	C:\Program Files\Java\jre1.8.0_131\bin\javaw.exe
0x00007ffd1d530000 - 0x00007ffd1d702000 	C:\WINDOWS\SYSTEM32\ntdll.dll
0x00007ffd1d360000 - 0x00007ffd1d40c000 	C:\WINDOWS\System32\KERNEL32.DLL
0x00007ffd19a30000 - 0x00007ffd19c4d000 	C:\WINDOWS\System32\KERNELBASE.dll
0x00007ffd1d410000 - 0x00007ffd1d4b2000 	C:\WINDOWS\System32\ADVAPI32.dll
0x00007ffd1c8b0000 - 0x00007ffd1c94e000 	C:\WINDOWS\System32\msvcrt.dll
0x00007ffd1ab20000 - 0x00007ffd1ab79000 	C:\WINDOWS\System32\sechost.dll
0x00007ffd1ab80000 - 0x00007ffd1aca1000 	C:\WINDOWS\System32\RPCRT4.dll
0x00007ffd1cfe0000 - 0x00007ffd1d145000 	C:\WINDOWS\System32\USER32.dll
0x00007ffd1a200000 - 0x00007ffd1a21e000 	C:\WINDOWS\System32\win32u.dll
0x00007ffd1c870000 - 0x00007ffd1c8a4000 	C:\WINDOWS\System32\GDI32.dll
0x00007ffd19f70000 - 0x00007ffd1a0f0000 	C:\WINDOWS\System32\gdi32full.dll
0x00007ffd0f320000 - 0x00007ffd0f59a000 	C:\WINDOWS\WinSxS\amd64_microsoft.windows.common-controls_6595b64144ccf1df_6.0.14393.953_none_42151e83c686086b\COMCTL32.dll
0x00007ffd1c5a0000 - 0x00007ffd1c868000 	C:\WINDOWS\System32\combase.dll
0x00007ffd19e70000 - 0x00007ffd19f65000 	C:\WINDOWS\System32\ucrtbase.dll
0x00007ffd1a9a0000 - 0x00007ffd1aa0a000 	C:\WINDOWS\System32\bcryptPrimitives.dll
0x00007ffd1c4d0000 - 0x00007ffd1c4fe000 	C:\WINDOWS\System32\IMM32.DLL
0x000000005f930000 - 0x000000005fa02000 	C:\Program Files\Java\jre1.8.0_131\bin\msvcr100.dll
0x000000005fbe0000 - 0x000000006047c000 	C:\Program Files\Java\jre1.8.0_131\bin\server\jvm.dll
0x00007ffd1d4c0000 - 0x00007ffd1d4c8000 	C:\WINDOWS\System32\PSAPI.DLL
0x00007ffd09940000 - 0x00007ffd09949000 	C:\WINDOWS\SYSTEM32\WSOCK32.dll
0x00007ffd17e10000 - 0x00007ffd17e33000 	C:\WINDOWS\SYSTEM32\WINMM.dll
0x00007ffd10f50000 - 0x00007ffd10f5a000 	C:\WINDOWS\SYSTEM32\VERSION.dll
0x00007ffd1ce60000 - 0x00007ffd1ceca000 	C:\WINDOWS\System32\WS2_32.dll
0x0000000002a70000 - 0x0000000002a9b000 	C:\WINDOWS\SYSTEM32\WINMMBASE.dll
0x00007ffd19c50000 - 0x00007ffd19c92000 	C:\WINDOWS\System32\cfgmgr32.dll
0x0000000060520000 - 0x000000006052f000 	C:\Program Files\Java\jre1.8.0_131\bin\verify.dll
0x000000005fad0000 - 0x000000005faf9000 	C:\Program Files\Java\jre1.8.0_131\bin\java.dll
0x000000005fab0000 - 0x000000005fac6000 	C:\Program Files\Java\jre1.8.0_131\bin\zip.dll
0x00007ffd1acb0000 - 0x00007ffd1c1b8000 	C:\WINDOWS\System32\SHELL32.dll
0x00007ffd1a2c0000 - 0x00007ffd1a998000 	C:\WINDOWS\System32\windows.storage.dll
0x00007ffd199d0000 - 0x00007ffd19a1c000 	C:\WINDOWS\System32\powrprof.dll
0x00007ffd1c470000 - 0x00007ffd1c4c2000 	C:\WINDOWS\System32\shlwapi.dll
0x00007ffd19a20000 - 0x00007ffd19a2f000 	C:\WINDOWS\System32\kernel.appcore.dll
0x00007ffd1aa10000 - 0x00007ffd1aab9000 	C:\WINDOWS\System32\shcore.dll
0x00007ffd199b0000 - 0x00007ffd199c4000 	C:\WINDOWS\System32\profapi.dll
0x000000005fa90000 - 0x000000005faaa000 	C:\Program Files\Java\jre1.8.0_131\bin\net.dll
0x00007ffd192d0000 - 0x00007ffd1932c000 	C:\WINDOWS\system32\mswsock.dll
0x000000005fa70000 - 0x000000005fa81000 	C:\Program Files\Java\jre1.8.0_131\bin\nio.dll
0x00007ffd0a850000 - 0x00007ffd0a8a8000 	C:\Users\simon\AppData\Local\Temp\lwjglsimon\3.1.3-SNAPSHOT\lwjgl.dll
0x00007ffd0a800000 - 0x00007ffd0a84d000 	C:\Users\simon\AppData\Local\Temp\lwjglsimon\3.1.3-SNAPSHOT\glfw.dll
0x00007ffd18150000 - 0x00007ffd181e5000 	C:\WINDOWS\system32\uxtheme.dll
0x00007ffd0a490000 - 0x00007ffd0a4d0000 	C:\WINDOWS\SYSTEM32\dinput8.dll
0x00007ffd13070000 - 0x00007ffd1307e000 	C:\WINDOWS\SYSTEM32\xinput1_4.dll
0x00007ffd18780000 - 0x00007ffd187a8000 	C:\WINDOWS\SYSTEM32\DEVOBJ.dll
0x00007ffd17ae0000 - 0x00007ffd17b06000 	C:\WINDOWS\SYSTEM32\dwmapi.dll
0x00007ffd1c310000 - 0x00007ffd1c46a000 	C:\WINDOWS\System32\MSCTF.dll
0x00007ffd1c950000 - 0x00007ffd1ca0f000 	C:\WINDOWS\System32\OLEAUT32.dll
0x00007ffd1a220000 - 0x00007ffd1a2bc000 	C:\WINDOWS\System32\msvcp_win.dll
0x00007ffcd95a0000 - 0x00007ffcd95d5000 	C:\Program Files\Nahimic\NahimicMSI\UserInterface\x64\NahimicMSIDevProps.dll
0x00007ffd1c1d0000 - 0x00007ffd1c308000 	C:\WINDOWS\System32\ole32.dll
0x00007ffcd95e0000 - 0x00007ffcd962d000 	C:\Program Files\Nahimic\NahimicMSI\UserInterface\x64\NahimicMSIOSD.dll
0x00007ffd189a0000 - 0x00007ffd189ac000 	C:\WINDOWS\SYSTEM32\HID.DLL
0x00007ffd1c500000 - 0x00007ffd1c59f000 	C:\WINDOWS\System32\clbcatq.dll
0x00007ffd16720000 - 0x00007ffd16791000 	C:\WINDOWS\System32\MMDevApi.dll
0x00007ffd17150000 - 0x00007ffd172d5000 	C:\WINDOWS\System32\PROPSYS.dll
0x00007ffcf51c0000 - 0x00007ffcf5254000 	C:\WINDOWS\SYSTEM32\AUDIOSES.DLL
0x00007ffd164d0000 - 0x00007ffd16606000 	C:\WINDOWS\SYSTEM32\wintypes.dll
0x00007ffd1ca30000 - 0x00007ffd1ce59000 	C:\WINDOWS\System32\SETUPAPI.DLL
0x00007ffd1a0f0000 - 0x00007ffd1a145000 	C:\WINDOWS\System32\WINTRUST.dll
0x00007ffd199a0000 - 0x00007ffd199b0000 	C:\WINDOWS\System32\MSASN1.dll
0x00007ffd19ca0000 - 0x00007ffd19e69000 	C:\WINDOWS\System32\CRYPT32.dll
0x00007ffcff030000 - 0x00007ffcff153000 	C:\WINDOWS\SYSTEM32\opengl32.dll
0x00007ffcfef30000 - 0x00007ffcff027000 	C:\WINDOWS\SYSTEM32\DDRAW.dll
0x00007ffcff3a0000 - 0x00007ffcff3cd000 	C:\WINDOWS\SYSTEM32\GLU32.dll
0x00007ffcff390000 - 0x00007ffcff398000 	C:\WINDOWS\SYSTEM32\DCIMAN32.dll
0x00007ffcea990000 - 0x00007ffceb6a7000 	C:\WINDOWS\SYSTEM32\ig8icd64.dll
0x00007ffd0fdf0000 - 0x00007ffd10830000 	C:\WINDOWS\SYSTEM32\igdusc64.dll
0x00007ffd17090000 - 0x00007ffd170a3000 	C:\WINDOWS\SYSTEM32\WTSAPI32.dll
0x00007ffce61c0000 - 0x00007ffce634d000 	C:\WINDOWS\SYSTEM32\d3d9.dll
0x00007ffd05a00000 - 0x00007ffd05a5f000 	C:\Users\simon\AppData\Local\Temp\lwjglsimon\3.1.3-SNAPSHOT\lwjgl_opengl.dll
0x00007ffccace0000 - 0x00007ffcce955000 	D:\Downloads\opencv\build\java\x64\opencv_java330.dll
0x00007ffd10ed0000 - 0x00007ffd10ef9000 	C:\WINDOWS\SYSTEM32\MSVFW32.dll
0x00007ffd114d0000 - 0x00007ffd114e8000 	C:\WINDOWS\SYSTEM32\AVICAP32.dll
0x00007ffd11030000 - 0x00007ffd11050000 	C:\WINDOWS\SYSTEM32\AVIFIL32.dll
0x00007ffcd96d0000 - 0x00007ffcd96ec000 	C:\WINDOWS\SYSTEM32\MSACM32.dll
0x00007ffcf5410000 - 0x00007ffcf5491000 	C:\WINDOWS\SYSTEM32\OpenCL.dll
0x00007ffce9f70000 - 0x00007ffcea98e000 	C:\WINDOWS\System32\nvopencl.dll
0x00007ffcf5350000 - 0x00007ffcf5403000 	C:\WINDOWS\SYSTEM32\nvfatbinaryLoader.dll
0x00007ffd06a90000 - 0x00007ffd06eb9000 	C:\WINDOWS\system32\nvapi64.dll
0x00007ffd18a40000 - 0x00007ffd18adf000 	C:\WINDOWS\SYSTEM32\dxgi.dll
0x00007ffcf4ef0000 - 0x00007ffcf4f57000 	C:\WINDOWS\SYSTEM32\IntelOpenCL64.dll
0x00007ffcee2c0000 - 0x00007ffcee482000 	C:\Program Files (x86)\Common Files\Intel\OpenCL\bin\x64\intelocl64.dll
0x00007ffcf4890000 - 0x00007ffcf492d000 	C:\Program Files (x86)\Common Files\Intel\OpenCL\bin\x64\task_executor64.dll
0x00007ffcf1a50000 - 0x00007ffcf1b28000 	C:\Program Files (x86)\Common Files\Intel\OpenCL\bin\x64\cpu_device64.dll
0x00007ffcedc80000 - 0x00007ffcee141000 	C:\WINDOWS\SYSTEM32\igdrcl64.dll
0x00007ffcf4380000 - 0x00007ffcf43c3000 	C:\WINDOWS\SYSTEM32\igdfcl64.dll
0x00007ffce99f0000 - 0x00007ffce9f67000 	C:\WINDOWS\SYSTEM32\igdmcl64.dll
0x00007ffd08ea0000 - 0x00007ffd09032000 	C:\WINDOWS\SYSTEM32\dbghelp.dll
0x00007ffcf19e0000 - 0x00007ffcf1a4d000 	C:\WINDOWS\SYSTEM32\igdbcl64.dll
0x000000005f790000 - 0x000000005f928000 	C:\Program Files\Java\jre1.8.0_131\bin\awt.dll
0x00007ffd17bd0000 - 0x00007ffd17c4a000 	C:\WINDOWS\SYSTEM32\apphelp.dll
0x000000005f740000 - 0x000000005f787000 	C:\Program Files\Java\jre1.8.0_131\bin\fontmanager.dll
0x000000005f6f0000 - 0x000000005f732000 	C:\Program Files\Java\jre1.8.0_131\bin\t2k.dll

VM Arguments:
jvm_args: -Djava.library.path=D:\Downloads\opencv\build\java\x64 -Dfile.encoding=Cp1252 
java_command: game.Main
java_class_path (initial): C:\Users\simon\git\PenO-Testbed-poging-3\bin;D:\Downloads\lwjgl-release-3.1.3-custom\lwjgl.jar;D:\Downloads\lwjgl-release-3.1.3-custom\lwjgl-assimp.jar;D:\Downloads\lwjgl-release-3.1.3-custom\lwjgl-assimp-natives-windows.jar;D:\Downloads\lwjgl-release-3.1.3-custom\lwjgl-bgfx.jar;D:\Downloads\lwjgl-release-3.1.3-custom\lwjgl-bgfx-natives-windows.jar;D:\Downloads\lwjgl-release-3.1.3-custom\lwjgl-egl.jar;D:\Downloads\lwjgl-release-3.1.3-custom\lwjgl-glfw.jar;D:\Downloads\lwjgl-release-3.1.3-custom\lwjgl-glfw-natives-windows.jar;D:\Downloads\lwjgl-release-3.1.3-custom\lwjgl-jawt.jar;D:\Downloads\lwjgl-release-3.1.3-custom\lwjgl-jemalloc.jar;D:\Downloads\lwjgl-release-3.1.3-custom\lwjgl-jemalloc-natives-windows.jar;D:\Downloads\lwjgl-release-3.1.3-custom\lwjgl-lmdb.jar;D:\Downloads\lwjgl-release-3.1.3-custom\lwjgl-lmdb-natives-windows.jar;D:\Downloads\lwjgl-release-3.1.3-custom\lwjgl-nanovg.jar;D:\Downloads\lwjgl-release-3.1.3-custom\lwjgl-nanovg-natives-windows.jar;D:\Downloads\lwjgl-release-3.1.3-custom\lwjgl-natives-windows.jar;D:\Downloads\lwjgl-release-3.1.3-custom\lwjgl-nfd.jar;D:\Downloads\lwjgl-release-3.1.3-custom\lwjgl-nfd-natives-windows.jar;D:\Downloads\lwjgl-release-3.1.3-custom\lwjgl-nuklear.jar;D:\Downloads\lwjgl-release-3.1.3-custom\lwjgl-nuklear-natives-windows.jar;D:\Downloads\lwjgl-release-3.1.3-custom\lwjgl-openal.jar;D:\Downloads\lwjgl-release-3.1.3-custom\lwjgl-openal-natives-windows.jar;D:\Downloads\lwjgl-release-3.1.3-custom\lwjgl-opencl.jar;D:\Downloads\lwjgl-release-3.1.3-custom\lwjgl-opengl.jar;D:\Downloads\lwjgl-release-3.1.3-custom\lwjgl-opengles.jar;D:\Downloads\lwjgl-release-3.1.3-custom\lwjgl-opengles-natives-windows.jar;D:\Downloads\lwjgl-release-3.1.3-custom\lwjgl-opengl-natives-windows.jar;D:\Downloads\lwjgl-release-3.1.3-custom\lwjgl-openvr.jar;D:\Downloads\lwjgl-release-3.1.3-custom\lwjgl-openvr-natives-windows.jar;D:\Downloads\lwjgl-release-3.1.3-custom\lwjgl-ovr.jar;D:\Downloads\lwjgl-release-3.1.3-custo
Launcher Type: SUN_STANDARD

Environment Variables:
PATH=C:/Program Files/Java/jre1.8.0_131/bin/server;C:/Program Files/Java/jre1.8.0_131/bin;C:/Program Files/Java/jre1.8.0_131/lib/amd64;C:\ProgramData\Oracle\Java\javapath;C:\Program Files (x86)\Intel\iCLS Client\;C:\Program Files\Intel\iCLS Client\;C:\Windows\system32;C:\Windows;C:\Windows\System32\Wbem;C:\Windows\System32\WindowsPowerShell\v1.0\;C:\Program Files\Intel\WiFi\bin\;C:\Program Files\Common Files\Intel\WirelessCommon\;C:\Program Files (x86)\Intel\Intel(R) Management Engine Components\DAL;C:\Program Files\Intel\Intel(R) Management Engine Components\DAL;C:\Program Files (x86)\Intel\Intel(R) Management Engine Components\IPT;C:\Program Files\Intel\Intel(R) Management Engine Components\IPT;C:\Program Files (x86)\NVIDIA Corporation\PhysX\Common;C:\Program Files\MATLAB\R2015b\runtime\win64;C:\Program Files\MATLAB\R2015b\bin;C:\WINDOWS\system32;C:\WINDOWS;C:\WINDOWS\System32\Wbem;C:\WINDOWS\System32\WindowsPowerShell\v1.0\;C:\Program Files (x86)\Skype\Phone\;C:\Program Files\Git\cmd;C:\Users\simon\AppData\Local\Microsoft\WindowsApps;C:\texlive\2016\bin\win32;C:\Python27;C:\pypy2-v5.6.0-win32;C:\WINDOWS\system32;
USERNAME=simon
OS=Windows_NT
PROCESSOR_IDENTIFIER=Intel64 Family 6 Model 71 Stepping 1, GenuineIntel



---------------  S Y S T E M  ---------------

OS: