#
# A fatal error has been detected by the Java Runtime Environment:
#
#  EXCEPTION_ACCESS_VIOLATION (0xc0000005) at pc=0x00007ffa4f39f46d, pid=7068, tid=0x00000000000028dc
#
# JRE version: Java(TM) SE Runtime Environment (8.0_131-b11) (build 1.8.0_131-b11)
# Java VM: Java HotSpot(TM) 64-Bit Server VM (25.131-b11 mixed mode windows-amd64 compressed oops)
# Problematic frame:
# C  [lwjgl_opengl.dll+0xf46d]
#
# Failed to write core dump. Minidumps are not enabled by default on client versions of Windows
#
# If you would like to submit a bug report, please visit:
#   http://bugreport.java.com/bugreport/crash.jsp
# The crash happened outside the Java Virtual Machine in native code.
# See problematic frame for where to report the bug.
#

---------------  T H R E A D  ---------------

Current thread (0x0000000004f1e800):  JavaThread "main" [_thread_in_native, id=10460, stack(0x0000000004f20000,0x0000000005020000)]

siginfo: ExceptionCode=0xc0000005, reading address 0x0000000000000f58

Registers:
RAX=0x0000000051bd0d50, RBX=0x000000001e64e340, RCX=0x0000000000000001, RDX=0x0000000021c06f1c
RSP=0x000000000501f488, RBP=0x000000000501f508, RSI=0x0000000000000188, RDI=0x0000000005127e70
R8 =0x0000000000000001, R9 =0x0000000021c06f1c, R10=0x0000000000000000, R11=0x000000005165bd80
R12=0x0000000000000000, R13=0x000000001e64e340, R14=0x000000000501f538, R15=0x0000000004f1e800
RIP=0x00007ffa4f39f46d, EFLAGS=0x0000000000010202

Top of Stack: (sp=0x000000000501f488)
0x000000000501f488:   0000000005137f74 0000000005127e70
0x000000000501f498:   0000000005137ceb 0000000004f1e800
0x000000000501f4a8:   000000001e64e340 0000000000000188
0x000000000501f4b8:   0000000004f1e800 0000000005137ca2
0x000000000501f4c8:   000000000501f4c8 000000001e64e340
0x000000000501f4d8:   000000000501f538 000000001e679428
0x000000000501f4e8:   0000000000000000 000000001e64e340
0x000000000501f4f8:   0000000000000000 000000000501f528
0x000000000501f508:   000000000501f580 000000000512835d
0x000000000501f518:   000000076bb4dc68 00000000051319d8
0x000000000501f528:   0000000021c06f1c 000000076bd5c978
0x000000000501f538:   0000000000000001 000000000501f540
0x000000000501f548:   000000001e64e4b4 000000000501f5b0
0x000000000501f558:   000000001e679428 0000000000000000
0x000000000501f568:   000000001e64e520 000000000501f528
0x000000000501f578:   000000000501f5c0 000000000501f768 

Instructions: (pc=0x00007ffa4f39f46d)
0x00007ffa4f39f44d:   00 41 8b c8 48 ff e0 cc cc cc cc cc cc cc cc cc
0x00007ffa4f39f45d:   cc cc cc 48 8b 01 49 8b d1 41 8b c8 4c 8b 50 18
0x00007ffa4f39f46d:   49 ff a2 58 0f 00 00 cc cc cc cc cc cc cc cc cc
0x00007ffa4f39f47d:   cc cc cc 48 8b 01 49 8b d1 41 8b c8 4c 8b 50 18 


Register to memory mapping:

RAX=0x0000000051bd0d50 is an unknown value
RBX={method} {0x000000001e64e348} 'nglGenTextures' '(IJ)V' in 'org/lwjgl/opengl/GL11'
RCX=0x0000000000000001 is an unknown value
RDX=0x0000000021c06f1c is an unknown value
RSP=0x000000000501f488 is pointing into the stack for thread: 0x0000000004f1e800
RBP=0x000000000501f508 is pointing into the stack for thread: 0x0000000004f1e800
RSI=0x0000000000000188 is an unknown value
RDI=0x0000000005127e70 is at code_begin+1040 in an Interpreter codelet
invoke return entry points  [0x0000000005127a60, 0x0000000005128440]  2528 bytes
R8 =0x0000000000000001 is an unknown value
R9 =0x0000000021c06f1c is an unknown value
R10=0x0000000000000000 is an unknown value
R11=0x000000005165bd80 is an unknown value
R12=0x0000000000000000 is an unknown value
R13={method} {0x000000001e64e348} 'nglGenTextures' '(IJ)V' in 'org/lwjgl/opengl/GL11'
R14=0x000000000501f538 is pointing into the stack for thread: 0x0000000004f1e800
R15=0x0000000004f1e800 is a thread


Stack: [0x0000000004f20000,0x0000000005020000],  sp=0x000000000501f488,  free space=1021k
Native frames: (J=compiled Java code, j=interpreted, Vv=VM code, C=native code)
C  [lwjgl_opengl.dll+0xf46d]

Java frames: (J=compiled Java code, j=interpreted, Vv=VM code)
j  org.lwjgl.opengl.GL11.nglGenTextures(IJ)V+0
j  org.lwjgl.opengl.GL11.glGenTextures()I+20
J 346% C1 graph.Texture.<init>(Ljava/lang/String;)V (283 bytes) @ 0x00000000052eb7c4 [0x00000000052eaa60+0xd64]
j  game.Airport.<init>(FFFFFI)V+11
j  game.Airport.main([Ljava/lang/String;)V+15
v  ~StubRoutines::call_stub

---------------  P R O C E S S  ---------------

Java Threads: ( => current thread )
  0x0000000021abf800 JavaThread "Java2D Disposer" daemon [_thread_blocked, id=3060, stack(0x0000000022490000,0x0000000022590000)]
  0x0000000020aaf800 JavaThread "Service Thread" daemon [_thread_blocked, id=15668, stack(0x0000000021600000,0x0000000021700000)]
  0x0000000020a29000 JavaThread "C1 CompilerThread3" daemon [_thread_blocked, id=5412, stack(0x0000000021500000,0x0000000021600000)]
  0x0000000020a23800 JavaThread "C2 CompilerThread2" daemon [_thread_blocked, id=15376, stack(0x0000000021400000,0x0000000021500000)]
  0x0000000020a1d800 JavaThread "C2 CompilerThread1" daemon [_thread_blocked, id=12136, stack(0x0000000021300000,0x0000000021400000)]
  0x0000000020a1a000 JavaThread "C2 CompilerThread0" daemon [_thread_blocked, id=16264, stack(0x0000000021200000,0x0000000021300000)]
  0x0000000020a18000 JavaThread "Attach Listener" daemon [_thread_blocked, id=15632, stack(0x0000000021100000,0x0000000021200000)]
  0x0000000020a17000 JavaThread "Signal Dispatcher" daemon [_thread_blocked, id=2636, stack(0x0000000021000000,0x0000000021100000)]
  0x0000000005118800 JavaThread "Finalizer" daemon [_thread_blocked, id=15596, stack(0x0000000020df0000,0x0000000020ef0000)]
  0x0000000005115000 JavaThread "Reference Handler" daemon [_thread_blocked, id=6344, stack(0x00000000208f0000,0x00000000209f0000)]
=>0x0000000004f1e800 JavaThread "main" [_thread_in_native, id=10460, stack(0x0000000004f20000,0x0000000005020000)]

Other Threads:
  0x000000001eb29800 VMThread [stack: 0x00000000207f0000,0x00000000208f0000] [id=9796]
  0x0000000020aca000 WatcherThread [stack: 0x0000000021850000,0x0000000021950000] [id=9480]

VM state:not at safepoint (normal execution)

VM Mutex/Monitor currently owned by a thread: None

Heap:
 PSYoungGen      total 76288K, used 9390K [0x000000076b500000, 0x0000000770a00000, 0x00000007c0000000)
  eden space 65536K, 14% used [0x000000076b500000,0x000000076be2ba88,0x000000076f500000)
  from space 10752K, 0% used [0x000000076ff80000,0x000000076ff80000,0x0000000770a00000)
  to   space 10752K, 0% used [0x000000076f500000,0x000000076f500000,0x000000076ff80000)
 ParOldGen       total 175104K, used 0K [0x00000006c1e00000, 0x00000006cc900000, 0x000000076b500000)
  object space 175104K, 0% used [0x00000006c1e00000,0x00000006c1e00000,0x00000006cc900000)
 Metaspace       used 7275K, capacity 7476K, committed 7680K, reserved 1056768K
  class space    used 825K, capacity 901K, committed 1024K, reserved 1048576K

Card table byte_map: [0x00000000144e0000,0x0000000014ce0000] byte_map_base: 0x0000000010ed1000

Marking Bits: (ParMarkBitMap*) 0x0000000051c4c720
 Begin Bits: [0x0000000015a30000, 0x00000000199b8000)
 End Bits:   [0x00000000199b8000, 0x000000001d940000)

Polling page: 0x0000000000df0000

CodeCache: size=245760Kb used=2246Kb max_used=2246Kb free=243513Kb
 bounds [0x0000000005120000, 0x0000000005390000, 0x0000000014120000]
 total_blobs=869 nmethods=487 adapters=295
 compilation: enabled

Compilation events (10 events):
Event: 0.331 Thread 0x0000000020a29000  483       1       java.util.zip.ZStreamRef::address (5 bytes)
Event: 0.331 Thread 0x0000000020a29000 nmethod 483 0x0000000005351210 code [0x0000000005351360, 0x0000000005351470]
Event: 0.331 Thread 0x0000000020a29000  481       1       sun.misc.URLClassPath$JarLoader::access$700 (5 bytes)
Event: 0.331 Thread 0x0000000020a29000 nmethod 481 0x00000000053514d0 code [0x0000000005351620, 0x0000000005351710]
Event: 0.333 Thread 0x0000000020a29000  484       1       sun.misc.URLClassPath$JarLoader::access$600 (5 bytes)
Event: 0.333 Thread 0x0000000020a29000 nmethod 484 0x0000000005351790 code [0x00000000053518e0, 0x00000000053519d0]
Event: 0.336 Thread 0x0000000020a29000  486       3       java.util.WeakHashMap::maskNull (12 bytes)
Event: 0.336 Thread 0x0000000020a29000 nmethod 486 0x0000000005351dd0 code [0x0000000005351f20, 0x00000000053520b0]
Event: 0.336 Thread 0x0000000020a29000  487       3       java.util.WeakHashMap::hash (28 bytes)
Event: 0.336 Thread 0x0000000020a29000 nmethod 487 0x0000000005352110 code [0x0000000005352280, 0x00000000053524c8]

GC Heap History (0 events):
No events

Deoptimization events (1 events):
Event: 0.291 Thread 0x0000000004f1e800 Uncommon trap: reason=unstable_if action=reinterpret pc=0x00000000052f6264 method=java.lang.String.indexOf([CII[CIII)I @ 134

Internal exceptions (10 events):
Event: 0.084 Thread 0x0000000004f1e800 Exception <a 'java/security/PrivilegedActionException'> (0x000000076b5afaa0) thrown at [C:\re\workspace\8-2-build-windows-amd64-cygwin\jdk8u131\8869\hotspot\src\share\vm\prims\jvm.cpp, line 1390]
Event: 0.084 Thread 0x0000000004f1e800 Exception <a 'java/security/PrivilegedActionException'> (0x000000076b5afe98) thrown at [C:\re\workspace\8-2-build-windows-amd64-cygwin\jdk8u131\8869\hotspot\src\share\vm\prims\jvm.cpp, line 1390]
Event: 0.084 Thread 0x0000000004f1e800 Exception <a 'java/security/PrivilegedActionException'> (0x000000076b5b3cf0) thrown at [C:\re\workspace\8-2-build-windows-amd64-cygwin\jdk8u131\8869\hotspot\src\share\vm\prims\jvm.cpp, line 1390]
Event: 0.084 Thread 0x0000000004f1e800 Exception <a 'java/security/PrivilegedActionException'> (0x000000076b5b40e8) thrown at [C:\re\workspace\8-2-build-windows-amd64-cygwin\jdk8u131\8869\hotspot\src\share\vm\prims\jvm.cpp, line 1390]
Event: 0.111 Thread 0x0000000004f1e800 Exception <a 'java/io/FileNotFoundException'> (0x000000076b816bd0) thrown at [C:\re\workspace\8-2-build-windows-amd64-cygwin\jdk8u131\8869\hotspot\src\share\vm\prims\jni.cpp, line 709]
Event: 0.134 Thread 0x0000000004f1e800 Exception <a 'java/lang/NoSuchFieldError': method resolution failed> (0x000000076b8e4470) thrown at [C:\re\workspace\8-2-build-windows-amd64-cygwin\jdk8u131\8869\hotspot\src\share\vm\prims\methodHandles.cpp, line 1146]
Event: 0.136 Thread 0x0000000004f1e800 Exception <a 'java/lang/NoSuchFieldError': method resolution failed> (0x000000076b8f1c10) thrown at [C:\re\workspace\8-2-build-windows-amd64-cygwin\jdk8u131\8869\hotspot\src\share\vm\prims\methodHandles.cpp, line 1146]
Event: 0.291 Thread 0x0000000004f1e800 Exception <a 'java/lang/NoSuchMethodError': java.lang.Object.lambda$static$0(Ljava/lang/String;)Ljava/lang/Boolean;> (0x000000076bc29f60) thrown at [C:\re\workspace\8-2-build-windows-amd64-cygwin\jdk8u131\8869\hotspot\src\share\vm\interpreter\linkResolver
Event: 0.323 Thread 0x0000000004f1e800 Exception <a 'sun/nio/fs/WindowsException'> (0x000000076bcd6fd8) thrown at [C:\re\workspace\8-2-build-windows-amd64-cygwin\jdk8u131\8869\hotspot\src\share\vm\prims\jni.cpp, line 709]
Event: 0.324 Thread 0x0000000004f1e800 Exception <a 'sun/nio/fs/WindowsException'> (0x000000076bcd75d0) thrown at [C:\re\workspace\8-2-build-windows-amd64-cygwin\jdk8u131\8869\hotspot\src\share\vm\prims\jni.cpp, line 709]

Events (10 events):
Event: 0.331 loading class org/lwjgl/system/jni/JNINativeInterface
Event: 0.332 loading class org/lwjgl/system/jni/JNINativeInterface done
Event: 0.333 loading class org/lwjgl/system/windows/WinBase
Event: 0.333 loading class org/lwjgl/system/windows/WinBase done
Event: 0.335 loading class org/lwjgl/opengl/GL$1
Event: 0.335 loading class org/lwjgl/opengl/GL$1 done
Event: 0.336 loading class org/lwjgl/opengl/GL$SharedLibraryGL
Event: 0.336 loading class org/lwjgl/opengl/GL$SharedLibraryGL done
Event: 0.336 loading class org/lwjgl/system/SharedLibrary$Delegate
Event: 0.336 loading class org/lwjgl/system/SharedLibrary$Delegate done


Dynamic libraries:
0x00007ff771b70000 - 0x00007ff771ba7000 	C:\Program Files\Java\jre1.8.0_131\bin\javaw.exe
0x00007ffa660a0000 - 0x00007ffa66280000 	C:\WINDOWS\SYSTEM32\ntdll.dll
0x00007ffa65fc0000 - 0x00007ffa6606e000 	C:\WINDOWS\System32\KERNEL32.DLL
0x00007ffa62650000 - 0x00007ffa628b6000 	C:\WINDOWS\System32\KERNELBASE.dll
0x00007ffa65b90000 - 0x00007ffa65c31000 	C:\WINDOWS\System32\ADVAPI32.dll
0x00007ffa63690000 - 0x00007ffa6372d000 	C:\WINDOWS\System32\msvcrt.dll
0x00007ffa65660000 - 0x00007ffa656bb000 	C:\WINDOWS\System32\sechost.dll
0x00007ffa65a70000 - 0x00007ffa65b8f000 	C:\WINDOWS\System32\RPCRT4.dll
0x00007ffa63740000 - 0x00007ffa638cf000 	C:\WINDOWS\System32\USER32.dll
0x00007ffa63500000 - 0x00007ffa63520000 	C:\WINDOWS\System32\win32u.dll
0x00007ffa63b90000 - 0x00007ffa63bb8000 	C:\WINDOWS\System32\GDI32.dll
0x00007ffa62b10000 - 0x00007ffa62ca3000 	C:\WINDOWS\System32\gdi32full.dll
0x00007ffa624a0000 - 0x00007ffa6253b000 	C:\WINDOWS\System32\msvcp_win.dll
0x00007ffa63400000 - 0x00007ffa634f6000 	C:\WINDOWS\System32\ucrtbase.dll
0x00007ffa55ec0000 - 0x00007ffa56129000 	C:\WINDOWS\WinSxS\amd64_microsoft.windows.common-controls_6595b64144ccf1df_6.0.16299.371_none_15c7d1789365a290\COMCTL32.dll
0x00007ffa65760000 - 0x00007ffa65a68000 	C:\WINDOWS\System32\combase.dll
0x00007ffa628c0000 - 0x00007ffa62932000 	C:\WINDOWS\System32\bcryptPrimitives.dll
0x00007ffa656c0000 - 0x00007ffa656ed000 	C:\WINDOWS\System32\IMM32.DLL
0x0000000051170000 - 0x0000000051242000 	C:\Program Files\Java\jre1.8.0_131\bin\msvcr100.dll
0x0000000051430000 - 0x0000000051ccc000 	C:\Program Files\Java\jre1.8.0_131\bin\server\jvm.dll
0x00007ffa63bc0000 - 0x00007ffa63bc8000 	C:\WINDOWS\System32\PSAPI.DLL
0x00007ffa5ea00000 - 0x00007ffa5ea23000 	C:\WINDOWS\SYSTEM32\WINMM.dll
0x00007ffa52280000 - 0x00007ffa52289000 	C:\WINDOWS\SYSTEM32\WSOCK32.dll
0x00007ffa656f0000 - 0x00007ffa6575c000 	C:\WINDOWS\System32\WS2_32.dll
0x00007ffa5c220000 - 0x00007ffa5c22a000 	C:\WINDOWS\SYSTEM32\VERSION.dll
0x00007ffa5e9b0000 - 0x00007ffa5e9da000 	C:\WINDOWS\SYSTEM32\WINMMBASE.dll
0x00007ffa63520000 - 0x00007ffa6356a000 	C:\WINDOWS\System32\cfgmgr32.dll
0x0000000051340000 - 0x000000005134f000 	C:\Program Files\Java\jre1.8.0_131\bin\verify.dll
0x0000000051310000 - 0x0000000051339000 	C:\Program Files\Java\jre1.8.0_131\bin\java.dll
0x00000000512f0000 - 0x0000000051306000 	C:\Program Files\Java\jre1.8.0_131\bin\zip.dll
0x00007ffa63d00000 - 0x00007ffa65136000 	C:\WINDOWS\System32\SHELL32.dll
0x00007ffa63bd0000 - 0x00007ffa63c76000 	C:\WINDOWS\System32\shcore.dll
0x00007ffa62cb0000 - 0x00007ffa633f7000 	C:\WINDOWS\System32\windows.storage.dll
0x00007ffa65f60000 - 0x00007ffa65fb1000 	C:\WINDOWS\System32\shlwapi.dll
0x00007ffa62430000 - 0x00007ffa62441000 	C:\WINDOWS\System32\kernel.appcore.dll
0x00007ffa62450000 - 0x00007ffa6249c000 	C:\WINDOWS\System32\powrprof.dll
0x00007ffa623f0000 - 0x00007ffa6240b000 	C:\WINDOWS\System32\profapi.dll
0x0000000050fd0000 - 0x0000000051168000 	C:\Program Files\Java\jre1.8.0_131\bin\awt.dll
0x00007ffa65590000 - 0x00007ffa65655000 	C:\WINDOWS\System32\OLEAUT32.dll
0x00007ffa607c0000 - 0x00007ffa60848000 	C:\WINDOWS\SYSTEM32\apphelp.dll
0x00007ffa61e40000 - 0x00007ffa61e57000 	C:\WINDOWS\SYSTEM32\CRYPTSP.dll
0x00007ffa61880000 - 0x00007ffa618b3000 	C:\WINDOWS\system32\rsaenh.dll
0x00007ffa61f50000 - 0x00007ffa61f75000 	C:\WINDOWS\SYSTEM32\bcrypt.dll
0x00007ffa622f0000 - 0x00007ffa62319000 	C:\WINDOWS\SYSTEM32\USERENV.dll
0x00007ffa61e60000 - 0x00007ffa61e6b000 	C:\WINDOWS\SYSTEM32\CRYPTBASE.dll
0x00000000512d0000 - 0x00000000512ea000 	C:\Program Files\Java\jre1.8.0_131\bin\net.dll
0x00007ffa61c80000 - 0x00007ffa61ce6000 	C:\WINDOWS\system32\mswsock.dll
0x00007ffa61a10000 - 0x00007ffa61a49000 	C:\WINDOWS\SYSTEM32\IPHLPAPI.DLL
0x00007ffa65db0000 - 0x00007ffa65db8000 	C:\WINDOWS\System32\NSI.dll
0x00007ffa5dbf0000 - 0x00007ffa5dc06000 	C:\WINDOWS\SYSTEM32\dhcpcsvc6.DLL
0x00007ffa5dbd0000 - 0x00007ffa5dbea000 	C:\WINDOWS\SYSTEM32\dhcpcsvc.DLL
0x00000000512b0000 - 0x00000000512c1000 	C:\Program Files\Java\jre1.8.0_131\bin\nio.dll
0x0000000050f90000 - 0x0000000050fc1000 	C:\Program Files\Java\jre1.8.0_131\bin\jpeg.dll
0x00007ffa58ce0000 - 0x00007ffa58d38000 	C:\Users\simon\AppData\Local\Temp\lwjglsimon\3.1.3-SNAPSHOT\lwjgl.dll
0x00007ffa4f390000 - 0x00007ffa4f3ef000 	C:\Users\simon\AppData\Local\Temp\lwjglsimon\3.1.3-SNAPSHOT\lwjgl_opengl.dll
0x00007ffa568c0000 - 0x00007ffa569de000 	C:\WINDOWS\SYSTEM32\opengl32.dll
0x00007ffa5ea60000 - 0x00007ffa5ea8c000 	C:\WINDOWS\SYSTEM32\GLU32.dll
0x00007ffa50380000 - 0x00007ffa50548000 	C:\WINDOWS\SYSTEM32\dbghelp.dll

VM Arguments:
jvm_args: -Djava.library.path=D:\Downloads\opencv\build\java\x64 -Dfile.encoding=Cp1252 
java_command: game.Airport
java_class_path (initial): C:\Users\simon\git\PenO-Testbed-poging-3\src;C:\Users\simon\git\Autopilot\Autopilot\bin;D:\Downloads\lwjgl-release-3.1.3-custom\lwjgl.jar;D:\Downloads\lwjgl-release-3.1.3-custom\lwjgl-assimp.jar;D:\Downloads\lwjgl-release-3.1.3-custom\lwjgl-assimp-natives-windows.jar;D:\Downloads\lwjgl-release-3.1.3-custom\lwjgl-bgfx.jar;D:\Downloads\lwjgl-release-3.1.3-custom\lwjgl-bgfx-natives-windows.jar;D:\Downloads\lwjgl-release-3.1.3-custom\lwjgl-egl.jar;D:\Downloads\lwjgl-release-3.1.3-custom\lwjgl-glfw.jar;D:\Downloads\lwjgl-release-3.1.3-custom\lwjgl-glfw-natives-windows.jar;D:\Downloads\lwjgl-release-3.1.3-custom\lwjgl-jawt.jar;D:\Downloads\lwjgl-release-3.1.3-custom\lwjgl-jemalloc.jar;D:\Downloads\lwjgl-release-3.1.3-custom\lwjgl-jemalloc-natives-windows.jar;D:\Downloads\lwjgl-release-3.1.3-custom\lwjgl-lmdb.jar;D:\Downloads\lwjgl-release-3.1.3-custom\lwjgl-lmdb-natives-windows.jar;D:\Downloads\lwjgl-release-3.1.3-custom\lwjgl-nanovg.jar;D:\Downloads\lwjgl-release-3.1.3-custom\lwjgl-nanovg-natives-windows.jar;D:\Downloads\lwjgl-release-3.1.3-custom\lwjgl-natives-windows.jar;D:\Downloads\lwjgl-release-3.1.3-custom\lwjgl-nfd.jar;D:\Downloads\lwjgl-release-3.1.3-custom\lwjgl-nfd-natives-windows.jar;D:\Downloads\lwjgl-release-3.1.3-custom\lwjgl-nuklear.jar;D:\Downloads\lwjgl-release-3.1.3-custom\lwjgl-nuklear-natives-windows.jar;D:\Downloads\lwjgl-release-3.1.3-custom\lwjgl-openal.jar;D:\Downloads\lwjgl-release-3.1.3-custom\lwjgl-openal-natives-windows.jar;D:\Downloads\lwjgl-release-3.1.3-custom\lwjgl-opencl.jar;D:\Downloads\lwjgl-release-3.1.3-custom\lwjgl-opengl.jar;D:\Downloads\lwjgl-release-3.1.3-custom\lwjgl-opengles.jar;D:\Downloads\lwjgl-release-3.1.3-custom\lwjgl-opengles-natives-windows.jar;D:\Downloads\lwjgl-release-3.1.3-custom\lwjgl-opengl-natives-windows.jar;D:\Downloads\lwjgl-release-3.1.3-custom\lwjgl-openvr.jar;D:\Downloads\lwjgl-release-3.1.3-custom\lwjgl-openvr-natives-windows.jar;D:\Downloads\lwjgl-release-3.1.3-custom\lwjgl-ovr
Launcher Type: SUN_STANDARD

Environment Variables:
PATH=C:/Program Files/Java/jre1.8.0_131/bin/server;C:/Program Files/Java/jre1.8.0_131/bin;C:/Program Files/Java/jre1.8.0_131/lib/amd64;C:\ProgramData\Oracle\Java\javapath;C:\Program Files (x86)\Intel\iCLS Client\;C:\Program Files\Intel\iCLS Client\;C:\Windows\system32;C:\Windows;C:\Windows\System32\Wbem;C:\Windows\System32\WindowsPowerShell\v1.0\;C:\Program Files\Intel\WiFi\bin\;C:\Program Files\Common Files\Intel\WirelessCommon\;C:\Program Files (x86)\Intel\Intel(R) Management Engine Components\DAL;C:\Program Files\Intel\Intel(R) Management Engine Components\DAL;C:\Program Files (x86)\Intel\Intel(R) Management Engine Components\IPT;C:\Program Files\Intel\Intel(R) Management Engine Components\IPT;C:\Program Files (x86)\NVIDIA Corporation\PhysX\Common;C:\Program Files\MATLAB\R2015b\runtime\win64;C:\Program Files\MATLAB\R2015b\bin;C:\WINDOWS\system32;C:\WINDOWS;C:\WINDOWS\System32\Wbem;C:\WINDOWS\System32\WindowsPowerShell\v1.0\;C:\Program Files (x86)\Skype\Phone\;C:\Program Files\Git\cmd;C:\Users\simon\AppData\Local\Microsoft\WindowsApps;C:\texlive\2016\bin\win32;C:\Python27;C:\pypy2-v5.6.0-win32;;C:\WINDOWS\System32;
USERNAME=simon
OS=Windows_NT
PROCESSOR_IDENTIFIER=Intel64 Family 6 Model 71 Stepping 1, GenuineIntel



---------------  S Y S T E M  ---------------

OS: Windows 10.0 , 64 bit Build 16299 (10.0.16299.15)

CPU:total 8 (initial active 8) (4 cores per cpu, 2 threads per core) family 6 model 71 stepping 1, cmov, cx8, fxsr, mmx, sse, sse2, sse3, ssse3, sse4.1, sse4.2, popcnt, avx, avx2, aes, clmul, erms, 3dnowpref, lzcnt, ht, tsc, tscinvbit, bmi1, bmi2, adx

Memory: 4k page, physical 16653772k(8281428k free), swap 19144140k(9179536k free)

vm_info: Java HotSpot(TM) 64-Bit Server VM (25.131-b11) for windows-amd64 JRE (1.8.0_131-b11), built on Mar 15 2017 01:23:53 by "java_re" with MS VC++ 10.0 (VS2010)

time: Tue Apr 17 16:52:54 2018
elapsed time: 0 seconds (0d 0h 0m 0s)

