#
# A fatal error has been detected by the Java Runtime Environment:
#
#  EXCEPTION_ACCESS_VIOLATION (0xc0000005) at pc=0x00007ffa58f4f46d, pid=12784, tid=0x000000000000277c
#
# JRE version: Java(TM) SE Runtime Environment (8.0_131-b11) (build 1.8.0_131-b11)
# Java VM: Java HotSpot(TM) 64-Bit Server VM (25.131-b11 mixed mode windows-amd64 compressed oops)
# Problematic frame:
# C  [lwjgl_opengl.dll+0xf46d]
#
# Failed to write core dump. Minidumps are not enabled by default on client versions of Windows
#
# If you would like to submit a bug report, please visit:
#   http://bugreport.java.com/bugreport/crash.jsp
# The crash happened outside the Java Virtual Machine in native code.
# See problematic frame for where to report the bug.
#

---------------  T H R E A D  ---------------

Current thread (0x0000000004ece800):  JavaThread "main" [_thread_in_native, id=10108, stack(0x0000000004d60000,0x0000000004e60000)]

siginfo: ExceptionCode=0xc0000005, reading address 0x0000000000000f58

Registers:
RAX=0x0000000051bd0d50, RBX=0x000000001e4fed20, RCX=0x0000000000000001, RDX=0x0000000021acdebc
RSP=0x0000000004e5f438, RBP=0x0000000004e5f4c0, RSI=0x0000000000000188, RDI=0x0000000004fd7e70
R8 =0x0000000000000001, R9 =0x0000000021acdebc, R10=0x0000000000000000, R11=0x000000005165bd80
R12=0x0000000000000000, R13=0x000000001e4fed20, R14=0x0000000004e5f4f0, R15=0x0000000004ece800
RIP=0x00007ffa58f4f46d, EFLAGS=0x0000000000010202

Top of Stack: (sp=0x0000000004e5f438)
0x0000000004e5f438:   0000000004fe7f74 0000000004fd7e70
0x0000000004e5f448:   0000000004fe7cdd 0000000004ece800
0x0000000004e5f458:   000000001e4fed20 0000000000000188
0x0000000004e5f468:   0000000004ece800 0000000004e5f568
0x0000000004e5f478:   0000000004fe7ca2 0000000004e5f480
0x0000000004e5f488:   000000001e4fed20 0000000004e5f4f0
0x0000000004e5f498:   000000001e52a428 0000000000000000
0x0000000004e5f4a8:   000000001e4fed20 0000000000000000
0x0000000004e5f4b8:   0000000004e5f4e0 0000000004e5f538
0x0000000004e5f4c8:   0000000004fd835d 000000076bb00aa0
0x0000000004e5f4d8:   0000000004fe19d8 0000000021acdebc
0x0000000004e5f4e8:   000000076bd0f800 0000000000000001
0x0000000004e5f4f8:   0000000004e5f4f8 000000001e4fee94
0x0000000004e5f508:   0000000004e5f568 000000001e52a428
0x0000000004e5f518:   0000000000000000 000000001e4fef00
0x0000000004e5f528:   0000000004e5f4e0 0000000004e5f570 

Instructions: (pc=0x00007ffa58f4f46d)
0x00007ffa58f4f44d:   00 41 8b c8 48 ff e0 cc cc cc cc cc cc cc cc cc
0x00007ffa58f4f45d:   cc cc cc 48 8b 01 49 8b d1 41 8b c8 4c 8b 50 18
0x00007ffa58f4f46d:   49 ff a2 58 0f 00 00 cc cc cc cc cc cc cc cc cc
0x00007ffa58f4f47d:   cc cc cc 48 8b 01 49 8b d1 41 8b c8 4c 8b 50 18 


Register to memory mapping:

RAX=0x0000000051bd0d50 is an unknown value
RBX={method} {0x000000001e4fed28} 'nglGenTextures' '(IJ)V' in 'org/lwjgl/opengl/GL11'
RCX=0x0000000000000001 is an unknown value
RDX=0x0000000021acdebc is an unknown value
RSP=0x0000000004e5f438 is pointing into the stack for thread: 0x0000000004ece800
RBP=0x0000000004e5f4c0 is pointing into the stack for thread: 0x0000000004ece800
RSI=0x0000000000000188 is an unknown value
RDI=0x0000000004fd7e70 is at code_begin+1040 in an Interpreter codelet
invoke return entry points  [0x0000000004fd7a60, 0x0000000004fd8440]  2528 bytes
R8 =0x0000000000000001 is an unknown value
R9 =0x0000000021acdebc is an unknown value
R10=0x0000000000000000 is an unknown value
R11=0x000000005165bd80 is an unknown value
R12=0x0000000000000000 is an unknown value
R13={method} {0x000000001e4fed28} 'nglGenTextures' '(IJ)V' in 'org/lwjgl/opengl/GL11'
R14=0x0000000004e5f4f0 is pointing into the stack for thread: 0x0000000004ece800
R15=0x0000000004ece800 is a thread


Stack: [0x0000000004d60000,0x0000000004e60000],  sp=0x0000000004e5f438,  free space=1021k
Native frames: (J=compiled Java code, j=interpreted, Vv=VM code, C=native code)
C  [lwjgl_opengl.dll+0xf46d]

Java frames: (J=compiled Java code, j=interpreted, Vv=VM code)
j  org.lwjgl.opengl.GL11.nglGenTextures(IJ)V+0
j  org.lwjgl.opengl.GL11.glGenTextures()I+20
j  graph.Texture.<init>(Ljava/lang/String;)V+201
j  game.Airport.<init>(FFFFFI)V+11
j  game.Airport.main([Ljava/lang/String;)V+15
v  ~StubRoutines::call_stub

---------------  P R O C E S S  ---------------

Java Threads: ( => current thread )
  0x000000002198a800 JavaThread "Java2D Disposer" daemon [_thread_blocked, id=8072, stack(0x0000000022370000,0x0000000022470000)]
  0x000000002099b000 JavaThread "Service Thread" daemon [_thread_blocked, id=10548, stack(0x00000000214e0000,0x00000000215e0000)]
  0x0000000020911000 JavaThread "C1 CompilerThread3" daemon [_thread_blocked, id=3836, stack(0x00000000213e0000,0x00000000214e0000)]
  0x0000000020902800 JavaThread "C2 CompilerThread2" daemon [_thread_blocked, id=12636, stack(0x00000000212e0000,0x00000000213e0000)]
  0x00000000208ff800 JavaThread "C2 CompilerThread1" daemon [_thread_blocked, id=13296, stack(0x00000000211e0000,0x00000000212e0000)]
  0x00000000208fa000 JavaThread "C2 CompilerThread0" daemon [_thread_blocked, id=5644, stack(0x00000000210e0000,0x00000000211e0000)]
  0x00000000208f8000 JavaThread "Attach Listener" daemon [_thread_blocked, id=1328, stack(0x0000000020fe0000,0x00000000210e0000)]
  0x00000000208f7000 JavaThread "Signal Dispatcher" daemon [_thread_blocked, id=1252, stack(0x0000000020ee0000,0x0000000020fe0000)]
  0x0000000004fc8800 JavaThread "Finalizer" daemon [_thread_blocked, id=2436, stack(0x0000000020cd0000,0x0000000020dd0000)]
  0x0000000004fc5000 JavaThread "Reference Handler" daemon [_thread_blocked, id=7964, stack(0x00000000207d0000,0x00000000208d0000)]
=>0x0000000004ece800 JavaThread "main" [_thread_in_native, id=10108, stack(0x0000000004d60000,0x0000000004e60000)]

Other Threads:
  0x000000001e9d9800 VMThread [stack: 0x00000000206d0000,0x00000000207d0000] [id=2528]
  0x00000000209ad800 WatcherThread [stack: 0x0000000021730000,0x0000000021830000] [id=10368]

VM state:not at safepoint (normal execution)

VM Mutex/Monitor currently owned by a thread: None

Heap:
 PSYoungGen      total 76288K, used 9325K [0x000000076b500000, 0x0000000770a00000, 0x00000007c0000000)
  eden space 65536K, 14% used [0x000000076b500000,0x000000076be1b508,0x000000076f500000)
  from space 10752K, 0% used [0x000000076ff80000,0x000000076ff80000,0x0000000770a00000)
  to   space 10752K, 0% used [0x000000076f500000,0x000000076f500000,0x000000076ff80000)
 ParOldGen       total 175104K, used 0K [0x00000006c1e00000, 0x00000006cc900000, 0x000000076b500000)
  object space 175104K, 0% used [0x00000006c1e00000,0x00000006c1e00000,0x00000006cc900000)
 Metaspace       used 7267K, capacity 7480K, committed 7680K, reserved 1056768K
  class space    used 825K, capacity 901K, committed 1024K, reserved 1048576K

Card table byte_map: [0x0000000014390000,0x0000000014b90000] byte_map_base: 0x0000000010d81000

Marking Bits: (ParMarkBitMap*) 0x0000000051c4c720
 Begin Bits: [0x00000000158e0000, 0x0000000019868000)
 End Bits:   [0x0000000019868000, 0x000000001d7f0000)

Polling page: 0x0000000000bd0000

CodeCache: size=245760Kb used=2222Kb max_used=2222Kb free=243537Kb
 bounds [0x0000000004fd0000, 0x0000000005240000, 0x0000000013fd0000]
 total_blobs=867 nmethods=485 adapters=295
 compilation: enabled

Compilation events (10 events):
Event: 0.340 Thread 0x0000000020911000  479       3       java.lang.ClassLoader::findLoadedClass (16 bytes)
Event: 0.341 Thread 0x0000000020911000 nmethod 479 0x00000000051fb290 code [0x00000000051fb400, 0x00000000051fb638]
Event: 0.341 Thread 0x0000000020911000  476       1       sun.misc.URLClassPath$JarLoader::access$700 (5 bytes)
Event: 0.341 Thread 0x0000000020911000 nmethod 476 0x00000000051fb6d0 code [0x00000000051fb820, 0x00000000051fb910]
Event: 0.341 Thread 0x0000000020911000  482       1       sun.misc.URLClassPath$JarLoader::access$600 (5 bytes)
Event: 0.341 Thread 0x0000000020911000 nmethod 482 0x00000000051fb990 code [0x00000000051fbae0, 0x00000000051fbbd0]
Event: 0.344 Thread 0x0000000020911000  484       3       java.util.WeakHashMap::maskNull (12 bytes)
Event: 0.344 Thread 0x0000000020911000 nmethod 484 0x00000000051fbfd0 code [0x00000000051fc120, 0x00000000051fc2b0]
Event: 0.344 Thread 0x0000000020911000  485       3       java.util.WeakHashMap::hash (28 bytes)
Event: 0.345 Thread 0x0000000020911000 nmethod 485 0x00000000051fc310 code [0x00000000051fc480, 0x00000000051fc6c8]

GC Heap History (0 events):
No events

Deoptimization events (1 events):
Event: 0.297 Thread 0x0000000004ece800 Uncommon trap: reason=unstable_if action=reinterpret pc=0x00000000051a16a4 method=java.lang.String.indexOf([CII[CIII)I @ 134

Internal exceptions (10 events):
Event: 0.084 Thread 0x0000000004ece800 Exception <a 'java/security/PrivilegedActionException'> (0x000000076b5afaa8) thrown at [C:\re\workspace\8-2-build-windows-amd64-cygwin\jdk8u131\8869\hotspot\src\share\vm\prims\jvm.cpp, line 1390]
Event: 0.084 Thread 0x0000000004ece800 Exception <a 'java/security/PrivilegedActionException'> (0x000000076b5afea0) thrown at [C:\re\workspace\8-2-build-windows-amd64-cygwin\jdk8u131\8869\hotspot\src\share\vm\prims\jvm.cpp, line 1390]
Event: 0.085 Thread 0x0000000004ece800 Exception <a 'java/security/PrivilegedActionException'> (0x000000076b5b3cf8) thrown at [C:\re\workspace\8-2-build-windows-amd64-cygwin\jdk8u131\8869\hotspot\src\share\vm\prims\jvm.cpp, line 1390]
Event: 0.085 Thread 0x0000000004ece800 Exception <a 'java/security/PrivilegedActionException'> (0x000000076b5b40f0) thrown at [C:\re\workspace\8-2-build-windows-amd64-cygwin\jdk8u131\8869\hotspot\src\share\vm\prims\jvm.cpp, line 1390]
Event: 0.120 Thread 0x0000000004ece800 Exception <a 'java/io/FileNotFoundException'> (0x000000076b816bf8) thrown at [C:\re\workspace\8-2-build-windows-amd64-cygwin\jdk8u131\8869\hotspot\src\share\vm\prims\jni.cpp, line 709]
Event: 0.146 Thread 0x0000000004ece800 Exception <a 'java/lang/NoSuchFieldError': method resolution failed> (0x000000076b8e4480) thrown at [C:\re\workspace\8-2-build-windows-amd64-cygwin\jdk8u131\8869\hotspot\src\share\vm\prims\methodHandles.cpp, line 1146]
Event: 0.147 Thread 0x0000000004ece800 Exception <a 'java/lang/NoSuchFieldError': method resolution failed> (0x000000076b8f1c20) thrown at [C:\re\workspace\8-2-build-windows-amd64-cygwin\jdk8u131\8869\hotspot\src\share\vm\prims\methodHandles.cpp, line 1146]
Event: 0.296 Thread 0x0000000004ece800 Exception <a 'java/lang/NoSuchMethodError': java.lang.Object.lambda$static$0(Ljava/lang/String;)Ljava/lang/Boolean;> (0x000000076bbdcda0) thrown at [C:\re\workspace\8-2-build-windows-amd64-cygwin\jdk8u131\8869\hotspot\src\share\vm\interpreter\linkResolver
Event: 0.331 Thread 0x0000000004ece800 Exception <a 'sun/nio/fs/WindowsException'> (0x000000076bc89e18) thrown at [C:\re\workspace\8-2-build-windows-amd64-cygwin\jdk8u131\8869\hotspot\src\share\vm\prims\jni.cpp, line 709]
Event: 0.331 Thread 0x0000000004ece800 Exception <a 'sun/nio/fs/WindowsException'> (0x000000076bc8a410) thrown at [C:\re\workspace\8-2-build-windows-amd64-cygwin\jdk8u131\8869\hotspot\src\share\vm\prims\jni.cpp, line 709]

Events (10 events):
Event: 0.340 loading class org/lwjgl/system/jni/JNINativeInterface
Event: 0.340 loading class org/lwjgl/system/jni/JNINativeInterface done
Event: 0.341 loading class org/lwjgl/system/windows/WinBase
Event: 0.341 loading class org/lwjgl/system/windows/WinBase done
Event: 0.344 loading class org/lwjgl/opengl/GL$1
Event: 0.344 loading class org/lwjgl/opengl/GL$1 done
Event: 0.344 loading class org/lwjgl/opengl/GL$SharedLibraryGL
Event: 0.344 loading class org/lwjgl/opengl/GL$SharedLibraryGL done
Event: 0.344 loading class org/lwjgl/system/SharedLibrary$Delegate
Event: 0.344 loading class org/lwjgl/system/SharedLibrary$Delegate done


Dynamic libraries:
0x00007ff771b70000 - 0x00007ff771ba7000 	C:\Program Files\Java\jre1.8.0_131\bin\javaw.exe
0x00007ffa660a0000 - 0x00007ffa66280000 	C:\WINDOWS\SYSTEM32\ntdll.dll
0x00007ffa65fc0000 - 0x00007ffa6606e000 	C:\WINDOWS\System32\KERNEL32.DLL
0x00007ffa62650000 - 0x00007ffa628b6000 	C:\WINDOWS\System32\KERNELBASE.dll
0x00007ffa65b90000 - 0x00007ffa65c31000 	C:\WINDOWS\System32\ADVAPI32.dll
0x00007ffa63690000 - 0x00007ffa6372d000 	C:\WINDOWS\System32\msvcrt.dll
0x00007ffa65660000 - 0x00007ffa656bb000 	C:\WINDOWS\System32\sechost.dll
0x00007ffa65a70000 - 0x00007ffa65b8f000 	C:\WINDOWS\System32\RPCRT4.dll
0x00007ffa63740000 - 0x00007ffa638cf000 	C:\WINDOWS\System32\USER32.dll
0x00007ffa63500000 - 0x00007ffa63520000 	C:\WINDOWS\System32\win32u.dll
0x00007ffa63b90000 - 0x00007ffa63bb8000 	C:\WINDOWS\System32\GDI32.dll
0x00007ffa62b10000 - 0x00007ffa62ca3000 	C:\WINDOWS\System32\gdi32full.dll
0x00007ffa624a0000 - 0x00007ffa6253b000 	C:\WINDOWS\System32\msvcp_win.dll
0x00007ffa63400000 - 0x00007ffa634f6000 	C:\WINDOWS\System32\ucrtbase.dll
0x00007ffa55ec0000 - 0x00007ffa56129000 	C:\WINDOWS\WinSxS\amd64_microsoft.windows.common-controls_6595b64144ccf1df_6.0.16299.371_none_15c7d1789365a290\COMCTL32.dll
0x00007ffa65760000 - 0x00007ffa65a68000 	C:\WINDOWS\System32\combase.dll
0x00007ffa628c0000 - 0x00007ffa62932000 	C:\WINDOWS\System32\bcryptPrimitives.dll
0x00007ffa656c0000 - 0x00007ffa656ed000 	C:\WINDOWS\System32\IMM32.DLL
0x0000000051170000 - 0x0000000051242000 	C:\Program Files\Java\jre1.8.0_131\bin\msvcr100.dll
0x0000000051430000 - 0x0000000051ccc000 	C:\Program Files\Java\jre1.8.0_131\bin\server\jvm.dll
0x00007ffa63bc0000 - 0x00007ffa63bc8000 	C:\WINDOWS\System32\PSAPI.DLL
0x00007ffa5c220000 - 0x00007ffa5c22a000 	C:\WINDOWS\SYSTEM32\VERSION.dll
0x00007ffa52280000 - 0x00007ffa52289000 	C:\WINDOWS\SYSTEM32\WSOCK32.dll
0x00007ffa5ea00000 - 0x00007ffa5ea23000 	C:\WINDOWS\SYSTEM32\WINMM.dll
0x00007ffa656f0000 - 0x00007ffa6575c000 	C:\WINDOWS\System32\WS2_32.dll
0x00007ffa5e9b0000 - 0x00007ffa5e9da000 	C:\WINDOWS\SYSTEM32\WINMMBASE.dll
0x00007ffa63520000 - 0x00007ffa6356a000 	C:\WINDOWS\System32\cfgmgr32.dll
0x0000000051340000 - 0x000000005134f000 	C:\Program Files\Java\jre1.8.0_131\bin\verify.dll
0x0000000051310000 - 0x0000000051339000 	C:\Program Files\Java\jre1.8.0_131\bin\java.dll
0x00000000512f0000 - 0x0000000051306000 	C:\Program Files\Java\jre1.8.0_131\bin\zip.dll
0x00007ffa63d00000 - 0x00007ffa65136000 	C:\WINDOWS\System32\SHELL32.dll
0x00007ffa63bd0000 - 0x00007ffa63c76000 	C:\WINDOWS\System32\shcore.dll
0x00007ffa62cb0000 - 0x00007ffa633f7000 	C:\WINDOWS\System32\windows.storage.dll
0x00007ffa65f60000 - 0x00007ffa65fb1000 	C:\WINDOWS\System32\shlwapi.dll
0x00007ffa62430000 - 0x00007ffa62441000 	C:\WINDOWS\System32\kernel.appcore.dll
0x00007ffa62450000 - 0x00007ffa6249c000 	C:\WINDOWS\System32\powrprof.dll
0x00007ffa623f0000 - 0x00007ffa6240b000 	C:\WINDOWS\System32\profapi.dll
0x0000000050fd0000 - 0x0000000051168000 	C:\Program Files\Java\jre1.8.0_131\bin\awt.dll
0x00007ffa65590000 - 0x00007ffa65655000 	C:\WINDOWS\System32\OLEAUT32.dll
0x00007ffa607c0000 - 0x00007ffa60848000 	C:\WINDOWS\SYSTEM32\apphelp.dll
0x00007ffa61e40000 - 0x00007ffa61e57000 	C:\WINDOWS\SYSTEM32\CRYPTSP.dll
0x00007ffa61880000 - 0x00007ffa618b3000 	C:\WINDOWS\system32\rsaenh.dll
0x00007ffa61f50000 - 0x00007ffa61f75000 	C:\WINDOWS\SYSTEM32\bcrypt.dll
0x00007ffa622f0000 - 0x00007ffa62319000 	C:\WINDOWS\SYSTEM32\USERENV.dll
0x00007ffa61e60000 - 0x00007ffa61e6b000 	C:\WINDOWS\SYSTEM32\CRYPTBASE.dll
0x00000000512d0000 - 0x00000000512ea000 	C:\Program Files\Java\jre1.8.0_131\bin\net.dll
0x00007ffa61c80000 - 0x00007ffa61ce6000 	C:\WINDOWS\system32\mswsock.dll
0x00007ffa61a10000 - 0x00007ffa61a49000 	C:\WINDOWS\SYSTEM32\IPHLPAPI.DLL
0x00007ffa65db0000 - 0x00007ffa65db8000 	C:\WINDOWS\System32\NSI.dll
0x00007ffa5dbf0000 - 0x00007ffa5dc06000 	C:\WINDOWS\SYSTEM32\dhcpcsvc6.DLL
0x00007ffa5dbd0000 - 0x00007ffa5dbea000 	C:\WINDOWS\SYSTEM32\dhcpcsvc.DLL
0x00000000512b0000 - 0x00000000512c1000 	C:\Program Files\Java\jre1.8.0_131\bin\nio.dll
0x0000000050f90000 - 0x0000000050fc1000 	C:\Program Files\Java\jre1.8.0_131\bin\jpeg.dll
0x00007ffa58fa0000 - 0x00007ffa58ff8000 	C:\Users\simon\AppData\Local\Temp\lwjglsimon\3.1.3-SNAPSHOT\lwjgl.dll
0x00007ffa58f40000 - 0x00007ffa58f9f000 	C:\Users\simon\AppData\Local\Temp\lwjglsimon\3.1.3-SNAPSHOT\lwjgl_opengl.dll
0x00007ffa568c0000 - 0x00007ffa569de000 	C:\WINDOWS\SYSTEM32\opengl32.dll
0x00007ffa5ea60000 - 0x00007ffa5ea8c000 	C:\WINDOWS\SYSTEM32\GLU32.dll
0x00007ffa50380000 - 0x00007ffa50548000 	C:\WINDOWS\SYSTEM32\dbghelp.dll

VM Arguments:
jvm_args: -Djava.library.path=D:\Downloads\opencv\build\java\x64 -Dfile.encoding=Cp1252 
java_command: game.Airport
java_class_path (initial): C:\Users\simon\git\PenO-Testbed-poging-3\src;C:\Users\simon\git\Autopilot\Autopilot\bin;D:\Downloads\lwjgl-release-3.1.3-custom\lwjgl.jar;D:\Downloads\lwjgl-release-3.1.3-custom\lwjgl-assimp.jar;D:\Downloads\lwjgl-release-3.1.3-custom\lwjgl-assimp-natives-windows.jar;D:\Downloads\lwjgl-release-3.1.3-custom\lwjgl-bgfx.jar;D:\Downloads\lwjgl-release-3.1.3-custom\lwjgl-bgfx-natives-windows.jar;D:\Downloads\lwjgl-release-3.1.3-custom\lwjgl-egl.jar;D:\Downloads\lwjgl-release-3.1.3-custom\lwjgl-glfw.jar;D:\Downloads\lwjgl-release-3.1.3-custom\lwjgl-glfw-natives-windows.jar;D:\Downloads\lwjgl-release-3.1.3-custom\lwjgl-jawt.jar;D:\Downloads\lwjgl-release-3.1.3-custom\lwjgl-jemalloc.jar;D:\Downloads\lwjgl-release-3.1.3-custom\lwjgl-jemalloc-natives-windows.jar;D:\Downloads\lwjgl-release-3.1.3-custom\lwjgl-lmdb.jar;D:\Downloads\lwjgl-release-3.1.3-custom\lwjgl-lmdb-natives-windows.jar;D:\Downloads\lwjgl-release-3.1.3-custom\lwjgl-nanovg.jar;D:\Downloads\lwjgl-release-3.1.3-custom\lwjgl-nanovg-natives-windows.jar;D:\Downloads\lwjgl-release-3.1.3-custom\lwjgl-natives-windows.jar;D:\Downloads\lwjgl-release-3.1.3-custom\lwjgl-nfd.jar;D:\Downloads\lwjgl-release-3.1.3-custom\lwjgl-nfd-natives-windows.jar;D:\Downloads\lwjgl-release-3.1.3-custom\lwjgl-nuklear.jar;D:\Downloads\lwjgl-release-3.1.3-custom\lwjgl-nuklear-natives-windows.jar;D:\Downloads\lwjgl-release-3.1.3-custom\lwjgl-openal.jar;D:\Downloads\lwjgl-release-3.1.3-custom\lwjgl-openal-natives-windows.jar;D:\Downloads\lwjgl-release-3.1.3-custom\lwjgl-opencl.jar;D:\Downloads\lwjgl-release-3.1.3-custom\lwjgl-opengl.jar;D:\Downloads\lwjgl-release-3.1.3-custom\lwjgl-opengles.jar;D:\Downloads\lwjgl-release-3.1.3-custom\lwjgl-opengles-natives-windows.jar;D:\Downloads\lwjgl-release-3.1.3-custom\lwjgl-opengl-natives-windows.jar;D:\Downloads\lwjgl-release-3.1.3-custom\lwjgl-openvr.jar;D:\Downloads\lwjgl-release-3.1.3-custom\lwjgl-openvr-natives-windows.jar;D:\Downloads\lwjgl-release-3.1.3-custom\lwjgl-ovr
Launcher Type: SUN_STANDARD

Environment Variables:
PATH=C:/Program Files/Java/jre1.8.0_131/bin/server;C:/Program Files/Java/jre1.8.0_131/bin;C:/Program Files/Java/jre1.8.0_131/lib/amd64;C:\ProgramData\Oracle\Java\javapath;C:\Program Files (x86)\Intel\iCLS Client\;C:\Program Files\Intel\iCLS Client\;C:\Windows\system32;C:\Windows;C:\Windows\System32\Wbem;C:\Windows\System32\WindowsPowerShell\v1.0\;C:\Program Files\Intel\WiFi\bin\;C:\Program Files\Common Files\Intel\WirelessCommon\;C:\Program Files (x86)\Intel\Intel(R) Management Engine Components\DAL;C:\Program Files\Intel\Intel(R) Management Engine Components\DAL;C:\Program Files (x86)\Intel\Intel(R) Management Engine Components\IPT;C:\Program Files\Intel\Intel(R) Management Engine Components\IPT;C:\Program Files (x86)\NVIDIA Corporation\PhysX\Common;C:\Program Files\MATLAB\R2015b\runtime\win64;C:\Program Files\MATLAB\R2015b\bin;C:\WINDOWS\system32;C:\WINDOWS;C:\WINDOWS\System32\Wbem;C:\WINDOWS\System32\WindowsPowerShell\v1.0\;C:\Program Files (x86)\Skype\Phone\;C:\Program Files\Git\cmd;C:\Users\simon\AppData\Local\Microsoft\WindowsApps;C:\texlive\2016\bin\win32;C:\Python27;C:\pypy2-v5.6.0-win32;;C:\WINDOWS\System32;
USERNAME=simon
OS=Windows_NT
PROCESSOR_IDENTIFIER=Intel64 Family 6 Model 71 Stepping 1, GenuineIntel



---------------  S Y S T E M  ---------------

OS: Windows 10.0 , 64 bit Build 16299 (10.0.16299.15)

CPU:total 8 (initial active 8) (4 cores per cpu, 2 threads per core) family 6 model 71 stepping 1, cmov, cx8, fxsr, mmx, sse, sse2, sse3, ssse3, sse4.1, sse4.2, popcnt, avx, avx2, aes, clmul, erms, 3dnowpref, lzcnt, ht, tsc, tscinvbit, bmi1, bmi2, adx

Memory: 4k page, physical 16653772k(8292264k free), swap 19144140k(9201084k free)

vm_info: Java HotSpot(TM) 64-Bit Server VM (25.131-b11) for windows-amd64 JRE (1.8.0_131-b11), built on Mar 15 2017 01:23:53 by "java_re" with MS VC++ 10.0 (VS2010)

time: Tue Apr 17 16:46:45 2018
elapsed time: 0 seconds (0d 0h 0m 0s)

