#
# A fatal error has been detected by the Java Runtime Environment:
#
#  EXCEPTION_ACCESS_VIOLATION (0xc0000005) at pc=0x00007ffc26a9846d, pid=12868, tid=0x0000000000003660
#
# JRE version: Java(TM) SE Runtime Environment (8.0_131-b11) (build 1.8.0_131-b11)
# Java VM: Java HotSpot(TM) 64-Bit Server VM (25.131-b11 mixed mode windows-amd64 compressed oops)
# Problematic frame:
# C  [lwjgl_opengl.dll+0x846d]
#
# Failed to write core dump. Minidumps are not enabled by default on client versions of Windows
#
# If you would like to submit a bug report, please visit:
#   http://bugreport.java.com/bugreport/crash.jsp
# The crash happened outside the Java Virtual Machine in native code.
# See problematic frame for where to report the bug.
#

---------------  T H R E A D  ---------------

Current thread (0x000000001f351000):  JavaThread "AWT-EventQueue-0" [_thread_in_native, id=13920, stack(0x000000006a630000,0x000000006a730000)]

siginfo: ExceptionCode=0xc0000005, reading address 0x0000000000000f70

Registers:
RAX=0x000000006b970d50, RBX=0x000000001bb2b710, RCX=0x0000000000000001, RDX=0x000000001decfeac
RSP=0x000000006a72c8d8, RBP=0x000000006a72c960, RSI=0x000000001decfeac, RDI=0x00000007c00bcc28
R8 =0x0000000000000001, R9 =0x000000001decfeac, R10=0x0000000000000000, R11=0x000000006b3fbd80
R12=0x0000000000000000, R13=0x000000001bb2b710, R14=0x000000006a72c990, R15=0x000000001f351000
RIP=0x00007ffc26a9846d, EFLAGS=0x0000000000010202

Top of Stack: (sp=0x000000006a72c8d8)
0x000000006a72c8d8:   0000000002497f74 000000001b8fb1c3
0x000000006a72c8e8:   000000006a72c930 000000001b900ed0
0x000000006a72c8f8:   0000000000000000 000000001b8fb1e8
0x000000006a72c908:   0000000000000000 000000006a72c928
0x000000006a72c918:   000000006a72c978 000000006a72c920
0x000000006a72c928:   0000000000000000 000000006a72c990
0x000000006a72c938:   000000001bb2e1f8 0000000000000000
0x000000006a72c948:   000000001bb2b710 0000000000000000
0x000000006a72c958:   000000006a72c980 000000006a72c9d8
0x000000006a72c968:   000000000248835d 000000076f580fb0
0x000000006a72c978:   00000000024919d8 000000001decfeac
0x000000006a72c988:   000000076d999128 0000000000000001
0x000000006a72c998:   000000006a72c998 000000001bb2b884
0x000000006a72c9a8:   000000006a72ca08 000000001bb2e1f8
0x000000006a72c9b8:   0000000000000000 000000001bb2b8f0
0x000000006a72c9c8:   000000006a72c980 000000006a72ca10 

Instructions: (pc=0x00007ffc26a9846d)
0x00007ffc26a9844d:   49 ff a2 30 0a 00 00 cc cc cc cc cc cc cc cc cc
0x00007ffc26a9845d:   cc cc cc 48 8b 01 49 8b d1 41 8b c8 4c 8b 50 18
0x00007ffc26a9846d:   49 ff a2 70 0f 00 00 cc cc cc cc cc cc cc cc cc
0x00007ffc26a9847d:   cc cc cc 48 8b 01 48 8b 48 18 48 8b 81 78 1c 00 


Register to memory mapping:

RAX=0x000000006b970d50 is an unknown value
RBX={method} {0x000000001bb2b718} 'nglGenVertexArrays' '(IJ)V' in 'org/lwjgl/opengl/GL30'
RCX=0x0000000000000001 is an unknown value
RDX=0x000000001decfeac is an unknown value
RSP=0x000000006a72c8d8 is pointing into the stack for thread: 0x000000001f351000
RBP=0x000000006a72c960 is pointing into the stack for thread: 0x000000001f351000
RSI=0x000000001decfeac is an unknown value
RDI=0x00000007c00bcc28 is pointing into metadata
R8 =0x0000000000000001 is an unknown value
R9 =0x000000001decfeac is an unknown value
R10=0x0000000000000000 is an unknown value
R11=0x000000006b3fbd80 is an unknown value
R12=0x0000000000000000 is an unknown value
R13={method} {0x000000001bb2b718} 'nglGenVertexArrays' '(IJ)V' in 'org/lwjgl/opengl/GL30'
R14=0x000000006a72c990 is pointing into the stack for thread: 0x000000001f351000
R15=0x000000001f351000 is a thread


Stack: [0x000000006a630000,0x000000006a730000],  sp=0x000000006a72c8d8,  free space=1010k
Native frames: (J=compiled Java code, j=interpreted, Vv=VM code, C=native code)
C  [lwjgl_opengl.dll+0x846d]

Java frames: (J=compiled Java code, j=interpreted, Vv=VM code)
j  org.lwjgl.opengl.GL30.nglGenVertexArrays(IJ)V+0
j  org.lwjgl.opengl.GL30.glGenVertexArrays()I+20
j  graph.Mesh.<init>([F[F[I)V+20
j  game.DummyGame.randomMesh()Lgraph/Mesh;+57
j  game.DummyGame.worldGenerator(I)Ljava/util/List;+27
j  GUI.GUI$ListenForGenerate.actionPerformed(Ljava/awt/event/ActionEvent;)V+15
j  javax.swing.AbstractButton.fireActionPerformed(Ljava/awt/event/ActionEvent;)V+83
j  javax.swing.AbstractButton$Handler.actionPerformed(Ljava/awt/event/ActionEvent;)V+5
j  javax.swing.DefaultButtonModel.fireActionPerformed(Ljava/awt/event/ActionEvent;)V+34
j  javax.swing.DefaultButtonModel.setPressed(Z)V+117
j  javax.swing.plaf.basic.BasicButtonListener.mouseReleased(Ljava/awt/event/MouseEvent;)V+35
j  java.awt.Component.processMouseEvent(Ljava/awt/event/MouseEvent;)V+64
j  javax.swing.JComponent.processMouseEvent(Ljava/awt/event/MouseEvent;)V+23
j  java.awt.Component.processEvent(Ljava/awt/AWTEvent;)V+81
j  java.awt.Container.processEvent(Ljava/awt/AWTEvent;)V+18
j  java.awt.Component.dispatchEventImpl(Ljava/awt/AWTEvent;)V+589
j  java.awt.Container.dispatchEventImpl(Ljava/awt/AWTEvent;)V+42
j  java.awt.Component.dispatchEvent(Ljava/awt/AWTEvent;)V+2
j  java.awt.LightweightDispatcher.retargetMouseEvent(Ljava/awt/Component;ILjava/awt/event/MouseEvent;)V+327
j  java.awt.LightweightDispatcher.processMouseEvent(Ljava/awt/event/MouseEvent;)Z+155
j  java.awt.LightweightDispatcher.dispatchEvent(Ljava/awt/AWTEvent;)Z+50
j  java.awt.Container.dispatchEventImpl(Ljava/awt/AWTEvent;)V+12
j  java.awt.Window.dispatchEventImpl(Ljava/awt/AWTEvent;)V+19
j  java.awt.Component.dispatchEvent(Ljava/awt/AWTEvent;)V+2
j  java.awt.EventQueue.dispatchEventImpl(Ljava/awt/AWTEvent;Ljava/lang/Object;)V+41
j  java.awt.EventQueue.access$500(Ljava/awt/EventQueue;Ljava/awt/AWTEvent;Ljava/lang/Object;)V+3
j  java.awt.EventQueue$3.run()Ljava/lang/Void;+32
j  java.awt.EventQueue$3.run()Ljava/lang/Object;+1
v  ~StubRoutines::call_stub
J 1375  java.security.AccessController.doPrivileged(Ljava/security/PrivilegedAction;Ljava/security/AccessControlContext;)Ljava/lang/Object; (0 bytes) @ 0x000000000295e226 [0x000000000295e1c0+0x66]
j  java.security.ProtectionDomain$JavaSecurityAccessImpl.doIntersectionPrivilege(Ljava/security/PrivilegedAction;Ljava/security/AccessControlContext;Ljava/security/AccessControlContext;)Ljava/lang/Object;+18
j  java.security.ProtectionDomain$JavaSecurityAccessImpl.doIntersectionPrivilege(Ljava/security/PrivilegedAction;Ljava/security/AccessControlContext;)Ljava/lang/Object;+6
j  java.awt.EventQueue$4.run()Ljava/lang/Void;+11
j  java.awt.EventQueue$4.run()Ljava/lang/Object;+1
v  ~StubRoutines::call_stub
j  java.security.AccessController.doPrivileged(Ljava/security/PrivilegedAction;Ljava/security/AccessControlContext;)Ljava/lang/Object;+0
j  java.security.ProtectionDomain$JavaSecurityAccessImpl.doIntersectionPrivilege(Ljava/security/PrivilegedAction;Ljava/security/AccessControlContext;Ljava/security/AccessControlContext;)Ljava/lang/Object;+18
j  java.awt.EventQueue.dispatchEvent(Ljava/awt/AWTEvent;)V+73
j  java.awt.EventDispatchThread.pumpOneEventForFilters(I)V+245
j  java.awt.EventDispatchThread.pumpEventsForFilter(ILjava/awt/Conditional;Ljava/awt/EventFilter;)V+35
j  java.awt.EventDispatchThread.pumpEventsForHierarchy(ILjava/awt/Conditional;Ljava/awt/Component;)V+11
j  java.awt.EventDispatchThread.pumpEvents(ILjava/awt/Conditional;)V+4
j  java.awt.EventDispatchThread.pumpEvents(Ljava/awt/Conditional;)V+3
j  java.awt.EventDispatchThread.run()V+9
v  ~StubRoutines::call_stub

---------------  P R O C E S S  ---------------

Java Threads: ( => current thread )
  0x000000006511f000 JavaThread "TimerQueue" daemon [_thread_blocked, id=4584, stack(0x000000006ba70000,0x000000006bb70000)]
  0x0000000065096000 JavaThread "Swing-Shell" daemon [_thread_blocked, id=10620, stack(0x000000006a7d0000,0x000000006a8d0000)]
=>0x000000001f351000 JavaThread "AWT-EventQueue-0" [_thread_in_native, id=13920, stack(0x000000006a630000,0x000000006a730000)]
  0x000000001f1e3800 JavaThread "Image Fetcher 0" daemon [_thread_blocked, id=13120, stack(0x000000006a330000,0x000000006a430000)]
  0x000000001f4c8000 JavaThread "AWT-Windows" daemon [_thread_in_native, id=10448, stack(0x0000000069840000,0x0000000069940000)]
  0x000000001f4c7800 JavaThread "AWT-Shutdown" [_thread_blocked, id=11904, stack(0x0000000069740000,0x0000000069840000)]
  0x000000001f193000 JavaThread "Java2D Disposer" daemon [_thread_blocked, id=6940, stack(0x0000000069640000,0x0000000069740000)]
  0x000000000247e800 JavaThread "DestroyJavaVM" [_thread_blocked, id=2612, stack(0x0000000002200000,0x0000000002300000)]
  0x000000001ee2c800 JavaThread "GAME_LOOP_THREAD" [_thread_in_Java, id=10676, stack(0x000000001f4d0000,0x000000001f5d0000)]
  0x000000001de49800 JavaThread "Service Thread" daemon [_thread_blocked, id=13196, stack(0x000000001e980000,0x000000001ea80000)]
  0x000000001ddb9800 JavaThread "C1 CompilerThread3" daemon [_thread_blocked, id=10632, stack(0x000000001e880000,0x000000001e980000)]
  0x000000001ddb3800 JavaThread "C2 CompilerThread2" daemon [_thread_blocked, id=4116, stack(0x000000001e780000,0x000000001e880000)]
  0x000000001ddad800 JavaThread "C2 CompilerThread1" daemon [_thread_blocked, id=9316, stack(0x000000001e680000,0x000000001e780000)]
  0x000000001ddaa000 JavaThread "C2 CompilerThread0" daemon [_thread_blocked, id=5016, stack(0x000000001e580000,0x000000001e680000)]
  0x000000001dda8000 JavaThread "Attach Listener" daemon [_thread_blocked, id=1428, stack(0x000000001e480000,0x000000001e580000)]
  0x000000001dda7000 JavaThread "Signal Dispatcher" daemon [_thread_blocked, id=13548, stack(0x000000001e380000,0x000000001e480000)]
  0x0000000002408800 JavaThread "Finalizer" daemon [_thread_blocked, id=1612, stack(0x000000001e180000,0x000000001e280000)]
  0x0000000002405000 JavaThread "Reference Handler" daemon [_thread_blocked, id=12512, stack(0x000000001dc80000,0x000000001dd80000)]

Other Threads:
  0x000000001be89800 VMThread [stack: 0x000000001db80000,0x000000001dc80000] [id=1108]
  0x000000001de54000 WatcherThread [stack: 0x000000001ebd0000,0x000000001ecd0000] [id=8524]

VM state:not at safepoint (normal execution)

VM Mutex/Monitor currently owned by a thread: None

Heap:
 PSYoungGen      total 76288K, used 66478K [0x000000076b500000, 0x0000000770a00000, 0x00000007c0000000)
  eden space 65536K, 85% used [0x000000076b500000,0x000000076eb6fdb8,0x000000076f500000)
  from space 10752K, 99% used [0x000000076f500000,0x000000076ff7bcc0,0x000000076ff80000)
  to   space 10752K, 0% used [0x000000076ff80000,0x000000076ff80000,0x0000000770a00000)
 ParOldGen       total 175104K, used 12009K [0x00000006c1e00000, 0x00000006cc900000, 0x000000076b500000)
  object space 175104K, 6% used [0x00000006c1e00000,0x00000006c29ba598,0x00000006cc900000)
 Metaspace       used 17294K, capacity 17581K, committed 17792K, reserved 1064960K
  class space    used 1999K, capacity 2095K, committed 2176K, reserved 1048576K

Card table byte_map: [0x0000000011840000,0x0000000012040000] byte_map_base: 0x000000000e231000

Marking Bits: (ParMarkBitMap*) 0x000000006b9ec720
 Begin Bits: [0x0000000012d90000, 0x0000000016d18000)
 End Bits:   [0x0000000016d18000, 0x000000001aca0000)

Polling page: 0x0000000000580000

CodeCache: size=245760Kb used=4974Kb max_used=4980Kb free=240785Kb
 bounds [0x0000000002480000, 0x0000000002960000, 0x0000000011480000]
 total_blobs=2542 nmethods=1376 adapters=1079
 compilation: enabled

Compilation events (10 events):
Event: 2.498 Thread 0x000000001ddb9800 1371       3       sun.util.locale.LocaleUtils::toLower (17 bytes)
Event: 2.498 Thread 0x000000001ddb9800 nmethod 1371 0x000000000295ef90 code [0x000000000295f100, 0x000000000295f370]
Event: 2.498 Thread 0x000000001ddb9800 1372       3       sun.java2d.SunGraphics2D::invalidatePipe (41 bytes)
Event: 2.498 Thread 0x000000001ddb9800 nmethod 1372 0x000000000295ebd0 code [0x000000000295ed20, 0x000000000295ef10]
Event: 2.525 Thread 0x000000001ddb9800 1373       3       java.lang.Math::toRadians (10 bytes)
Event: 2.525 Thread 0x000000001ddb9800 nmethod 1373 0x000000000295e890 code [0x000000000295ea00, 0x000000000295eb50]
Event: 2.525 Thread 0x000000001ddb9800 1374       3       org.lwjgl.util.vector.Matrix4f::rotate (8 bytes)
Event: 2.525 Thread 0x000000001ddb9800 nmethod 1374 0x000000000295e410 code [0x000000000295e580, 0x000000000295e788]
Event: 2.584 Thread 0x000000001ddb9800 1376       1       javax.swing.event.EventListenerList::getListenerList (5 bytes)
Event: 2.584 Thread 0x000000001ddb9800 nmethod 1376 0x0000000002959890 code [0x00000000029599e0, 0x0000000002959af0]

GC Heap History (6 events):
Event: 1.361 GC heap before
{Heap before GC invocations=1 (full 0):
 PSYoungGen      total 76288K, used 65536K [0x000000076b500000, 0x0000000770a00000, 0x00000007c0000000)
  eden space 65536K, 100% used [0x000000076b500000,0x000000076f500000,0x000000076f500000)
  from space 10752K, 0% used [0x000000076ff80000,0x000000076ff80000,0x0000000770a00000)
  to   space 10752K, 0% used [0x000000076f500000,0x000000076f500000,0x000000076ff80000)
 ParOldGen       total 175104K, used 0K [0x00000006c1e00000, 0x00000006cc900000, 0x000000076b500000)
  object space 175104K, 0% used [0x00000006c1e00000,0x00000006c1e00000,0x00000006cc900000)
 Metaspace       used 16737K, capacity 17005K, committed 17280K, reserved 1064960K
  class space    used 1977K, capacity 2095K, committed 2176K, reserved 1048576K
Event: 1.365 GC heap after
Heap after GC invocations=1 (full 0):
 PSYoungGen      total 76288K, used 10043K [0x000000076b500000, 0x0000000770a00000, 0x00000007c0000000)
  eden space 65536K, 0% used [0x000000076b500000,0x000000076b500000,0x000000076f500000)
  from space 10752K, 93% used [0x000000076f500000,0x000000076fecedf8,0x000000076ff80000)
  to   space 10752K, 0% used [0x000000076ff80000,0x000000076ff80000,0x0000000770a00000)
 ParOldGen       total 175104K, used 24K [0x00000006c1e00000, 0x00000006cc900000, 0x000000076b500000)
  object space 175104K, 0% used [0x00000006c1e00000,0x00000006c1e06000,0x00000006cc900000)
 Metaspace       used 16737K, capacity 17005K, committed 17280K, reserved 1064960K
  class space    used 1977K, capacity 2095K, committed 2176K, reserved 1048576K
}
Event: 1.974 GC heap before
{Heap before GC invocations=2 (full 0):
 PSYoungGen      total 76288K, used 75354K [0x000000076b500000, 0x0000000770a00000, 0x00000007c0000000)
  eden space 65536K, 99% used [0x000000076b500000,0x000000076f4c7be8,0x000000076f500000)
  from space 10752K, 93% used [0x000000076f500000,0x000000076fecedf8,0x000000076ff80000)
  to   space 10752K, 0% used [0x000000076ff80000,0x000000076ff80000,0x0000000770a00000)
 ParOldGen       total 175104K, used 24K [0x00000006c1e00000, 0x00000006cc900000, 0x000000076b500000)
  object space 175104K, 0% used [0x00000006c1e00000,0x00000006c1e06000,0x00000006cc900000)
 Metaspace       used 17260K, capacity 17517K, committed 17792K, reserved 1064960K
  class space    used 1999K, capacity 2095K, committed 2176K, reserved 1048576K
Event: 1.978 GC heap after
Heap after GC invocations=2 (full 0):
 PSYoungGen      total 76288K, used 10732K [0x000000076b500000, 0x0000000770a00000, 0x00000007c0000000)
  eden space 65536K, 0% used [0x000000076b500000,0x000000076b500000,0x000000076f500000)
  from space 10752K, 99% used [0x000000076ff80000,0x00000007709fb100,0x0000000770a00000)
  to   space 10752K, 0% used [0x000000076f500000,0x000000076f500000,0x000000076ff80000)
 ParOldGen       total 175104K, used 1653K [0x00000006c1e00000, 0x00000006cc900000, 0x000000076b500000)
  object space 175104K, 0% used [0x00000006c1e00000,0x00000006c1f9d6b8,0x00000006cc900000)
 Metaspace       used 17260K, capacity 17517K, committed 17792K, reserved 1064960K
  class space    used 1999K, capacity 2095K, committed 2176K, reserved 1048576K
}
Event: 2.340 GC heap before
{Heap before GC invocations=3 (full 0):
 PSYoungGen      total 76288K, used 72752K [0x000000076b500000, 0x0000000770a00000, 0x00000007c0000000)
  eden space 65536K, 94% used [0x000000076b500000,0x000000076f191270,0x000000076f500000)
  from space 10752K, 99% used [0x000000076ff80000,0x00000007709fb100,0x0000000770a00000)
  to   space 10752K, 0% used [0x000000076f500000,0x000000076f500000,0x000000076ff80000)
 ParOldGen       total 175104K, used 1653K [0x00000006c1e00000, 0x00000006cc900000, 0x000000076b500000)
  object space 175104K, 0% used [0x00000006c1e00000,0x00000006c1f9d6b8,0x00000006cc900000)
 Metaspace       used 17286K, capacity 17581K, committed 17792K, reserved 1064960K
  class space    used 1999K, capacity 2095K, committed 2176K, reserved 1048576K
Event: 2.345 GC heap after
Heap after GC invocations=3 (full 0):
 PSYoungGen      total 76288K, used 10735K [0x000000076b500000, 0x0000000770a00000, 0x00000007c0000000)
  eden space 65536K, 0% used [0x000000076b500000,0x000000076b500000,0x000000076f500000)
  from space 10752K, 99% used [0x000000076f500000,0x000000076ff7bcc0,0x000000076ff80000)
  to   space 10752K, 0% used [0x000000076ff80000,0x000000076ff80000,0x0000000770a00000)
 ParOldGen       total 175104K, used 12009K [0x00000006c1e00000, 0x00000006cc900000, 0x000000076b500000)
  object space 175104K, 6% used [0x00000006c1e00000,0x00000006c29ba598,0x00000006cc900000)
 Metaspace       used 17286K, capacity 17581K, committed 17792K, reserved 1064960K
  class space    used 1999K, capacity 2095K, committed 2176K, reserved 1048576K
}

Deoptimization events (10 events):
Event: 1.282 Thread 0x000000001ee2c800 Uncommon trap: reason=unstable_if action=reinterpret pc=0x0000000002879fa4 method=sun.misc.FloatingDecimal.readJavaFormatString(Ljava/lang/String;)Lsun/misc/FloatingDecimal$ASCIIToBinaryConverter; @ 396
Event: 1.285 Thread 0x000000001ee2c800 Uncommon trap: reason=predicate action=maybe_recompile pc=0x000000000287b380 method=java.util.AbstractCollection.toArray([Ljava/lang/Object;)[Ljava/lang/Object; @ 49
Event: 1.294 Thread 0x000000001ee2c800 Uncommon trap: reason=array_check action=maybe_recompile pc=0x000000000287c968 method=java.util.AbstractCollection.toArray([Ljava/lang/Object;)[Ljava/lang/Object; @ 119
Event: 1.294 Thread 0x000000001ee2c800 Uncommon trap: reason=array_check action=maybe_recompile pc=0x000000000287c968 method=java.util.AbstractCollection.toArray([Ljava/lang/Object;)[Ljava/lang/Object; @ 119
Event: 1.294 Thread 0x000000001ee2c800 Uncommon trap: reason=array_check action=maybe_recompile pc=0x000000000287c968 method=java.util.AbstractCollection.toArray([Ljava/lang/Object;)[Ljava/lang/Object; @ 119
Event: 1.294 Thread 0x000000001ee2c800 Uncommon trap: reason=array_check action=maybe_recompile pc=0x000000000287c968 method=java.util.AbstractCollection.toArray([Ljava/lang/Object;)[Ljava/lang/Object; @ 119
Event: 1.974 Thread 0x000000001ee2c800 Uncommon trap: reason=unstable_if action=reinterpret pc=0x00000000029149b0 method=game.Renderer.render(Lengine/Window;Lgraph/Camera;Lgraph/Camera;Lgraph/Camera;Lgraph/Camera;Lgraph/Camera;Ljava/util/List;)V @ 1186
Event: 2.048 Thread 0x000000001ee2c800 Uncommon trap: reason=unstable_if action=reinterpret pc=0x0000000002932170 method=java.awt.image.DirectColorModel.getDataElements(ILjava/lang/Object;)Ljava/lang/Object; @ 11
Event: 2.077 Thread 0x000000001ee2c800 Uncommon trap: reason=unstable_if action=reinterpret pc=0x0000000002936178 method=game.Renderer.render(Lengine/Window;Lgraph/Camera;Lgraph/Camera;Lgraph/Camera;Lgraph/Camera;Lgraph/Camera;Ljava/util/List;)V @ 785
Event: 2.114 Thread 0x000000001ee2c800 Uncommon trap: reason=unstable_if action=reinterpret pc=0x00000000029448ac method=java.awt.image.BufferedImage.setRGB(IIII[III)V @ 16

Internal exceptions (10 events):
Event: 0.142 Thread 0x000000000247e800 Exception <a 'java/lang/NoSuchFieldError': method resolution failed> (0x000000076b90f418) thrown at [C:\re\workspace\8-2-build-windows-amd64-cygwin\jdk8u131\8869\hotspot\src\share\vm\prims\methodHandles.cpp, line 1146]
Event: 0.143 Thread 0x000000000247e800 Exception <a 'java/lang/NoSuchFieldError': method resolution failed> (0x000000076b91c7e8) thrown at [C:\re\workspace\8-2-build-windows-amd64-cygwin\jdk8u131\8869\hotspot\src\share\vm\prims\methodHandles.cpp, line 1146]
Event: 0.183 Thread 0x000000001ee2c800 Exception <a 'java/lang/NoSuchMethodError': java.lang.Object.lambda$static$0(Ljava/lang/String;)Ljava/lang/Boolean;> (0x000000076bbb0f40) thrown at [C:\re\workspace\8-2-build-windows-amd64-cygwin\jdk8u131\8869\hotspot\src\share\vm\interpreter\linkResolver
Event: 0.683 Thread 0x000000001ee2c800 Exception <a 'sun/nio/fs/WindowsException'> (0x000000076be64d60) thrown at [C:\re\workspace\8-2-build-windows-amd64-cygwin\jdk8u131\8869\hotspot\src\share\vm\prims\jni.cpp, line 709]
Event: 0.683 Thread 0x000000001ee2c800 Exception <a 'sun/nio/fs/WindowsException'> (0x000000076be65548) thrown at [C:\re\workspace\8-2-build-windows-amd64-cygwin\jdk8u131\8869\hotspot\src\share\vm\prims\jni.cpp, line 709]
Event: 0.869 Thread 0x000000001ee2c800 Exception <a 'java/io/FileNotFoundException'> (0x000000076c4e6b28) thrown at [C:\re\workspace\8-2-build-windows-amd64-cygwin\jdk8u131\8869\hotspot\src\share\vm\prims\jni.cpp, line 709]
Event: 0.898 Thread 0x000000001ee2c800 Implicit null exception at 0x000000000274be96 to 0x000000000274c245
Event: 0.899 Thread 0x000000001ee2c800 Implicit null exception at 0x00000000026fdb56 to 0x00000000026fdefd
Event: 0.901 Thread 0x000000001ee2c800 Implicit null exception at 0x0000000002752c15 to 0x0000000002752e55
Event: 2.048 Thread 0x000000001ee2c800 Implicit null exception at 0x0000000002931d7e to 0x0000000002932159

Events (10 events):
Event: 2.297 Thread 0x000000001ee2c800 DEOPT PACKING pc=0x00000000029472ed sp=0x000000001f5cea80
Event: 2.297 Thread 0x000000001ee2c800 DEOPT UNPACKING pc=0x00000000024c787f sp=0x000000001f5ce798 mode 0
Event: 2.339 Executing VM operation: ParallelGCFailedAllocation
Event: 2.345 Executing VM operation: ParallelGCFailedAllocation done
Event: 2.353 Thread 0x000000001ee2c800 DEOPT PACKING pc=0x00000000029472ed sp=0x000000001f5cea80
Event: 2.353 Thread 0x000000001ee2c800 DEOPT UNPACKING pc=0x00000000024c787f sp=0x000000001f5ce798 mode 0
Event: 2.394 Thread 0x000000001ee2c800 DEOPT PACKING pc=0x00000000029472ed sp=0x000000001f5cea80
Event: 2.394 Thread 0x000000001ee2c800 DEOPT UNPACKING pc=0x00000000024c787f sp=0x000000001f5ce798 mode 0
Event: 2.444 Thread 0x000000001ee2c800 DEOPT PACKING pc=0x00000000029472ed sp=0x000000001f5cea80
Event: 2.444 Thread 0x000000001ee2c800 DEOPT UNPACKING pc=0x00000000024c787f sp=0x000000001f5ce798 mode 0


Dynamic libraries:
0x00007ff69c9a0000 - 0x00007ff69c9d7000 	C:\Program Files\Java\jre1.8.0_131\bin\javaw.exe
0x00007ffc435f0000 - 0x00007ffc437c2000 	C:\WINDOWS\SYSTEM32\ntdll.dll
0x00007ffc416e0000 - 0x00007ffc4178c000 	C:\WINDOWS\System32\KERNEL32.DLL
0x00007ffc40860000 - 0x00007ffc40a7d000 	C:\WINDOWS\System32\KERNELBASE.dll
0x00007ffc432d0000 - 0x00007ffc43372000 	C:\WINDOWS\System32\ADVAPI32.dll
0x00007ffc42ff0000 - 0x00007ffc4308e000 	C:\WINDOWS\System32\msvcrt.dll
0x00007ffc433c0000 - 0x00007ffc43419000 	C:\WINDOWS\System32\sechost.dll
0x00007ffc40c40000 - 0x00007ffc40d61000 	C:\WINDOWS\System32\RPCRT4.dll
0x00007ffc40d70000 - 0x00007ffc40ed5000 	C:\WINDOWS\System32\USER32.dll
0x00007ffc3fb40000 - 0x00007ffc3fb5e000 	C:\WINDOWS\System32\win32u.dll
0x00007ffc43380000 - 0x00007ffc433b4000 	C:\WINDOWS\System32\GDI32.dll
0x00007ffc406e0000 - 0x00007ffc40860000 	C:\WINDOWS\System32\gdi32full.dll
0x00007ffc2fc70000 - 0x00007ffc2feea000 	C:\WINDOWS\WinSxS\amd64_microsoft.windows.common-controls_6595b64144ccf1df_6.0.14393.953_none_42151e83c686086b\COMCTL32.dll
0x00007ffc40f40000 - 0x00007ffc41208000 	C:\WINDOWS\System32\combase.dll
0x00007ffc40410000 - 0x00007ffc40505000 	C:\WINDOWS\System32\ucrtbase.dll
0x00007ffc402f0000 - 0x00007ffc4035a000 	C:\WINDOWS\System32\bcryptPrimitives.dll
0x00007ffc432a0000 - 0x00007ffc432ce000 	C:\WINDOWS\System32\IMM32.DLL
0x000000006be50000 - 0x000000006bf22000 	C:\Program Files\Java\jre1.8.0_131\bin\msvcr100.dll
0x000000006b1d0000 - 0x000000006ba6c000 	C:\Program Files\Java\jre1.8.0_131\bin\server\jvm.dll
0x00007ffc419b0000 - 0x00007ffc419b8000 	C:\WINDOWS\System32\PSAPI.DLL
0x00007ffc3e010000 - 0x00007ffc3e033000 	C:\WINDOWS\SYSTEM32\WINMM.dll
0x00007ffc34de0000 - 0x00007ffc34dea000 	C:\WINDOWS\SYSTEM32\VERSION.dll
0x00007ffc30920000 - 0x00007ffc30929000 	C:\WINDOWS\SYSTEM32\WSOCK32.dll
0x00007ffc43440000 - 0x00007ffc434aa000 	C:\WINDOWS\System32\WS2_32.dll
0x00007ffc3dfb0000 - 0x00007ffc3dfdb000 	C:\WINDOWS\SYSTEM32\WINMMBASE.dll
0x00007ffc3faf0000 - 0x00007ffc3fb32000 	C:\WINDOWS\System32\cfgmgr32.dll
0x000000006c170000 - 0x000000006c17f000 	C:\Program Files\Java\jre1.8.0_131\bin\verify.dll
0x000000006bfd0000 - 0x000000006bff9000 	C:\Program Files\Java\jre1.8.0_131\bin\java.dll
0x000000006c150000 - 0x000000006c166000 	C:\Program Files\Java\jre1.8.0_131\bin\zip.dll
0x00007ffc41ad0000 - 0x00007ffc42fd8000 	C:\WINDOWS\System32\SHELL32.dll
0x00007ffc3fc10000 - 0x00007ffc402e8000 	C:\WINDOWS\System32\windows.storage.dll
0x00007ffc3fa80000 - 0x00007ffc3facc000 	C:\WINDOWS\System32\powrprof.dll
0x00007ffc40be0000 - 0x00007ffc40c32000 	C:\WINDOWS\System32\shlwapi.dll
0x00007ffc3fad0000 - 0x00007ffc3fadf000 	C:\WINDOWS\System32\kernel.appcore.dll
0x00007ffc40360000 - 0x00007ffc40409000 	C:\WINDOWS\System32\shcore.dll
0x00007ffc3fa60000 - 0x00007ffc3fa74000 	C:\WINDOWS\System32\profapi.dll
0x000000006bcb0000 - 0x000000006be48000 	C:\Program Files\Java\jre1.8.0_131\bin\awt.dll
0x00007ffc418f0000 - 0x00007ffc419af000 	C:\WINDOWS\System32\OLEAUT32.dll
0x00007ffc40a80000 - 0x00007ffc40b1c000 	C:\WINDOWS\System32\msvcp_win.dll
0x00007ffc3dea0000 - 0x00007ffc3df1a000 	C:\WINDOWS\SYSTEM32\apphelp.dll
0x000000006bfb0000 - 0x000000006bfca000 	C:\Program Files\Java\jre1.8.0_131\bin\net.dll
0x00007ffc3f390000 - 0x00007ffc3f3ec000 	C:\WINDOWS\system32\mswsock.dll
0x000000006bf90000 - 0x000000006bfa1000 	C:\Program Files\Java\jre1.8.0_131\bin\nio.dll
0x00007ffc362b0000 - 0x00007ffc36308000 	C:\Users\simon\AppData\Local\Temp\lwjglsimon\3.1.3-SNAPSHOT\lwjgl.dll
0x00007ffc26af0000 - 0x00007ffc26b3d000 	C:\Users\simon\AppData\Local\Temp\lwjglsimon\3.1.3-SNAPSHOT\glfw.dll
0x00007ffc3e2c0000 - 0x00007ffc3e355000 	C:\WINDOWS\system32\uxtheme.dll
0x00007ffc3b100000 - 0x00007ffc3b140000 	C:\WINDOWS\SYSTEM32\dinput8.dll
0x00007ffc3c240000 - 0x00007ffc3c24e000 	C:\WINDOWS\SYSTEM32\xinput1_4.dll
0x00007ffc3e7a0000 - 0x00007ffc3e7c8000 	C:\WINDOWS\SYSTEM32\DEVOBJ.dll
0x00007ffc3d920000 - 0x00007ffc3d946000 	C:\WINDOWS\SYSTEM32\dwmapi.dll
0x00007ffc41790000 - 0x00007ffc418ea000 	C:\WINDOWS\System32\MSCTF.dll
0x00007ffc08bc0000 - 0x00007ffc08bf5000 	C:\Program Files\Nahimic\NahimicMSI\UserInterface\x64\NahimicMSIDevProps.dll
0x00007ffc434b0000 - 0x00007ffc435e8000 	C:\WINDOWS\System32\ole32.dll
0x00007ffc09240000 - 0x00007ffc0928d000 	C:\Program Files\Nahimic\NahimicMSI\UserInterface\x64\NahimicMSIOSD.dll
0x00007ffc3ea60000 - 0x00007ffc3ea6c000 	C:\WINDOWS\SYSTEM32\HID.DLL
0x000000001fae0000 - 0x000000001fb7f000 	C:\WINDOWS\System32\clbcatq.dll
0x00007ffc3c560000 - 0x00007ffc3c5d1000 	C:\WINDOWS\System32\MMDevApi.dll
0x00007ffc3d3e0000 - 0x00007ffc3d565000 	C:\WINDOWS\System32\PROPSYS.dll
0x00007ffc1b0b0000 - 0x00007ffc1b144000 	C:\WINDOWS\SYSTEM32\AUDIOSES.DLL
0x00007ffc3c5e0000 - 0x00007ffc3c716000 	C:\WINDOWS\SYSTEM32\wintypes.dll
0x00007ffc41210000 - 0x00007ffc41639000 	C:\WINDOWS\System32\SETUPAPI.DLL
0x00007ffc40b20000 - 0x00007ffc40b75000 	C:\WINDOWS\System32\WINTRUST.dll
0x00007ffc3fae0000 - 0x00007ffc3faf0000 	C:\WINDOWS\System32\MSASN1.dll
0x00007ffc40510000 - 0x00007ffc406d9000 	C:\WINDOWS\System32\CRYPT32.dll
0x00007ffc24d20000 - 0x00007ffc24e43000 	C:\WINDOWS\SYSTEM32\opengl32.dll
0x00007ffc242d0000 - 0x00007ffc243c7000 	C:\WINDOWS\SYSTEM32\DDRAW.dll
0x00007ffc2d840000 - 0x00007ffc2d86d000 	C:\WINDOWS\SYSTEM32\GLU32.dll
0x00007ffc35320000 - 0x00007ffc35328000 	C:\WINDOWS\SYSTEM32\DCIMAN32.dll
0x00007ffbeb770000 - 0x00007ffbec487000 	C:\WINDOWS\SYSTEM32\ig8icd64.dll
0x00007ffc3d2d0000 - 0x00007ffc3d2e3000 	C:\WINDOWS\SYSTEM32\WTSAPI32.dll
0x00007ffc37700000 - 0x00007ffc38140000 	C:\WINDOWS\SYSTEM32\igdusc64.dll
0x00007ffc0b880000 - 0x00007ffc0ba0d000 	C:\WINDOWS\SYSTEM32\d3d9.dll
0x00007ffc26a90000 - 0x00007ffc26aef000 	C:\Users\simon\AppData\Local\Temp\lwjglsimon\3.1.3-SNAPSHOT\lwjgl_opengl.dll
0x000000006bc60000 - 0x000000006bca7000 	C:\Program Files\Java\jre1.8.0_131\bin\fontmanager.dll
0x000000006bc10000 - 0x000000006bc52000 	C:\Program Files\Java\jre1.8.0_131\bin\t2k.dll
0x00007ffc3cfc0000 - 0x00007ffc3d06c000 	C:\WINDOWS\WinSxS\amd64_microsoft.windows.common-controls_6595b64144ccf1df_5.82.14393.447_none_0d5aa7fbb6d35646\comctl32.dll
0x00007ffc31530000 - 0x00007ffc31895000 	C:\Windows\System32\ActXPrxy.dll
0x00007ffc25510000 - 0x00007ffc25637000 	C:\WINDOWS\system32\NetworkExplorer.dll
0x00007ffc34160000 - 0x00007ffc3417b000 	C:\WINDOWS\SYSTEM32\MPR.dll
0x00007ffc1ad70000 - 0x00007ffc1ad86000 	C:\WINDOWS\System32\ntlanman.dll
0x00007ffc30a50000 - 0x00007ffc30a5b000 	C:\WINDOWS\System32\drprov.dll
0x00007ffc3ece0000 - 0x00007ffc3ed36000 	C:\WINDOWS\System32\WINSTA.dll
0x00007ffc1a770000 - 0x00007ffc1a790000 	C:\WINDOWS\System32\davclnt.dll
0x00007ffc2bbf0000 - 0x00007ffc2bbfc000 	C:\WINDOWS\System32\DAVHLPR.dll
0x00007ffc3cb00000 - 0x00007ffc3cb16000 	C:\WINDOWS\System32\wkscli.dll
0x00007ffc3f640000 - 0x00007ffc3f66b000 	C:\WINDOWS\System32\bcrypt.dll
0x00007ffc2ffd0000 - 0x00007ffc2ffe2000 	C:\WINDOWS\SYSTEM32\cscapi.dll
0x00007ffc3f200000 - 0x00007ffc3f20d000 	C:\WINDOWS\System32\netutils.dll
0x00007ffc02ad0000 - 0x00007ffc02b1d000 	C:\Windows\System32\dlnashext.dll
0x00007ffc24260000 - 0x00007ffc242d0000 	C:\Windows\System32\PlayToDevice.dll
0x00007ffc35be0000 - 0x00007ffc35bfe000 	C:\Windows\System32\DevDispItemProvider.dll
0x00007ffc02bb0000 - 0x00007ffc02daf000 	C:\WINDOWS\system32\wpdshext.dll
0x00007ffc34ef0000 - 0x00007ffc35089000 	C:\WINDOWS\WinSxS\amd64_microsoft.windows.gdiplus_6595b64144ccf1df_1.1.14393.1715_none_aec701fbddd850fa\gdiplus.dll
0x00007ffc3d070000 - 0x00007ffc3d10e000 	C:\Windows\System32\PortableDeviceApi.dll
0x00007ffc1bc50000 - 0x00007ffc1bc86000 	C:\Windows\System32\EhStorShell.dll
0x00007ffc2d0c0000 - 0x00007ffc2d0e5000 	C:\Windows\System32\EhStorAPI.dll
0x00007ffc31470000 - 0x00007ffc31480000 	C:\WINDOWS\SYSTEM32\LINKINFO.dll
0x00007ffc39bd0000 - 0x00007ffc39d78000 	C:\WINDOWS\SYSTEM32\WindowsCodecs.dll
0x00007ffc2a950000 - 0x00007ffc2a999000 	C:\WINDOWS\system32\dataexchange.dll
0x00007ffc39910000 - 0x00007ffc39bc6000 	C:\WINDOWS\system32\d3d11.dll
0x00007ffc3d7c0000 - 0x00007ffc3d911000 	C:\WINDOWS\system32\dcomp.dll
0x00007ffc3eb00000 - 0x00007ffc3eb9f000 	C:\WINDOWS\system32\dxgi.dll
0x00007ffc3e590000 - 0x00007ffc3e6ac000 	C:\WINDOWS\system32\twinapi.appcore.dll
0x00007ffbe7af0000 - 0x00007ffbeb765000 	D:\Downloads\opencv\build\java\x64\opencv_java330.dll
0x00007ffc35c00000 - 0x00007ffc35c18000 	C:\WINDOWS\SYSTEM32\AVICAP32.dll
0x00007ffc34b80000 - 0x00007ffc34ba0000 	C:\WINDOWS\SYSTEM32\AVIFIL32.dll
0x00007ffc25470000 - 0x00007ffc25499000 	C:\WINDOWS\SYSTEM32\MSVFW32.dll
0x00007ffc2c9b0000 - 0x00007ffc2c9cc000 	C:\WINDOWS\SYSTEM32\MSACM32.dll
0x00007ffc1f670000 - 0x00007ffc1f6f1000 	C:\WINDOWS\SYSTEM32\OpenCL.dll
0x00007ffbee580000 - 0x00007ffbeef9e000 	C:\WINDOWS\System32\nvopencl.dll
0x00007ffc02a10000 - 0x00007ffc02ac3000 	C:\WINDOWS\SYSTEM32\nvfatbinaryLoader.dll
0x00007ffc2e4f0000 - 0x00007ffc2e919000 	C:\WINDOWS\system32\nvapi64.dll
0x00007ffc241f0000 - 0x00007ffc24257000 	C:\WINDOWS\SYSTEM32\IntelOpenCL64.dll
0x00007ffc00c90000 - 0x00007ffc00e52000 	C:\Program Files (x86)\Common Files\Intel\OpenCL\bin\x64\intelocl64.dll
0x00007ffc019d0000 - 0x00007ffc01a6d000 	C:\Program Files (x86)\Common Files\Intel\OpenCL\bin\x64\task_executor64.dll
0x00007ffbff450000 - 0x00007ffbff528000 	C:\Program Files (x86)\Common Files\Intel\OpenCL\bin\x64\cpu_device64.dll
0x00007ffbe7620000 - 0x00007ffbe7ae1000 	C:\WINDOWS\SYSTEM32\igdrcl64.dll
0x00007ffc240f0000 - 0x00007ffc24133000 	C:\WINDOWS\SYSTEM32\igdfcl64.dll
0x00007ffbe6c00000 - 0x00007ffbe7177000 	C:\WINDOWS\SYSTEM32\igdmcl64.dll
0x00007ffc30690000 - 0x00007ffc30822000 	C:\WINDOWS\SYSTEM32\dbghelp.dll
0x00007ffc19e60000 - 0x00007ffc19ecd000 	C:\WINDOWS\SYSTEM32\igdbcl64.dll

VM Arguments:
jvm_args: -Djava.library.path=D:\Downloads\opencv\build\java\x64 -Dfile.encoding=Cp1252 
java_command: game.Main
java_class_path (initial): C:\Users\simon\git\PenO-Testbed-poging-3\src;D:\Downloads\lwjgl_util.jar;D:\Downloads\lwjgl-release-3.1.3-custom\lwjgl.jar;D:\Downloads\lwjgl-release-3.1.3-custom\lwjgl-assimp.jar;D:\Downloads\lwjgl-release-3.1.3-custom\lwjgl-assimp-natives-windows.jar;D:\Downloads\lwjgl-release-3.1.3-custom\lwjgl-bgfx.jar;D:\Downloads\lwjgl-release-3.1.3-custom\lwjgl-bgfx-natives-windows.jar;D:\Downloads\lwjgl-release-3.1.3-custom\lwjgl-egl.jar;D:\Downloads\lwjgl-release-3.1.3-custom\lwjgl-glfw.jar;D:\Downloads\lwjgl-release-3.1.3-custom\lwjgl-glfw-natives-windows.jar;D:\Downloads\lwjgl-release-3.1.3-custom\lwjgl-jawt.jar;D:\Downloads\lwjgl-release-3.1.3-custom\lwjgl-jemalloc.jar;D:\Downloads\lwjgl-release-3.1.3-custom\lwjgl-jemalloc-natives-windows.jar;D:\Downloads\lwjgl-release-3.1.3-custom\lwjgl-lmdb.jar;D:\Downloads\lwjgl-release-3.1.3-custom\lwjgl-lmdb-natives-windows.jar;D:\Downloads\lwjgl-release-3.1.3-custom\lwjgl-nanovg.jar;D:\Downloads\lwjgl-release-3.1.3-custom\lwjgl-nanovg-natives-windows.jar;D:\Downloads\lwjgl-release-3.1.3-custom\lwjgl-natives-windows.jar;D:\Downloads\lwjgl-release-3.1.3-custom\lwjgl-nfd.jar;D:\Downloads\lwjgl-release-3.1.3-custom\lwjgl-nfd-natives-windows.jar;D:\Downloads\lwjgl-release-3.1.3-custom\lwjgl-nuklear.jar;D:\Downloads\lwjgl-release-3.1.3-custom\lwjgl-nuklear-natives-windows.jar;D:\Downloads\lwjgl-release-3.1.3-custom\lwjgl-openal.jar;D:\Downloads\lwjgl-release-3.1.3-custom\lwjgl-openal-natives-windows.jar;D:\Downloads\lwjgl-release-3.1.3-custom\lwjgl-opencl.jar;D:\Downloads\lwjgl-release-3.1.3-custom\lwjgl-opengl.jar;D:\Downloads\lwjgl-release-3.1.3-custom\lwjgl-opengles.jar;D:\Downloads\lwjgl-release-3.1.3-custom\lwjgl-opengles-natives-windows.jar;D:\Downloads\lwjgl-release-3.1.3-custom\lwjgl-opengl-natives-windows.jar;D:\Downloads\lwjgl-release-3.1.3-custom\lwjgl-openvr.jar;D:\Downloads\lwjgl-release-3.1.3-custom\lwjgl-openvr-natives-windows.jar;D:\Downloads\lwjgl-release-3.1.3-custom\lwjgl-ovr.jar;D:\Downloa
Launcher Type: SUN_STANDARD

Environment Variables:
PATH=C:/Program Files/Java/jre1.8.0_131/bin/server;C:/Program Files/Java/jre1.8.0_131/bin;C:/Program Files/Java/jre1.8.0_131/lib/amd64;C:\ProgramData\Oracle\Java\javapath;C:\Program Files (x86)\Intel\iCLS Client\;C:\Program Files\Intel\iCLS Client\;C:\Windows\system32;C:\Windows;C:\Windows\System32\Wbem;C:\Windows\System32\WindowsPowerShell\v1.0\;C:\Program Files\Intel\WiFi\bin\;C:\Program Files\Common Files\Intel\WirelessCommon\;C:\Program Files (x86)\Intel\Intel(R) Management Engine Components\DAL;C:\Program Files\Intel\Intel(R) Management Engine Components\DAL;C:\Program Files (x86)\Intel\Intel(R) Management Engine Components\IPT;C:\Program Files\Intel\Intel(R) Management Engine Components\IPT;C:\Program Files (x86)\NVIDIA Corporation\PhysX\Common;C:\Program Files\MATLAB\R2015b\runtime\win64;C:\Program Files\MATLAB\R2015b\bin;C:\WINDOWS\system32;C:\WINDOWS;C:\WINDOWS\System32\Wbem;C:\WINDOWS\System32\WindowsPowerShell\v1.0\;C:\Program Files (x86)\Skype\Phone\;C:\Program Files\Git\cmd;C:\Users\simon\AppData\Local\Microsoft\WindowsApps;C:\texlive\2016\bin\win32;C:\Python27;C:\pypy2-v5.6.0-win32;C:\WINDOWS\System32;
USERNAME=simon
OS=Windows_NT
PROCESSOR_IDENTIFIER=Intel64 Family 6 Model 71 Stepping 1, GenuineIntel



---------------  S Y S T E M  ---------------

OS: Windows 10.0 , 64 bit Build 14393 (10.0.14393.1198)

CPU:total 8 (initial active 8) (4 cores per cpu, 2 threads per core) family 6 model 71 stepping 1, cmov, cx8, fxsr, mmx, sse, sse2, sse3, ssse3, sse4.1, sse4.2, popcnt, avx, avx2, aes, clmul, erms, 3dnowpref, lzcnt, ht, tsc, tscinvbit, bmi1, bmi2, adx

Memory: 4k page, physical 16653772k(8608072k free), swap 19144140k(9543140k free)

vm_info: Java HotSpot(TM) 64-Bit Server VM (25.131-b11) for windows-amd64 JRE (1.8.0_131-b11), built on Mar 15 2017 01:23:53 by "java_re" with MS VC++ 10.0 (VS2010)

time: Mon Dec 04 18:27:35 2017
elapsed time: 2 seconds (0d 0h 0m 2s)

