#
# A fatal error has been detected by the Java Runtime Environment:
#
#  EXCEPTION_ACCESS_VIOLATION (0xc0000005) at pc=0x00007ffa4f39846d, pid=15392, tid=0x00000000000032c4
#
# JRE version: Java(TM) SE Runtime Environment (8.0_131-b11) (build 1.8.0_131-b11)
# Java VM: Java HotSpot(TM) 64-Bit Server VM (25.131-b11 mixed mode windows-amd64 compressed oops)
# Problematic frame:
# C  [lwjgl_opengl.dll+0x846d]
#
# Failed to write core dump. Minidumps are not enabled by default on client versions of Windows
#
# If you would like to submit a bug report, please visit:
#   http://bugreport.java.com/bugreport/crash.jsp
# The crash happened outside the Java Virtual Machine in native code.
# See problematic frame for where to report the bug.
#

---------------  T H R E A D  ---------------

Current thread (0x00000000033fe800):  JavaThread "main" [_thread_in_native, id=12996, stack(0x0000000004c40000,0x0000000004d40000)]

siginfo: ExceptionCode=0xc0000005, reading address 0x0000000000000f70

Registers:
RAX=0x0000000051bd0d50, RBX=0x000000001e544048, RCX=0x0000000000000001, RDX=0x0000000021a67fcc
RSP=0x0000000004d3f328, RBP=0x0000000004d3f3a8, RSI=0x0000000000000210, RDI=0x0000000004ec7e70
R8 =0x0000000000000001, R9 =0x0000000021a67fcc, R10=0x0000000000000000, R11=0x000000005165bd80
R12=0x0000000000000000, R13=0x000000001e544048, R14=0x0000000004d3f3d8, R15=0x00000000033fe800
RIP=0x00007ffa4f39846d, EFLAGS=0x0000000000010202

Top of Stack: (sp=0x0000000004d3f328)
0x0000000004d3f328:   0000000004ed7f74 0000000004ec7e70
0x0000000004d3f338:   0000000004ed7ceb 00000000033fe800
0x0000000004d3f348:   000000001e544048 0000000000000210
0x0000000004d3f358:   00000000033fe800 0000000004ed7ca2
0x0000000004d3f368:   0000000004d3f368 000000001e544048
0x0000000004d3f378:   0000000004d3f3d8 000000001e55d428
0x0000000004d3f388:   0000000000000000 000000001e544048
0x0000000004d3f398:   0000000000000000 0000000004d3f3c8
0x0000000004d3f3a8:   0000000004d3f420 0000000004ec835d
0x0000000004d3f3b8:   000000076bd1dd70 0000000004ed19d8
0x0000000004d3f3c8:   0000000021a67fcc 000000076bf2e520
0x0000000004d3f3d8:   0000000000000001 0000000004d3f3e0
0x0000000004d3f3e8:   000000001e5441bc 0000000004d3f450
0x0000000004d3f3f8:   000000001e55d428 0000000000000000
0x0000000004d3f408:   000000001e544228 0000000004d3f3c8
0x0000000004d3f418:   0000000004d3f458 0000000004d3f4a0 

Instructions: (pc=0x00007ffa4f39846d)
0x00007ffa4f39844d:   49 ff a2 30 0a 00 00 cc cc cc cc cc cc cc cc cc
0x00007ffa4f39845d:   cc cc cc 48 8b 01 49 8b d1 41 8b c8 4c 8b 50 18
0x00007ffa4f39846d:   49 ff a2 70 0f 00 00 cc cc cc cc cc cc cc cc cc
0x00007ffa4f39847d:   cc cc cc 48 8b 01 48 8b 48 18 48 8b 81 78 1c 00 


Register to memory mapping:

RAX=0x0000000051bd0d50 is an unknown value
RBX={method} {0x000000001e544050} 'nglGenVertexArrays' '(IJ)V' in 'org/lwjgl/opengl/GL30'
RCX=0x0000000000000001 is an unknown value
RDX=0x0000000021a67fcc is an unknown value
RSP=0x0000000004d3f328 is pointing into the stack for thread: 0x00000000033fe800
RBP=0x0000000004d3f3a8 is pointing into the stack for thread: 0x00000000033fe800
RSI=0x0000000000000210 is an unknown value
RDI=0x0000000004ec7e70 is at code_begin+1040 in an Interpreter codelet
invoke return entry points  [0x0000000004ec7a60, 0x0000000004ec8440]  2528 bytes
R8 =0x0000000000000001 is an unknown value
R9 =0x0000000021a67fcc is an unknown value
R10=0x0000000000000000 is an unknown value
R11=0x000000005165bd80 is an unknown value
R12=0x0000000000000000 is an unknown value
R13={method} {0x000000001e544050} 'nglGenVertexArrays' '(IJ)V' in 'org/lwjgl/opengl/GL30'
R14=0x0000000004d3f3d8 is pointing into the stack for thread: 0x00000000033fe800
R15=0x00000000033fe800 is a thread


Stack: [0x0000000004c40000,0x0000000004d40000],  sp=0x0000000004d3f328,  free space=1020k
Native frames: (J=compiled Java code, j=interpreted, Vv=VM code, C=native code)
C  [lwjgl_opengl.dll+0x846d]

Java frames: (J=compiled Java code, j=interpreted, Vv=VM code)
j  org.lwjgl.opengl.GL30.nglGenVertexArrays(IJ)V+0
j  org.lwjgl.opengl.GL30.glGenVertexArrays()I+20
j  graph.Mesh.<init>([F[F[I[FLgraph/Texture;)V+36
j  game.Airport.generateMesh()Lgraph/Mesh;+81
j  game.Airport.<init>(FFFFFI)V+33
j  game.AirportController.<init>()V+50
j  game.DummyGame.<init>()V+350
j  game.Main.main([Ljava/lang/String;)V+6
v  ~StubRoutines::call_stub

---------------  P R O C E S S  ---------------

Java Threads: ( => current thread )
  0x0000000021906000 JavaThread "AWT-EventQueue-0" [_thread_blocked, id=8924, stack(0x00000000224e0000,0x00000000225e0000)]
  0x000000002189d800 JavaThread "AWT-Windows" daemon [_thread_in_native, id=1276, stack(0x0000000022120000,0x0000000022220000)]
  0x000000002189c800 JavaThread "AWT-Shutdown" [_thread_blocked, id=16308, stack(0x0000000022020000,0x0000000022120000)]
  0x000000002189b000 JavaThread "Java2D Disposer" daemon [_thread_blocked, id=9244, stack(0x0000000021f10000,0x0000000022010000)]
  0x0000000020889800 JavaThread "Service Thread" daemon [_thread_blocked, id=14036, stack(0x00000000213c0000,0x00000000214c0000)]
  0x00000000207e5800 JavaThread "C1 CompilerThread3" daemon [_thread_blocked, id=7356, stack(0x00000000212c0000,0x00000000213c0000)]
  0x00000000207e8000 JavaThread "C2 CompilerThread2" daemon [_thread_blocked, id=15868, stack(0x00000000211c0000,0x00000000212c0000)]
  0x00000000207e1000 JavaThread "C2 CompilerThread1" daemon [_thread_blocked, id=16164, stack(0x00000000210c0000,0x00000000211c0000)]
  0x00000000207da000 JavaThread "C2 CompilerThread0" daemon [_thread_blocked, id=6172, stack(0x0000000020fc0000,0x00000000210c0000)]
  0x00000000207d8800 JavaThread "Attach Listener" daemon [_thread_blocked, id=10904, stack(0x0000000020ec0000,0x0000000020fc0000)]
  0x000000001e8de800 JavaThread "Signal Dispatcher" daemon [_thread_blocked, id=14852, stack(0x0000000020dc0000,0x0000000020ec0000)]
  0x000000001e8d3800 JavaThread "Finalizer" daemon [_thread_blocked, id=9140, stack(0x0000000020bb0000,0x0000000020cb0000)]
  0x0000000004eb7000 JavaThread "Reference Handler" daemon [_thread_blocked, id=16328, stack(0x00000000206b0000,0x00000000207b0000)]
=>0x00000000033fe800 JavaThread "main" [_thread_in_native, id=12996, stack(0x0000000004c40000,0x0000000004d40000)]

Other Threads:
  0x000000001e8c9000 VMThread [stack: 0x00000000205b0000,0x00000000206b0000] [id=16080]
  0x000000002089c000 WatcherThread [stack: 0x0000000021610000,0x0000000021710000] [id=4308]

VM state:not at safepoint (normal execution)

VM Mutex/Monitor currently owned by a thread: None

Heap:
 PSYoungGen      total 76288K, used 10486K [0x000000076b500000, 0x0000000770a00000, 0x00000007c0000000)
  eden space 65536K, 16% used [0x000000076b500000,0x000000076bf3d860,0x000000076f500000)
  from space 10752K, 0% used [0x000000076ff80000,0x000000076ff80000,0x0000000770a00000)
  to   space 10752K, 0% used [0x000000076f500000,0x000000076f500000,0x000000076ff80000)
 ParOldGen       total 175104K, used 0K [0x00000006c1e00000, 0x00000006cc900000, 0x000000076b500000)
  object space 175104K, 0% used [0x00000006c1e00000,0x00000006c1e00000,0x00000006cc900000)
 Metaspace       used 8860K, capacity 9064K, committed 9088K, reserved 1056768K
  class space    used 1043K, capacity 1131K, committed 1152K, reserved 1048576K

Card table byte_map: [0x0000000014280000,0x0000000014a80000] byte_map_base: 0x0000000010c71000

Marking Bits: (ParMarkBitMap*) 0x0000000051c4c720
 Begin Bits: [0x00000000157d0000, 0x0000000019758000)
 End Bits:   [0x0000000019758000, 0x000000001d6e0000)

Polling page: 0x00000000033a0000

CodeCache: size=245760Kb used=2283Kb max_used=2283Kb free=243476Kb
 bounds [0x0000000004ec0000, 0x0000000005130000, 0x0000000013ec0000]
 total_blobs=942 nmethods=490 adapters=365
 compilation: enabled

Compilation events (10 events):
Event: 0.628 Thread 0x00000000207e5800 nmethod 481 0x00000000050f1350 code [0x00000000050f14a0, 0x00000000050f1590]
Event: 0.629 Thread 0x00000000207e8000  482       4       java.lang.String::indexOf (166 bytes)
Event: 0.629 Thread 0x00000000207e5800  483       1       java.security.CodeSource::getLocation (5 bytes)
Event: 0.629 Thread 0x00000000207e5800 nmethod 483 0x00000000050f1610 code [0x00000000050f1760, 0x00000000050f1870]
Event: 0.630 Thread 0x00000000207e5800  485       3       java.io.File::exists (43 bytes)
Event: 0.630 Thread 0x00000000207e5800 nmethod 485 0x00000000050f1c90 code [0x00000000050f1e20, 0x00000000050f22a8]
Event: 0.632 Thread 0x00000000207e5800  486       3       java.lang.ClassLoader::loadClass (7 bytes)
Event: 0.632 Thread 0x00000000207e5800 nmethod 486 0x00000000050f23d0 code [0x00000000050f2540, 0x00000000050f2768]
Event: 0.633 Thread 0x00000000207e5800  487   !   3       java.net.URL::<init> (543 bytes)
Event: 0.633 Thread 0x00000000207e8000 nmethod 482 0x00000000050f5950 code [0x00000000050f5aa0, 0x00000000050f5fd8]

GC Heap History (0 events):
No events

Deoptimization events (1 events):
Event: 0.570 Thread 0x00000000033fe800 Uncommon trap: reason=unstable_if action=reinterpret pc=0x000000000509a054 method=java.lang.String.indexOf([CII[CIII)I @ 134

Internal exceptions (10 events):
Event: 0.135 Thread 0x00000000033fe800 Exception <a 'java/security/PrivilegedActionException'> (0x000000076b862e70) thrown at [C:\re\workspace\8-2-build-windows-amd64-cygwin\jdk8u131\8869\hotspot\src\share\vm\prims\jvm.cpp, line 1390]
Event: 0.135 Thread 0x00000000033fe800 Exception <a 'java/security/PrivilegedActionException'> (0x000000076b866ae0) thrown at [C:\re\workspace\8-2-build-windows-amd64-cygwin\jdk8u131\8869\hotspot\src\share\vm\prims\jvm.cpp, line 1390]
Event: 0.135 Thread 0x00000000033fe800 Exception <a 'java/security/PrivilegedActionException'> (0x000000076b866cf0) thrown at [C:\re\workspace\8-2-build-windows-amd64-cygwin\jdk8u131\8869\hotspot\src\share\vm\prims\jvm.cpp, line 1390]
Event: 0.144 Thread 0x00000000033fe800 Exception <a 'java/io/FileNotFoundException'> (0x000000076b88cb70) thrown at [C:\re\workspace\8-2-build-windows-amd64-cygwin\jdk8u131\8869\hotspot\src\share\vm\prims\jni.cpp, line 709]
Event: 0.167 Thread 0x00000000033fe800 Exception <a 'java/lang/NoSuchFieldError': method resolution failed> (0x000000076b95a758) thrown at [C:\re\workspace\8-2-build-windows-amd64-cygwin\jdk8u131\8869\hotspot\src\share\vm\prims\methodHandles.cpp, line 1146]
Event: 0.168 Thread 0x00000000033fe800 Exception <a 'java/lang/NoSuchFieldError': method resolution failed> (0x000000076b967b28) thrown at [C:\re\workspace\8-2-build-windows-amd64-cygwin\jdk8u131\8869\hotspot\src\share\vm\prims\methodHandles.cpp, line 1146]
Event: 0.195 Thread 0x00000000033fe800 Exception <a 'java/io/FileNotFoundException'> (0x000000076b9fbfd0) thrown at [C:\re\workspace\8-2-build-windows-amd64-cygwin\jdk8u131\8869\hotspot\src\share\vm\prims\jni.cpp, line 709]
Event: 0.583 Thread 0x00000000033fe800 Exception <a 'java/lang/NoSuchMethodError': java.lang.Object.lambda$static$0(Ljava/lang/String;)Ljava/lang/Boolean;> (0x000000076bdf8e78) thrown at [C:\re\workspace\8-2-build-windows-amd64-cygwin\jdk8u131\8869\hotspot\src\share\vm\interpreter\linkResolver
Event: 0.623 Thread 0x00000000033fe800 Exception <a 'sun/nio/fs/WindowsException'> (0x000000076bea3540) thrown at [C:\re\workspace\8-2-build-windows-amd64-cygwin\jdk8u131\8869\hotspot\src\share\vm\prims\jni.cpp, line 709]
Event: 0.623 Thread 0x00000000033fe800 Exception <a 'sun/nio/fs/WindowsException'> (0x000000076bea3d28) thrown at [C:\re\workspace\8-2-build-windows-amd64-cygwin\jdk8u131\8869\hotspot\src\share\vm\prims\jni.cpp, line 709]

Events (10 events):
Event: 0.632 loading class org/lwjgl/system/jni/JNINativeInterface
Event: 0.632 loading class org/lwjgl/system/jni/JNINativeInterface done
Event: 0.633 loading class org/lwjgl/system/windows/WinBase
Event: 0.633 loading class org/lwjgl/system/windows/WinBase done
Event: 0.633 loading class org/lwjgl/opengl/GL$1
Event: 0.633 loading class org/lwjgl/opengl/GL$1 done
Event: 0.634 loading class org/lwjgl/opengl/GL$SharedLibraryGL
Event: 0.634 loading class org/lwjgl/opengl/GL$SharedLibraryGL done
Event: 0.634 loading class org/lwjgl/system/SharedLibrary$Delegate
Event: 0.634 loading class org/lwjgl/system/SharedLibrary$Delegate done


Dynamic libraries:
0x00007ff771b70000 - 0x00007ff771ba7000 	C:\Program Files\Java\jre1.8.0_131\bin\javaw.exe
0x00007ffa660a0000 - 0x00007ffa66280000 	C:\WINDOWS\SYSTEM32\ntdll.dll
0x00007ffa65fc0000 - 0x00007ffa6606e000 	C:\WINDOWS\System32\KERNEL32.DLL
0x00007ffa62650000 - 0x00007ffa628b6000 	C:\WINDOWS\System32\KERNELBASE.dll
0x00007ffa65b90000 - 0x00007ffa65c31000 	C:\WINDOWS\System32\ADVAPI32.dll
0x00007ffa63690000 - 0x00007ffa6372d000 	C:\WINDOWS\System32\msvcrt.dll
0x00007ffa65660000 - 0x00007ffa656bb000 	C:\WINDOWS\System32\sechost.dll
0x00007ffa65a70000 - 0x00007ffa65b8f000 	C:\WINDOWS\System32\RPCRT4.dll
0x00007ffa63740000 - 0x00007ffa638cf000 	C:\WINDOWS\System32\USER32.dll
0x00007ffa63500000 - 0x00007ffa63520000 	C:\WINDOWS\System32\win32u.dll
0x00007ffa63b90000 - 0x00007ffa63bb8000 	C:\WINDOWS\System32\GDI32.dll
0x00007ffa62b10000 - 0x00007ffa62ca3000 	C:\WINDOWS\System32\gdi32full.dll
0x00007ffa624a0000 - 0x00007ffa6253b000 	C:\WINDOWS\System32\msvcp_win.dll
0x00007ffa63400000 - 0x00007ffa634f6000 	C:\WINDOWS\System32\ucrtbase.dll
0x00007ffa55ec0000 - 0x00007ffa56129000 	C:\WINDOWS\WinSxS\amd64_microsoft.windows.common-controls_6595b64144ccf1df_6.0.16299.371_none_15c7d1789365a290\COMCTL32.dll
0x00007ffa65760000 - 0x00007ffa65a68000 	C:\WINDOWS\System32\combase.dll
0x00007ffa628c0000 - 0x00007ffa62932000 	C:\WINDOWS\System32\bcryptPrimitives.dll
0x00007ffa656c0000 - 0x00007ffa656ed000 	C:\WINDOWS\System32\IMM32.DLL
0x0000000051170000 - 0x0000000051242000 	C:\Program Files\Java\jre1.8.0_131\bin\msvcr100.dll
0x0000000051430000 - 0x0000000051ccc000 	C:\Program Files\Java\jre1.8.0_131\bin\server\jvm.dll
0x00007ffa63bc0000 - 0x00007ffa63bc8000 	C:\WINDOWS\System32\PSAPI.DLL
0x00007ffa5ea00000 - 0x00007ffa5ea23000 	C:\WINDOWS\SYSTEM32\WINMM.dll
0x00007ffa5c220000 - 0x00007ffa5c22a000 	C:\WINDOWS\SYSTEM32\VERSION.dll
0x00007ffa52280000 - 0x00007ffa52289000 	C:\WINDOWS\SYSTEM32\WSOCK32.dll
0x00007ffa656f0000 - 0x00007ffa6575c000 	C:\WINDOWS\System32\WS2_32.dll
0x00007ffa5e9b0000 - 0x00007ffa5e9da000 	C:\WINDOWS\SYSTEM32\winmmbase.dll
0x00007ffa63520000 - 0x00007ffa6356a000 	C:\WINDOWS\System32\cfgmgr32.dll
0x0000000051340000 - 0x000000005134f000 	C:\Program Files\Java\jre1.8.0_131\bin\verify.dll
0x0000000051310000 - 0x0000000051339000 	C:\Program Files\Java\jre1.8.0_131\bin\java.dll
0x00000000512f0000 - 0x0000000051306000 	C:\Program Files\Java\jre1.8.0_131\bin\zip.dll
0x00007ffa63d00000 - 0x00007ffa65136000 	C:\WINDOWS\System32\SHELL32.dll
0x00007ffa63bd0000 - 0x00007ffa63c76000 	C:\WINDOWS\System32\shcore.dll
0x00007ffa62cb0000 - 0x00007ffa633f7000 	C:\WINDOWS\System32\windows.storage.dll
0x00007ffa65f60000 - 0x00007ffa65fb1000 	C:\WINDOWS\System32\shlwapi.dll
0x00007ffa62430000 - 0x00007ffa62441000 	C:\WINDOWS\System32\kernel.appcore.dll
0x00007ffa62450000 - 0x00007ffa6249c000 	C:\WINDOWS\System32\powrprof.dll
0x00007ffa623f0000 - 0x00007ffa6240b000 	C:\WINDOWS\System32\profapi.dll
0x0000000050fd0000 - 0x0000000051168000 	C:\Program Files\Java\jre1.8.0_131\bin\awt.dll
0x00007ffa65590000 - 0x00007ffa65655000 	C:\WINDOWS\System32\OLEAUT32.dll
0x00007ffa607c0000 - 0x00007ffa60848000 	C:\WINDOWS\SYSTEM32\apphelp.dll
0x00007ffa60bb0000 - 0x00007ffa60bda000 	C:\WINDOWS\system32\DWMAPI.DLL
0x00007ffa608f0000 - 0x00007ffa60985000 	C:\WINDOWS\system32\uxtheme.dll
0x00007ffa568c0000 - 0x00007ffa569de000 	C:\WINDOWS\system32\opengl32.dll
0x00007ffa5ea60000 - 0x00007ffa5ea8c000 	C:\WINDOWS\SYSTEM32\GLU32.dll
0x00007ffa65c40000 - 0x00007ffa65da7000 	C:\WINDOWS\System32\MSCTF.dll
0x00007ffa35030000 - 0x00007ffa35065000 	C:\Program Files\Nahimic\NahimicMSI\UserInterface\x64\NahimicMSIDevProps.dll
0x00007ffa63a40000 - 0x00007ffa63b89000 	C:\WINDOWS\System32\ole32.dll
0x00007ffa35070000 - 0x00007ffa350bd000 	C:\Program Files\Nahimic\NahimicMSI\UserInterface\x64\NahimicMSIOSD.dll
0x00007ffa63590000 - 0x00007ffa6362e000 	C:\WINDOWS\System32\clbcatq.dll
0x00007ffa5cb60000 - 0x00007ffa5cbcf000 	C:\WINDOWS\System32\MMDevApi.dll
0x00007ffa62200000 - 0x00007ffa62227000 	C:\WINDOWS\System32\DEVOBJ.dll
0x00007ffa5e1a0000 - 0x00007ffa5e351000 	C:\WINDOWS\System32\PROPSYS.dll
0x00007ffa4e260000 - 0x00007ffa4e382000 	C:\WINDOWS\SYSTEM32\AUDIOSES.DLL
0x00007ffa5e400000 - 0x00007ffa5e536000 	C:\WINDOWS\SYSTEM32\wintypes.dll
0x00007ffa5d920000 - 0x00007ffa5d92a000 	C:\WINDOWS\SYSTEM32\AVRT.dll
0x0000000050f80000 - 0x0000000050fc7000 	C:\Program Files\Java\jre1.8.0_131\bin\fontmanager.dll
0x00007ffa58c20000 - 0x00007ffa58cb8000 	C:\WINDOWS\System32\TextInputFramework.dll
0x00007ffa60020000 - 0x00007ffa600fc000 	C:\WINDOWS\System32\CoreMessaging.dll
0x00007ffa5d4e0000 - 0x00007ffa5d7ce000 	C:\WINDOWS\System32\CoreUIComponents.dll
0x00007ffa61520000 - 0x00007ffa61551000 	C:\WINDOWS\SYSTEM32\ntmarta.dll
0x00000000512d0000 - 0x00000000512ea000 	C:\Program Files\Java\jre1.8.0_131\bin\net.dll
0x00007ffa61c80000 - 0x00007ffa61ce6000 	C:\WINDOWS\system32\mswsock.dll
0x00000000512b0000 - 0x00000000512c1000 	C:\Program Files\Java\jre1.8.0_131\bin\nio.dll
0x00007ffa58ce0000 - 0x00007ffa58d38000 	C:\Users\simon\AppData\Local\Temp\lwjglsimon\3.1.3-SNAPSHOT\lwjgl.dll
0x00007ffa4f390000 - 0x00007ffa4f3ef000 	C:\Users\simon\AppData\Local\Temp\lwjglsimon\3.1.3-SNAPSHOT\lwjgl_opengl.dll
0x00007ffa50380000 - 0x00007ffa50548000 	C:\WINDOWS\SYSTEM32\dbghelp.dll

VM Arguments:
jvm_args: -Djava.library.path=D:\Downloads\opencv\build\java\x64 -Dfile.encoding=Cp1252 
java_command: game.Main
java_class_path (initial): C:\Users\simon\git\PenO-Testbed-poging-3\src;C:\Users\simon\git\Autopilot\Autopilot\bin;D:\Downloads\lwjgl-release-3.1.3-custom\lwjgl.jar;D:\Downloads\lwjgl-release-3.1.3-custom\lwjgl-assimp.jar;D:\Downloads\lwjgl-release-3.1.3-custom\lwjgl-assimp-natives-windows.jar;D:\Downloads\lwjgl-release-3.1.3-custom\lwjgl-bgfx.jar;D:\Downloads\lwjgl-release-3.1.3-custom\lwjgl-bgfx-natives-windows.jar;D:\Downloads\lwjgl-release-3.1.3-custom\lwjgl-egl.jar;D:\Downloads\lwjgl-release-3.1.3-custom\lwjgl-glfw.jar;D:\Downloads\lwjgl-release-3.1.3-custom\lwjgl-glfw-natives-windows.jar;D:\Downloads\lwjgl-release-3.1.3-custom\lwjgl-jawt.jar;D:\Downloads\lwjgl-release-3.1.3-custom\lwjgl-jemalloc.jar;D:\Downloads\lwjgl-release-3.1.3-custom\lwjgl-jemalloc-natives-windows.jar;D:\Downloads\lwjgl-release-3.1.3-custom\lwjgl-lmdb.jar;D:\Downloads\lwjgl-release-3.1.3-custom\lwjgl-lmdb-natives-windows.jar;D:\Downloads\lwjgl-release-3.1.3-custom\lwjgl-nanovg.jar;D:\Downloads\lwjgl-release-3.1.3-custom\lwjgl-nanovg-natives-windows.jar;D:\Downloads\lwjgl-release-3.1.3-custom\lwjgl-natives-windows.jar;D:\Downloads\lwjgl-release-3.1.3-custom\lwjgl-nfd.jar;D:\Downloads\lwjgl-release-3.1.3-custom\lwjgl-nfd-natives-windows.jar;D:\Downloads\lwjgl-release-3.1.3-custom\lwjgl-nuklear.jar;D:\Downloads\lwjgl-release-3.1.3-custom\lwjgl-nuklear-natives-windows.jar;D:\Downloads\lwjgl-release-3.1.3-custom\lwjgl-openal.jar;D:\Downloads\lwjgl-release-3.1.3-custom\lwjgl-openal-natives-windows.jar;D:\Downloads\lwjgl-release-3.1.3-custom\lwjgl-opencl.jar;D:\Downloads\lwjgl-release-3.1.3-custom\lwjgl-opengl.jar;D:\Downloads\lwjgl-release-3.1.3-custom\lwjgl-opengles.jar;D:\Downloads\lwjgl-release-3.1.3-custom\lwjgl-opengles-natives-windows.jar;D:\Downloads\lwjgl-release-3.1.3-custom\lwjgl-opengl-natives-windows.jar;D:\Downloads\lwjgl-release-3.1.3-custom\lwjgl-openvr.jar;D:\Downloads\lwjgl-release-3.1.3-custom\lwjgl-openvr-natives-windows.jar;D:\Downloads\lwjgl-release-3.1.3-custom\lwjgl-ovr
Launcher Type: SUN_STANDARD

Environment Variables:
PATH=C:/Program Files/Java/jre1.8.0_131/bin/server;C:/Program Files/Java/jre1.8.0_131/bin;C:/Program Files/Java/jre1.8.0_131/lib/amd64;C:\ProgramData\Oracle\Java\javapath;C:\Program Files (x86)\Intel\iCLS Client\;C:\Program Files\Intel\iCLS Client\;C:\Windows\system32;C:\Windows;C:\Windows\System32\Wbem;C:\Windows\System32\WindowsPowerShell\v1.0\;C:\Program Files\Intel\WiFi\bin\;C:\Program Files\Common Files\Intel\WirelessCommon\;C:\Program Files (x86)\Intel\Intel(R) Management Engine Components\DAL;C:\Program Files\Intel\Intel(R) Management Engine Components\DAL;C:\Program Files (x86)\Intel\Intel(R) Management Engine Components\IPT;C:\Program Files\Intel\Intel(R) Management Engine Components\IPT;C:\Program Files (x86)\NVIDIA Corporation\PhysX\Common;C:\Program Files\MATLAB\R2015b\runtime\win64;C:\Program Files\MATLAB\R2015b\bin;C:\WINDOWS\system32;C:\WINDOWS;C:\WINDOWS\System32\Wbem;C:\WINDOWS\System32\WindowsPowerShell\v1.0\;C:\Program Files (x86)\Skype\Phone\;C:\Program Files\Git\cmd;C:\Users\simon\AppData\Local\Microsoft\WindowsApps;C:\texlive\2016\bin\win32;C:\Python27;C:\pypy2-v5.6.0-win32;;C:\WINDOWS\System32;
USERNAME=simon
OS=Windows_NT
PROCESSOR_IDENTIFIER=Intel64 Family 6 Model 71 Stepping 1, GenuineIntel



---------------  S Y S T E M  ---------------

OS: Windows 10.0 , 64 bit Build 16299 (10.0.16299.15)

CPU:total 8 (initial active 8) (4 cores per cpu, 2 threads per core) family 6 model 71 stepping 1, cmov, cx8, fxsr, mmx, sse, sse2, sse3, ssse3, sse4.1, sse4.2, popcnt, avx, avx2, aes, clmul, erms, 3dnowpref, lzcnt, ht, tsc, tscinvbit, bmi1, bmi2, adx

Memory: 4k page, physical 16653772k(8238320k free), swap 19144140k(9118900k free)

vm_info: Java HotSpot(TM) 64-Bit Server VM (25.131-b11) for windows-amd64 JRE (1.8.0_131-b11), built on Mar 15 2017 01:23:53 by "java_re" with MS VC++ 10.0 (VS2010)

time: Tue Apr 17 17:09:21 2018
elapsed time: 0 seconds (0d 0h 0m 0s)

