#
# A fatal error has been detected by the Java Runtime Environment:
#
#  EXCEPTION_ACCESS_VIOLATION (0xc0000005) at pc=0x00007ffa4f39846d, pid=14104, tid=0x0000000000002db4
#
# JRE version: Java(TM) SE Runtime Environment (8.0_131-b11) (build 1.8.0_131-b11)
# Java VM: Java HotSpot(TM) 64-Bit Server VM (25.131-b11 mixed mode windows-amd64 compressed oops)
# Problematic frame:
# C  [lwjgl_opengl.dll+0x846d]
#
# Failed to write core dump. Minidumps are not enabled by default on client versions of Windows
#
# If you would like to submit a bug report, please visit:
#   http://bugreport.java.com/bugreport/crash.jsp
# The crash happened outside the Java Virtual Machine in native code.
# See problematic frame for where to report the bug.
#

---------------  T H R E A D  ---------------

Current thread (0x000000000447e800):  JavaThread "main" [_thread_in_native, id=11700, stack(0x0000000004480000,0x0000000004580000)]

siginfo: ExceptionCode=0xc0000005, reading address 0x0000000000000f70

Registers:
RAX=0x0000000051bd0d50, RBX=0x000000001dab2b60, RCX=0x0000000000000001, RDX=0x000000002114590c
RSP=0x000000000457efc8, RBP=0x000000000457f050, RSI=0x000000076b57e690, RDI=0x0000000004687e70
R8 =0x0000000000000001, R9 =0x000000002114590c, R10=0x0000000000000000, R11=0x000000005165bd80
R12=0x0000000000000000, R13=0x000000001dab2b60, R14=0x000000000457f080, R15=0x000000000447e800
RIP=0x00007ffa4f39846d, EFLAGS=0x0000000000010202

Top of Stack: (sp=0x000000000457efc8)
0x000000000457efc8:   0000000004697f74 0000000004687e70
0x000000000457efd8:   0000000004697cdd 000000000447e800
0x000000000457efe8:   000000001dab2b60 000000076b57e690
0x000000000457eff8:   000000000447e800 000000000457f0f8
0x000000000457f008:   0000000004697ca2 000000000457f010
0x000000000457f018:   000000001dab2b60 000000000457f080
0x000000000457f028:   000000001dacd1e0 0000000000000000
0x000000000457f038:   000000001dab2b60 0000000000000000
0x000000000457f048:   000000000457f070 000000000457f0c8
0x000000000457f058:   000000000468835d 000000076b993e88
0x000000000457f068:   00000000046919d8 000000002114590c
0x000000000457f078:   000000076bbc4370 0000000000000001
0x000000000457f088:   000000000457f088 000000001dab2cd4
0x000000000457f098:   000000000457f0f8 000000001dacd1e0
0x000000000457f0a8:   0000000000000000 000000001dab2d40
0x000000000457f0b8:   000000000457f070 000000000457f100 

Instructions: (pc=0x00007ffa4f39846d)
0x00007ffa4f39844d:   49 ff a2 30 0a 00 00 cc cc cc cc cc cc cc cc cc
0x00007ffa4f39845d:   cc cc cc 48 8b 01 49 8b d1 41 8b c8 4c 8b 50 18
0x00007ffa4f39846d:   49 ff a2 70 0f 00 00 cc cc cc cc cc cc cc cc cc
0x00007ffa4f39847d:   cc cc cc 48 8b 01 48 8b 48 18 48 8b 81 78 1c 00 


Register to memory mapping:

RAX=0x0000000051bd0d50 is an unknown value
RBX={method} {0x000000001dab2b68} 'nglGenVertexArrays' '(IJ)V' in 'org/lwjgl/opengl/GL30'
RCX=0x0000000000000001 is an unknown value
RDX=0x000000002114590c is an unknown value
RSP=0x000000000457efc8 is pointing into the stack for thread: 0x000000000447e800
RBP=0x000000000457f050 is pointing into the stack for thread: 0x000000000447e800
RSI=0x000000076b57e690 is an oop
java.lang.ThreadLocal$ThreadLocalMap 
 - klass: 'java/lang/ThreadLocal$ThreadLocalMap'
RDI=0x0000000004687e70 is at code_begin+1040 in an Interpreter codelet
invoke return entry points  [0x0000000004687a60, 0x0000000004688440]  2528 bytes
R8 =0x0000000000000001 is an unknown value
R9 =0x000000002114590c is an unknown value
R10=0x0000000000000000 is an unknown value
R11=0x000000005165bd80 is an unknown value
R12=0x0000000000000000 is an unknown value
R13={method} {0x000000001dab2b68} 'nglGenVertexArrays' '(IJ)V' in 'org/lwjgl/opengl/GL30'
R14=0x000000000457f080 is pointing into the stack for thread: 0x000000000447e800
R15=0x000000000447e800 is a thread


Stack: [0x0000000004480000,0x0000000004580000],  sp=0x000000000457efc8,  free space=1019k
Native frames: (J=compiled Java code, j=interpreted, Vv=VM code, C=native code)
C  [lwjgl_opengl.dll+0x846d]

Java frames: (J=compiled Java code, j=interpreted, Vv=VM code)
j  org.lwjgl.opengl.GL30.nglGenVertexArrays(IJ)V+0
j  org.lwjgl.opengl.GL30.glGenVertexArrays()I+20
j  graph.Mesh.<init>([F[F[I[FLgraph/Texture;)V+36
j  game.Airport.generateMesh()Lgraph/Mesh;+81
j  game.Airport.<init>(FFFFFI)V+33
j  game.Airport.main([Ljava/lang/String;)V+15
v  ~StubRoutines::call_stub

---------------  P R O C E S S  ---------------

Java Threads: ( => current thread )
  0x000000002003e000 JavaThread "Service Thread" daemon [_thread_blocked, id=6480, stack(0x0000000020b80000,0x0000000020c80000)]
  0x000000001ffb0000 JavaThread "C1 CompilerThread3" daemon [_thread_blocked, id=14128, stack(0x0000000020a80000,0x0000000020b80000)]
  0x000000001ffa1000 JavaThread "C2 CompilerThread2" daemon [_thread_blocked, id=14352, stack(0x0000000020980000,0x0000000020a80000)]
  0x000000001ff9e000 JavaThread "C2 CompilerThread1" daemon [_thread_blocked, id=1736, stack(0x0000000020880000,0x0000000020980000)]
  0x000000001ff9b000 JavaThread "C2 CompilerThread0" daemon [_thread_blocked, id=8512, stack(0x0000000020780000,0x0000000020880000)]
  0x000000001ff99800 JavaThread "Attach Listener" daemon [_thread_blocked, id=16148, stack(0x0000000020680000,0x0000000020780000)]
  0x000000001ff98000 JavaThread "Signal Dispatcher" daemon [_thread_blocked, id=12788, stack(0x0000000020580000,0x0000000020680000)]
  0x000000001ff90800 JavaThread "Finalizer" daemon [_thread_blocked, id=9512, stack(0x0000000020370000,0x0000000020470000)]
  0x0000000004677000 JavaThread "Reference Handler" daemon [_thread_blocked, id=14672, stack(0x000000001fe70000,0x000000001ff70000)]
=>0x000000000447e800 JavaThread "main" [_thread_in_native, id=11700, stack(0x0000000004480000,0x0000000004580000)]

Other Threads:
  0x000000001e089800 VMThread [stack: 0x000000001fd70000,0x000000001fe70000] [id=13820]
  0x0000000020058800 WatcherThread [stack: 0x0000000020dd0000,0x0000000020ed0000] [id=7996]

VM state:not at safepoint (normal execution)

VM Mutex/Monitor currently owned by a thread: None

Heap:
 PSYoungGen      total 76288K, used 7906K [0x000000076b500000, 0x0000000770a00000, 0x00000007c0000000)
  eden space 65536K, 12% used [0x000000076b500000,0x000000076bcb88d0,0x000000076f500000)
  from space 10752K, 0% used [0x000000076ff80000,0x000000076ff80000,0x0000000770a00000)
  to   space 10752K, 0% used [0x000000076f500000,0x000000076f500000,0x000000076ff80000)
 ParOldGen       total 175104K, used 0K [0x00000006c1e00000, 0x00000006cc900000, 0x000000076b500000)
  object space 175104K, 0% used [0x00000006c1e00000,0x00000006c1e00000,0x00000006cc900000)
 Metaspace       used 5724K, capacity 5910K, committed 6144K, reserved 1056768K
  class space    used 661K, capacity 740K, committed 768K, reserved 1048576K

Card table byte_map: [0x0000000013a40000,0x0000000014240000] byte_map_base: 0x0000000010431000

Marking Bits: (ParMarkBitMap*) 0x0000000051c4c720
 Begin Bits: [0x0000000014f90000, 0x0000000018f18000)
 End Bits:   [0x0000000018f18000, 0x000000001cea0000)

Polling page: 0x0000000002610000

CodeCache: size=245760Kb used=2038Kb max_used=2038Kb free=243721Kb
 bounds [0x0000000004680000, 0x00000000048f0000, 0x0000000013680000]
 total_blobs=752 nmethods=421 adapters=244
 compilation: enabled

Compilation events (10 events):
Event: 0.207 Thread 0x000000001ffb0000  413       3       java.lang.invoke.MemberName::init (66 bytes)
Event: 0.207 Thread 0x000000001ffb0000 nmethod 413 0x000000000486b490 code [0x000000000486b5e0, 0x000000000486b7b0]
Event: 0.208 Thread 0x000000001ffb0000  415       3       java.util.zip.ZipFile::access$400 (5 bytes)
Event: 0.208 Thread 0x000000001ffb0000 nmethod 415 0x000000000486b150 code [0x000000000486b2a0, 0x000000000486b3d0]
Event: 0.208 Thread 0x000000001ffb0000  414       1       sun.misc.URLClassPath$JarLoader::access$700 (5 bytes)
Event: 0.208 Thread 0x000000001ffb0000 nmethod 414 0x000000000486ae90 code [0x000000000486afe0, 0x000000000486b0d0]
Event: 0.213 Thread 0x000000001ffb0000  417       3       sun.net.www.protocol.file.Handler::parseURL (18 bytes)
Event: 0.213 Thread 0x000000001ffb0000 nmethod 417 0x000000000486a5d0 code [0x000000000486a740, 0x000000000486a9b8]
Event: 0.213 Thread 0x000000001ffb0000  418       3       java.net.URLStreamHandler::parseURL (1193 bytes)
Event: 0.215 Thread 0x000000001ff9e000  420       4       sun.nio.cs.UTF_8$Encoder::encode (359 bytes)

GC Heap History (0 events):
No events

Deoptimization events (0 events):
No events

Internal exceptions (10 events):
Event: 0.077 Thread 0x000000000447e800 Exception <a 'java/security/PrivilegedActionException'> (0x000000076b5abdd8) thrown at [C:\re\workspace\8-2-build-windows-amd64-cygwin\jdk8u131\8869\hotspot\src\share\vm\prims\jvm.cpp, line 1390]
Event: 0.077 Thread 0x000000000447e800 Exception <a 'java/security/PrivilegedActionException'> (0x000000076b5abfe8) thrown at [C:\re\workspace\8-2-build-windows-amd64-cygwin\jdk8u131\8869\hotspot\src\share\vm\prims\jvm.cpp, line 1390]
Event: 0.077 Thread 0x000000000447e800 Exception <a 'java/security/PrivilegedActionException'> (0x000000076b5afc58) thrown at [C:\re\workspace\8-2-build-windows-amd64-cygwin\jdk8u131\8869\hotspot\src\share\vm\prims\jvm.cpp, line 1390]
Event: 0.077 Thread 0x000000000447e800 Exception <a 'java/security/PrivilegedActionException'> (0x000000076b5afe68) thrown at [C:\re\workspace\8-2-build-windows-amd64-cygwin\jdk8u131\8869\hotspot\src\share\vm\prims\jvm.cpp, line 1390]
Event: 0.101 Thread 0x000000000447e800 Exception <a 'java/io/FileNotFoundException'> (0x000000076b814490) thrown at [C:\re\workspace\8-2-build-windows-amd64-cygwin\jdk8u131\8869\hotspot\src\share\vm\prims\jni.cpp, line 709]
Event: 0.124 Thread 0x000000000447e800 Exception <a 'java/lang/NoSuchFieldError': method resolution failed> (0x000000076b8e1fd0) thrown at [C:\re\workspace\8-2-build-windows-amd64-cygwin\jdk8u131\8869\hotspot\src\share\vm\prims\methodHandles.cpp, line 1146]
Event: 0.125 Thread 0x000000000447e800 Exception <a 'java/lang/NoSuchFieldError': method resolution failed> (0x000000076b8ef3a0) thrown at [C:\re\workspace\8-2-build-windows-amd64-cygwin\jdk8u131\8869\hotspot\src\share\vm\prims\methodHandles.cpp, line 1146]
Event: 0.160 Thread 0x000000000447e800 Exception <a 'java/lang/NoSuchMethodError': java.lang.Object.lambda$static$0(Ljava/lang/String;)Ljava/lang/Boolean;> (0x000000076ba738b8) thrown at [C:\re\workspace\8-2-build-windows-amd64-cygwin\jdk8u131\8869\hotspot\src\share\vm\interpreter\linkResolver
Event: 0.203 Thread 0x000000000447e800 Exception <a 'sun/nio/fs/WindowsException'> (0x000000076bb31970) thrown at [C:\re\workspace\8-2-build-windows-amd64-cygwin\jdk8u131\8869\hotspot\src\share\vm\prims\jni.cpp, line 709]
Event: 0.203 Thread 0x000000000447e800 Exception <a 'sun/nio/fs/WindowsException'> (0x000000076bb32158) thrown at [C:\re\workspace\8-2-build-windows-amd64-cygwin\jdk8u131\8869\hotspot\src\share\vm\prims\jni.cpp, line 709]

Events (10 events):
Event: 0.212 loading class org/lwjgl/system/jni/JNINativeInterface
Event: 0.212 loading class org/lwjgl/system/jni/JNINativeInterface done
Event: 0.213 loading class org/lwjgl/system/windows/WinBase
Event: 0.213 loading class org/lwjgl/system/windows/WinBase done
Event: 0.214 loading class org/lwjgl/opengl/GL$1
Event: 0.214 loading class org/lwjgl/opengl/GL$1 done
Event: 0.215 loading class org/lwjgl/opengl/GL$SharedLibraryGL
Event: 0.215 loading class org/lwjgl/opengl/GL$SharedLibraryGL done
Event: 0.215 loading class org/lwjgl/system/SharedLibrary$Delegate
Event: 0.215 loading class org/lwjgl/system/SharedLibrary$Delegate done


Dynamic libraries:
0x00007ff771b70000 - 0x00007ff771ba7000 	C:\Program Files\Java\jre1.8.0_131\bin\javaw.exe
0x00007ffa660a0000 - 0x00007ffa66280000 	C:\WINDOWS\SYSTEM32\ntdll.dll
0x00007ffa65fc0000 - 0x00007ffa6606e000 	C:\WINDOWS\System32\KERNEL32.DLL
0x00007ffa62650000 - 0x00007ffa628b6000 	C:\WINDOWS\System32\KERNELBASE.dll
0x00007ffa65b90000 - 0x00007ffa65c31000 	C:\WINDOWS\System32\ADVAPI32.dll
0x00007ffa63690000 - 0x00007ffa6372d000 	C:\WINDOWS\System32\msvcrt.dll
0x00007ffa65660000 - 0x00007ffa656bb000 	C:\WINDOWS\System32\sechost.dll
0x00007ffa65a70000 - 0x00007ffa65b8f000 	C:\WINDOWS\System32\RPCRT4.dll
0x00007ffa63740000 - 0x00007ffa638cf000 	C:\WINDOWS\System32\USER32.dll
0x00007ffa63500000 - 0x00007ffa63520000 	C:\WINDOWS\System32\win32u.dll
0x00007ffa63b90000 - 0x00007ffa63bb8000 	C:\WINDOWS\System32\GDI32.dll
0x00007ffa62b10000 - 0x00007ffa62ca3000 	C:\WINDOWS\System32\gdi32full.dll
0x00007ffa624a0000 - 0x00007ffa6253b000 	C:\WINDOWS\System32\msvcp_win.dll
0x00007ffa63400000 - 0x00007ffa634f6000 	C:\WINDOWS\System32\ucrtbase.dll
0x00007ffa55ec0000 - 0x00007ffa56129000 	C:\WINDOWS\WinSxS\amd64_microsoft.windows.common-controls_6595b64144ccf1df_6.0.16299.371_none_15c7d1789365a290\COMCTL32.dll
0x00007ffa65760000 - 0x00007ffa65a68000 	C:\WINDOWS\System32\combase.dll
0x00007ffa628c0000 - 0x00007ffa62932000 	C:\WINDOWS\System32\bcryptPrimitives.dll
0x00007ffa656c0000 - 0x00007ffa656ed000 	C:\WINDOWS\System32\IMM32.DLL
0x0000000051170000 - 0x0000000051242000 	C:\Program Files\Java\jre1.8.0_131\bin\msvcr100.dll
0x0000000051430000 - 0x0000000051ccc000 	C:\Program Files\Java\jre1.8.0_131\bin\server\jvm.dll
0x00007ffa63bc0000 - 0x00007ffa63bc8000 	C:\WINDOWS\System32\PSAPI.DLL
0x00007ffa5ea00000 - 0x00007ffa5ea23000 	C:\WINDOWS\SYSTEM32\WINMM.dll
0x00007ffa52280000 - 0x00007ffa52289000 	C:\WINDOWS\SYSTEM32\WSOCK32.dll
0x00007ffa5c220000 - 0x00007ffa5c22a000 	C:\WINDOWS\SYSTEM32\VERSION.dll
0x00007ffa656f0000 - 0x00007ffa6575c000 	C:\WINDOWS\System32\WS2_32.dll
0x00007ffa5e9b0000 - 0x00007ffa5e9da000 	C:\WINDOWS\SYSTEM32\WINMMBASE.dll
0x00007ffa63520000 - 0x00007ffa6356a000 	C:\WINDOWS\System32\cfgmgr32.dll
0x0000000051340000 - 0x000000005134f000 	C:\Program Files\Java\jre1.8.0_131\bin\verify.dll
0x0000000051310000 - 0x0000000051339000 	C:\Program Files\Java\jre1.8.0_131\bin\java.dll
0x00000000512f0000 - 0x0000000051306000 	C:\Program Files\Java\jre1.8.0_131\bin\zip.dll
0x00007ffa63d00000 - 0x00007ffa65136000 	C:\WINDOWS\System32\SHELL32.dll
0x00007ffa63bd0000 - 0x00007ffa63c76000 	C:\WINDOWS\System32\shcore.dll
0x00007ffa62cb0000 - 0x00007ffa633f7000 	C:\WINDOWS\System32\windows.storage.dll
0x00007ffa65f60000 - 0x00007ffa65fb1000 	C:\WINDOWS\System32\shlwapi.dll
0x00007ffa62430000 - 0x00007ffa62441000 	C:\WINDOWS\System32\kernel.appcore.dll
0x00007ffa62450000 - 0x00007ffa6249c000 	C:\WINDOWS\System32\powrprof.dll
0x00007ffa623f0000 - 0x00007ffa6240b000 	C:\WINDOWS\System32\profapi.dll
0x0000000050fd0000 - 0x0000000051168000 	C:\Program Files\Java\jre1.8.0_131\bin\awt.dll
0x00007ffa65590000 - 0x00007ffa65655000 	C:\WINDOWS\System32\OLEAUT32.dll
0x00007ffa607c0000 - 0x00007ffa60848000 	C:\WINDOWS\SYSTEM32\apphelp.dll
0x00000000512d0000 - 0x00000000512ea000 	C:\Program Files\Java\jre1.8.0_131\bin\net.dll
0x00007ffa61c80000 - 0x00007ffa61ce6000 	C:\WINDOWS\system32\mswsock.dll
0x00000000512b0000 - 0x00000000512c1000 	C:\Program Files\Java\jre1.8.0_131\bin\nio.dll
0x00007ffa58ce0000 - 0x00007ffa58d38000 	C:\Users\simon\AppData\Local\Temp\lwjglsimon\3.1.3-SNAPSHOT\lwjgl.dll
0x00007ffa4f390000 - 0x00007ffa4f3ef000 	C:\Users\simon\AppData\Local\Temp\lwjglsimon\3.1.3-SNAPSHOT\lwjgl_opengl.dll
0x00007ffa568c0000 - 0x00007ffa569de000 	C:\WINDOWS\SYSTEM32\opengl32.dll
0x00007ffa5ea60000 - 0x00007ffa5ea8c000 	C:\WINDOWS\SYSTEM32\GLU32.dll
0x00007ffa50380000 - 0x00007ffa50548000 	C:\WINDOWS\SYSTEM32\dbghelp.dll

VM Arguments:
jvm_args: -Djava.library.path=D:\Downloads\opencv\build\java\x64 -Dfile.encoding=Cp1252 
java_command: game.Airport
java_class_path (initial): C:\Users\simon\git\PenO-Testbed-poging-3\src;C:\Users\simon\git\Autopilot\Autopilot\bin;D:\Downloads\lwjgl-release-3.1.3-custom\lwjgl.jar;D:\Downloads\lwjgl-release-3.1.3-custom\lwjgl-assimp.jar;D:\Downloads\lwjgl-release-3.1.3-custom\lwjgl-assimp-natives-windows.jar;D:\Downloads\lwjgl-release-3.1.3-custom\lwjgl-bgfx.jar;D:\Downloads\lwjgl-release-3.1.3-custom\lwjgl-bgfx-natives-windows.jar;D:\Downloads\lwjgl-release-3.1.3-custom\lwjgl-egl.jar;D:\Downloads\lwjgl-release-3.1.3-custom\lwjgl-glfw.jar;D:\Downloads\lwjgl-release-3.1.3-custom\lwjgl-glfw-natives-windows.jar;D:\Downloads\lwjgl-release-3.1.3-custom\lwjgl-jawt.jar;D:\Downloads\lwjgl-release-3.1.3-custom\lwjgl-jemalloc.jar;D:\Downloads\lwjgl-release-3.1.3-custom\lwjgl-jemalloc-natives-windows.jar;D:\Downloads\lwjgl-release-3.1.3-custom\lwjgl-lmdb.jar;D:\Downloads\lwjgl-release-3.1.3-custom\lwjgl-lmdb-natives-windows.jar;D:\Downloads\lwjgl-release-3.1.3-custom\lwjgl-nanovg.jar;D:\Downloads\lwjgl-release-3.1.3-custom\lwjgl-nanovg-natives-windows.jar;D:\Downloads\lwjgl-release-3.1.3-custom\lwjgl-natives-windows.jar;D:\Downloads\lwjgl-release-3.1.3-custom\lwjgl-nfd.jar;D:\Downloads\lwjgl-release-3.1.3-custom\lwjgl-nfd-natives-windows.jar;D:\Downloads\lwjgl-release-3.1.3-custom\lwjgl-nuklear.jar;D:\Downloads\lwjgl-release-3.1.3-custom\lwjgl-nuklear-natives-windows.jar;D:\Downloads\lwjgl-release-3.1.3-custom\lwjgl-openal.jar;D:\Downloads\lwjgl-release-3.1.3-custom\lwjgl-openal-natives-windows.jar;D:\Downloads\lwjgl-release-3.1.3-custom\lwjgl-opencl.jar;D:\Downloads\lwjgl-release-3.1.3-custom\lwjgl-opengl.jar;D:\Downloads\lwjgl-release-3.1.3-custom\lwjgl-opengles.jar;D:\Downloads\lwjgl-release-3.1.3-custom\lwjgl-opengles-natives-windows.jar;D:\Downloads\lwjgl-release-3.1.3-custom\lwjgl-opengl-natives-windows.jar;D:\Downloads\lwjgl-release-3.1.3-custom\lwjgl-openvr.jar;D:\Downloads\lwjgl-release-3.1.3-custom\lwjgl-openvr-natives-windows.jar;D:\Downloads\lwjgl-release-3.1.3-custom\lwjgl-ovr
Launcher Type: SUN_STANDARD

Environment Variables:
PATH=C:/Program Files/Java/jre1.8.0_131/bin/server;C:/Program Files/Java/jre1.8.0_131/bin;C:/Program Files/Java/jre1.8.0_131/lib/amd64;C:\ProgramData\Oracle\Java\javapath;C:\Program Files (x86)\Intel\iCLS Client\;C:\Program Files\Intel\iCLS Client\;C:\Windows\system32;C:\Windows;C:\Windows\System32\Wbem;C:\Windows\System32\WindowsPowerShell\v1.0\;C:\Program Files\Intel\WiFi\bin\;C:\Program Files\Common Files\Intel\WirelessCommon\;C:\Program Files (x86)\Intel\Intel(R) Management Engine Components\DAL;C:\Program Files\Intel\Intel(R) Management Engine Components\DAL;C:\Program Files (x86)\Intel\Intel(R) Management Engine Components\IPT;C:\Program Files\Intel\Intel(R) Management Engine Components\IPT;C:\Program Files (x86)\NVIDIA Corporation\PhysX\Common;C:\Program Files\MATLAB\R2015b\runtime\win64;C:\Program Files\MATLAB\R2015b\bin;C:\WINDOWS\system32;C:\WINDOWS;C:\WINDOWS\System32\Wbem;C:\WINDOWS\System32\WindowsPowerShell\v1.0\;C:\Program Files (x86)\Skype\Phone\;C:\Program Files\Git\cmd;C:\Users\simon\AppData\Local\Microsoft\WindowsApps;C:\texlive\2016\bin\win32;C:\Python27;C:\pypy2-v5.6.0-win32;;C:\WINDOWS\System32;
USERNAME=simon
OS=Windows_NT
PROCESSOR_IDENTIFIER=Intel64 Family 6 Model 71 Stepping 1, GenuineIntel



---------------  S Y S T E M  ---------------

OS: Windows 10.0 , 64 bit Build 16299 (10.0.16299.15)

CPU:total 8 (initial active 8) (4 cores per cpu, 2 threads per core) family 6 model 71 stepping 1, cmov, cx8, fxsr, mmx, sse, sse2, sse3, ssse3, sse4.1, sse4.2, popcnt, avx, avx2, aes, clmul, erms, 3dnowpref, lzcnt, ht, tsc, tscinvbit, bmi1, bmi2, adx

Memory: 4k page, physical 16653772k(8252644k free), swap 19144140k(9124420k free)

vm_info: Java HotSpot(TM) 64-Bit Server VM (25.131-b11) for windows-amd64 JRE (1.8.0_131-b11), built on Mar 15 2017 01:23:53 by "java_re" with MS VC++ 10.0 (VS2010)

time: Tue Apr 17 17:09:37 2018
elapsed time: 0 seconds (0d 0h 0m 0s)

