#
# A fatal error has been detected by the Java Runtime Environment:
#
#  EXCEPTION_ACCESS_VIOLATION (0xc0000005) at pc=0x00007ffa4b08846d, pid=1560, tid=0x000000000000371c
#
# JRE version: Java(TM) SE Runtime Environment (8.0_131-b11) (build 1.8.0_131-b11)
# Java VM: Java HotSpot(TM) 64-Bit Server VM (25.131-b11 mixed mode windows-amd64 compressed oops)
# Problematic frame:
# C  [lwjgl_opengl.dll+0x846d]
#
# Failed to write core dump. Minidumps are not enabled by default on client versions of Windows
#
# If you would like to submit a bug report, please visit:
#   http://bugreport.java.com/bugreport/crash.jsp
# The crash happened outside the Java Virtual Machine in native code.
# See problematic frame for where to report the bug.
#

---------------  T H R E A D  ---------------

Current thread (0x000000001f238800):  JavaThread "AWT-EventQueue-0" [_thread_in_native, id=14108, stack(0x0000000068f10000,0x0000000069010000)]

siginfo: ExceptionCode=0xc0000005, reading address 0x0000000000000f70

Registers:
RAX=0x0000000068d30d50, RBX=0x000000001bc6f038, RCX=0x0000000000000001, RDX=0x000000006522fd5c
RSP=0x000000006900c968, RBP=0x000000006900c9e8, RSI=0x000000006522fd5c, RDI=0x00000007c00b6c20
R8 =0x0000000000000001, R9 =0x000000006522fd5c, R10=0x0000000000000000, R11=0x00000000687bbd80
R12=0x0000000000000000, R13=0x000000001bc6f038, R14=0x000000006900ca18, R15=0x000000001f238800
RIP=0x00007ffa4b08846d, EFLAGS=0x0000000000010202

Top of Stack: (sp=0x000000006900c968)
0x000000006900c968:   0000000002607f74 000000006900c9b8
0x000000006900c978:   000000001ba6efe8 0000000000000000
0x000000006900c988:   000000001ba69300 0000000000000000
0x000000006900c998:   000000006900c9b0 000000006900ca00
0x000000006900c9a8:   000000006900c9a8 0000000000000000
0x000000006900c9b8:   000000006900ca18 000000001bc71b20
0x000000006900c9c8:   0000000000000000 000000001bc6f038
0x000000006900c9d8:   0000000000000000 000000006900ca08
0x000000006900c9e8:   000000006900ca60 00000000025f835d
0x000000006900c9f8:   000000076fa236f0 00000000026019d8
0x000000006900ca08:   000000006522fd5c 000000076bac5e90
0x000000006900ca18:   0000000000000001 000000006900ca20
0x000000006900ca28:   000000001bc6f1ac 000000006900ca90
0x000000006900ca38:   000000001bc71b20 0000000000000000
0x000000006900ca48:   000000001bc6f218 000000006900ca08
0x000000006900ca58:   000000006900ca98 000000006900cae0 

Instructions: (pc=0x00007ffa4b08846d)
0x00007ffa4b08844d:   49 ff a2 30 0a 00 00 cc cc cc cc cc cc cc cc cc
0x00007ffa4b08845d:   cc cc cc 48 8b 01 49 8b d1 41 8b c8 4c 8b 50 18
0x00007ffa4b08846d:   49 ff a2 70 0f 00 00 cc cc cc cc cc cc cc cc cc
0x00007ffa4b08847d:   cc cc cc 48 8b 01 48 8b 48 18 48 8b 81 78 1c 00 


Register to memory mapping:

RAX=0x0000000068d30d50 is an unknown value
RBX={method} {0x000000001bc6f040} 'nglGenVertexArrays' '(IJ)V' in 'org/lwjgl/opengl/GL30'
RCX=0x0000000000000001 is an unknown value
RDX=0x000000006522fd5c is an unknown value
RSP=0x000000006900c968 is pointing into the stack for thread: 0x000000001f238800
RBP=0x000000006900c9e8 is pointing into the stack for thread: 0x000000001f238800
RSI=0x000000006522fd5c is an unknown value
RDI=0x00000007c00b6c20 is pointing into metadata
R8 =0x0000000000000001 is an unknown value
R9 =0x000000006522fd5c is an unknown value
R10=0x0000000000000000 is an unknown value
R11=0x00000000687bbd80 is an unknown value
R12=0x0000000000000000 is an unknown value
R13={method} {0x000000001bc6f040} 'nglGenVertexArrays' '(IJ)V' in 'org/lwjgl/opengl/GL30'
R14=0x000000006900ca18 is pointing into the stack for thread: 0x000000001f238800
R15=0x000000001f238800 is a thread


Stack: [0x0000000068f10000,0x0000000069010000],  sp=0x000000006900c968,  free space=1010k
Native frames: (J=compiled Java code, j=interpreted, Vv=VM code, C=native code)
C  [lwjgl_opengl.dll+0x846d]

Java frames: (J=compiled Java code, j=interpreted, Vv=VM code)
j  org.lwjgl.opengl.GL30.nglGenVertexArrays(IJ)V+0
j  org.lwjgl.opengl.GL30.glGenVertexArrays()I+20
j  graph.Mesh.<init>([F[F[I)V+20
j  game.DummyGame.worldGenerator(I)Ljava/util/List;+177
j  GUI.GUI$ListenForGenerate.actionPerformed(Ljava/awt/event/ActionEvent;)V+8
j  javax.swing.AbstractButton.fireActionPerformed(Ljava/awt/event/ActionEvent;)V+83
j  javax.swing.AbstractButton$Handler.actionPerformed(Ljava/awt/event/ActionEvent;)V+5
j  javax.swing.DefaultButtonModel.fireActionPerformed(Ljava/awt/event/ActionEvent;)V+34
j  javax.swing.DefaultButtonModel.setPressed(Z)V+117
j  javax.swing.plaf.basic.BasicButtonListener.mouseReleased(Ljava/awt/event/MouseEvent;)V+35
j  java.awt.Component.processMouseEvent(Ljava/awt/event/MouseEvent;)V+64
j  javax.swing.JComponent.processMouseEvent(Ljava/awt/event/MouseEvent;)V+23
j  java.awt.Component.processEvent(Ljava/awt/AWTEvent;)V+81
j  java.awt.Container.processEvent(Ljava/awt/AWTEvent;)V+18
j  java.awt.Component.dispatchEventImpl(Ljava/awt/AWTEvent;)V+589
j  java.awt.Container.dispatchEventImpl(Ljava/awt/AWTEvent;)V+42
j  java.awt.Component.dispatchEvent(Ljava/awt/AWTEvent;)V+2
j  java.awt.LightweightDispatcher.retargetMouseEvent(Ljava/awt/Component;ILjava/awt/event/MouseEvent;)V+327
j  java.awt.LightweightDispatcher.processMouseEvent(Ljava/awt/event/MouseEvent;)Z+155
j  java.awt.LightweightDispatcher.dispatchEvent(Ljava/awt/AWTEvent;)Z+50
j  java.awt.Container.dispatchEventImpl(Ljava/awt/AWTEvent;)V+12
j  java.awt.Window.dispatchEventImpl(Ljava/awt/AWTEvent;)V+19
j  java.awt.Component.dispatchEvent(Ljava/awt/AWTEvent;)V+2
j  java.awt.EventQueue.dispatchEventImpl(Ljava/awt/AWTEvent;Ljava/lang/Object;)V+41
j  java.awt.EventQueue.access$500(Ljava/awt/EventQueue;Ljava/awt/AWTEvent;Ljava/lang/Object;)V+3
j  java.awt.EventQueue$3.run()Ljava/lang/Void;+32
j  java.awt.EventQueue$3.run()Ljava/lang/Object;+1
v  ~StubRoutines::call_stub
j  java.security.AccessController.doPrivileged(Ljava/security/PrivilegedAction;Ljava/security/AccessControlContext;)Ljava/lang/Object;+0
j  java.security.ProtectionDomain$JavaSecurityAccessImpl.doIntersectionPrivilege(Ljava/security/PrivilegedAction;Ljava/security/AccessControlContext;Ljava/security/AccessControlContext;)Ljava/lang/Object;+18
j  java.security.ProtectionDomain$JavaSecurityAccessImpl.doIntersectionPrivilege(Ljava/security/PrivilegedAction;Ljava/security/AccessControlContext;)Ljava/lang/Object;+6
j  java.awt.EventQueue$4.run()Ljava/lang/Void;+11
j  java.awt.EventQueue$4.run()Ljava/lang/Object;+1
v  ~StubRoutines::call_stub
j  java.security.AccessController.doPrivileged(Ljava/security/PrivilegedAction;Ljava/security/AccessControlContext;)Ljava/lang/Object;+0
j  java.security.ProtectionDomain$JavaSecurityAccessImpl.doIntersectionPrivilege(Ljava/security/PrivilegedAction;Ljava/security/AccessControlContext;Ljava/security/AccessControlContext;)Ljava/lang/Object;+18
j  java.awt.EventQueue.dispatchEvent(Ljava/awt/AWTEvent;)V+73
j  java.awt.EventDispatchThread.pumpOneEventForFilters(I)V+245
j  java.awt.EventDispatchThread.pumpEventsForFilter(ILjava/awt/Conditional;Ljava/awt/EventFilter;)V+35
j  java.awt.EventDispatchThread.pumpEventsForHierarchy(ILjava/awt/Conditional;Ljava/awt/Component;)V+11
j  java.awt.EventDispatchThread.pumpEvents(ILjava/awt/Conditional;)V+4
j  java.awt.EventDispatchThread.pumpEvents(Ljava/awt/Conditional;)V+3
j  java.awt.EventDispatchThread.run()V+9
v  ~StubRoutines::call_stub

---------------  P R O C E S S  ---------------

Java Threads: ( => current thread )
  0x000000001f3bf000 JavaThread "TimerQueue" daemon [_thread_blocked, id=1260, stack(0x0000000069660000,0x0000000069760000)]
=>0x000000001f238800 JavaThread "AWT-EventQueue-0" [_thread_in_native, id=14108, stack(0x0000000068f10000,0x0000000069010000)]
  0x000000001f4ce800 JavaThread "AWT-Windows" daemon [_thread_in_native, id=11016, stack(0x0000000066f90000,0x0000000067090000)]
  0x000000006519f800 JavaThread "AWT-Shutdown" [_thread_blocked, id=7536, stack(0x0000000066e90000,0x0000000066f90000)]
  0x000000006519e800 JavaThread "Java2D Disposer" daemon [_thread_blocked, id=6048, stack(0x0000000066d90000,0x0000000066e90000)]
  0x00000000025ee800 JavaThread "DestroyJavaVM" [_thread_blocked, id=11468, stack(0x0000000002290000,0x0000000002390000)]
  0x000000001ee88000 JavaThread "GAME_LOOP_THREAD" [_thread_in_native, id=9692, stack(0x000000001f630000,0x000000001f730000)]
  0x000000001dfb2000 JavaThread "Service Thread" daemon [_thread_blocked, id=7640, stack(0x000000001eae0000,0x000000001ebe0000)]
  0x000000001df26000 JavaThread "C1 CompilerThread3" daemon [_thread_blocked, id=6096, stack(0x000000001e9e0000,0x000000001eae0000)]
  0x000000001df1b000 JavaThread "C2 CompilerThread2" daemon [_thread_blocked, id=8920, stack(0x000000001e8e0000,0x000000001e9e0000)]
  0x000000001df0e000 JavaThread "C2 CompilerThread1" daemon [_thread_blocked, id=6512, stack(0x000000001e7e0000,0x000000001e8e0000)]
  0x000000001df0a800 JavaThread "C2 CompilerThread0" daemon [_thread_blocked, id=13420, stack(0x000000001e6e0000,0x000000001e7e0000)]
  0x000000001df09000 JavaThread "Attach Listener" daemon [_thread_blocked, id=13320, stack(0x000000001e5e0000,0x000000001e6e0000)]
  0x000000001df08000 JavaThread "Signal Dispatcher" daemon [_thread_blocked, id=6040, stack(0x000000001e4e0000,0x000000001e5e0000)]
  0x000000001df00800 JavaThread "Finalizer" daemon [_thread_blocked, id=10904, stack(0x000000001e2e0000,0x000000001e3e0000)]
  0x000000001bffd800 JavaThread "Reference Handler" daemon [_thread_blocked, id=13452, stack(0x000000001dde0000,0x000000001dee0000)]

Other Threads:
  0x000000001bff9000 VMThread [stack: 0x000000001dce0000,0x000000001dde0000] [id=11736]
  0x000000001dfc4800 WatcherThread [stack: 0x000000001ed30000,0x000000001ee30000] [id=13036]

VM state:not at safepoint (normal execution)

VM Mutex/Monitor currently owned by a thread: None

Heap:
 PSYoungGen      total 74752K, used 34827K [0x000000076b500000, 0x0000000772580000, 0x00000007c0000000)
  eden space 64000K, 37% used [0x000000076b500000,0x000000076cc83358,0x000000076f380000)
  from space 10752K, 99% used [0x000000076f500000,0x000000076ff7faa0,0x000000076ff80000)
  to   space 25600K, 0% used [0x0000000770c80000,0x0000000770c80000,0x0000000772580000)
 ParOldGen       total 175104K, used 37347K [0x00000006c1e00000, 0x00000006cc900000, 0x000000076b500000)
  object space 175104K, 21% used [0x00000006c1e00000,0x00000006c4278d18,0x00000006cc900000)
 Metaspace       used 15236K, capacity 15491K, committed 15616K, reserved 1062912K
  class space    used 1624K, capacity 1740K, committed 1792K, reserved 1048576K

Card table byte_map: [0x00000000119b0000,0x00000000121b0000] byte_map_base: 0x000000000e3a1000

Marking Bits: (ParMarkBitMap*) 0x0000000068dac720
 Begin Bits: [0x0000000012f00000, 0x0000000016e88000)
 End Bits:   [0x0000000016e88000, 0x000000001ae10000)

Polling page: 0x0000000002390000

CodeCache: size=245760Kb used=4841Kb max_used=4841Kb free=240918Kb
 bounds [0x00000000025f0000, 0x0000000002ab0000, 0x00000000115f0000]
 total_blobs=2419 nmethods=1267 adapters=1065
 compilation: enabled

Compilation events (10 events):
Event: 2.979 Thread 0x000000001df26000 1263  s    3       java.awt.KeyboardFocusManager::getCurrentKeyboardFocusManager (32 bytes)
Event: 2.979 Thread 0x000000001df26000 nmethod 1263 0x0000000002aaa310 code [0x0000000002aaa4a0, 0x0000000002aaaa88]
Event: 2.979 Thread 0x000000001df26000 1264       3       java.awt.KeyboardFocusManager::getCurrentKeyboardFocusManager (7 bytes)
Event: 2.979 Thread 0x000000001df26000 nmethod 1264 0x0000000002aaac10 code [0x0000000002aaadc0, 0x0000000002aab478]
Event: 2.980 Thread 0x000000001df26000 1265       3       sun.util.locale.LocaleUtils::toLower (17 bytes)
Event: 2.980 Thread 0x000000001df26000 nmethod 1265 0x0000000002aab710 code [0x0000000002aab880, 0x0000000002aabaf0]
Event: 2.980 Thread 0x000000001df26000 1266       3       java.util.IdentityHashMap$IdentityHashMapIterator::nextIndex (72 bytes)
Event: 2.980 Thread 0x000000001df26000 nmethod 1266 0x0000000002aabb90 code [0x0000000002aabd20, 0x0000000002aac108]
Event: 3.066 Thread 0x000000001df26000 1267       3       java.util.concurrent.locks.ReentrantLock$Sync::isHeldExclusively (16 bytes)
Event: 3.066 Thread 0x000000001df26000 nmethod 1267 0x0000000002aac250 code [0x0000000002aac3a0, 0x0000000002aac610]

GC Heap History (10 events):
Event: 1.101 GC heap before
{Heap before GC invocations=1 (full 0):
 PSYoungGen      total 76288K, used 65536K [0x000000076b500000, 0x0000000770a00000, 0x00000007c0000000)
  eden space 65536K, 100% used [0x000000076b500000,0x000000076f500000,0x000000076f500000)
  from space 10752K, 0% used [0x000000076ff80000,0x000000076ff80000,0x0000000770a00000)
  to   space 10752K, 0% used [0x000000076f500000,0x000000076f500000,0x000000076ff80000)
 ParOldGen       total 175104K, used 0K [0x00000006c1e00000, 0x00000006cc900000, 0x000000076b500000)
  object space 175104K, 0% used [0x00000006c1e00000,0x00000006c1e00000,0x00000006cc900000)
 Metaspace       used 14652K, capacity 14947K, committed 15104K, reserved 1062912K
  class space    used 1603K, capacity 1708K, committed 1792K, reserved 1048576K
Event: 1.105 GC heap after
Heap after GC invocations=1 (full 0):
 PSYoungGen      total 76288K, used 9686K [0x000000076b500000, 0x0000000770a00000, 0x00000007c0000000)
  eden space 65536K, 0% used [0x000000076b500000,0x000000076b500000,0x000000076f500000)
  from space 10752K, 90% used [0x000000076f500000,0x000000076fe75b38,0x000000076ff80000)
  to   space 10752K, 0% used [0x000000076ff80000,0x000000076ff80000,0x0000000770a00000)
 ParOldGen       total 175104K, used 16K [0x00000006c1e00000, 0x00000006cc900000, 0x000000076b500000)
  object space 175104K, 0% used [0x00000006c1e00000,0x00000006c1e04000,0x00000006cc900000)
 Metaspace       used 14652K, capacity 14947K, committed 15104K, reserved 1062912K
  class space    used 1603K, capacity 1708K, committed 1792K, reserved 1048576K
}
Event: 1.876 GC heap before
{Heap before GC invocations=2 (full 0):
 PSYoungGen      total 76288K, used 73746K [0x000000076b500000, 0x0000000770a00000, 0x00000007c0000000)
  eden space 65536K, 97% used [0x000000076b500000,0x000000076f38ef08,0x000000076f500000)
  from space 10752K, 90% used [0x000000076f500000,0x000000076fe75b38,0x000000076ff80000)
  to   space 10752K, 0% used [0x000000076ff80000,0x000000076ff80000,0x0000000770a00000)
 ParOldGen       total 175104K, used 16K [0x00000006c1e00000, 0x00000006cc900000, 0x000000076b500000)
  object space 175104K, 0% used [0x00000006c1e00000,0x00000006c1e04000,0x00000006cc900000)
 Metaspace       used 15168K, capacity 15491K, committed 15616K, reserved 1062912K
  class space    used 1624K, capacity 1740K, committed 1792K, reserved 1048576K
Event: 1.882 GC heap after
Heap after GC invocations=2 (full 0):
 PSYoungGen      total 76288K, used 10750K [0x000000076b500000, 0x0000000770a00000, 0x00000007c0000000)
  eden space 65536K, 0% used [0x000000076b500000,0x000000076b500000,0x000000076f500000)
  from space 10752K, 99% used [0x000000076ff80000,0x00000007709ffaa0,0x0000000770a00000)
  to   space 10752K, 0% used [0x000000076f500000,0x000000076f500000,0x000000076ff80000)
 ParOldGen       total 175104K, used 10275K [0x00000006c1e00000, 0x00000006cc900000, 0x000000076b500000)
  object space 175104K, 5% used [0x00000006c1e00000,0x00000006c2808cb8,0x00000006cc900000)
 Metaspace       used 15168K, capacity 15491K, committed 15616K, reserved 1062912K
  class space    used 1624K, capacity 1740K, committed 1792K, reserved 1048576K
}
Event: 2.196 GC heap before
{Heap before GC invocations=3 (full 0):
 PSYoungGen      total 76288K, used 73050K [0x000000076b500000, 0x0000000770a00000, 0x00000007c0000000)
  eden space 65536K, 95% used [0x000000076b500000,0x000000076f1d6e40,0x000000076f500000)
  from space 10752K, 99% used [0x000000076ff80000,0x00000007709ffaa0,0x0000000770a00000)
  to   space 10752K, 0% used [0x000000076f500000,0x000000076f500000,0x000000076ff80000)
 ParOldGen       total 175104K, used 10275K [0x00000006c1e00000, 0x00000006cc900000, 0x000000076b500000)
  object space 175104K, 5% used [0x00000006c1e00000,0x00000006c2808cb8,0x00000006cc900000)
 Metaspace       used 15197K, capacity 15491K, committed 15616K, reserved 1062912K
  class space    used 1624K, capacity 1740K, committed 1792K, reserved 1048576K
Event: 2.200 GC heap after
Heap after GC invocations=3 (full 0):
 PSYoungGen      total 76288K, used 10750K [0x000000076b500000, 0x0000000770a00000, 0x00000007c0000000)
  eden space 65536K, 0% used [0x000000076b500000,0x000000076b500000,0x000000076f500000)
  from space 10752K, 99% used [0x000000076f500000,0x000000076ff7faa0,0x000000076ff80000)
  to   space 10752K, 0% used [0x000000076ff80000,0x000000076ff80000,0x0000000770a00000)
 ParOldGen       total 175104K, used 19291K [0x00000006c1e00000, 0x00000006cc900000, 0x000000076b500000)
  object space 175104K, 11% used [0x00000006c1e00000,0x00000006c30d6cd8,0x00000006cc900000)
 Metaspace       used 15197K, capacity 15491K, committed 15616K, reserved 1062912K
  class space    used 1624K, capacity 1740K, committed 1792K, reserved 1048576K
}
Event: 2.571 GC heap before
{Heap before GC invocations=4 (full 0):
 PSYoungGen      total 76288K, used 76226K [0x000000076b500000, 0x0000000770a00000, 0x00000007c0000000)
  eden space 65536K, 99% used [0x000000076b500000,0x000000076f4f1128,0x000000076f500000)
  from space 10752K, 99% used [0x000000076f500000,0x000000076ff7faa0,0x000000076ff80000)
  to   space 10752K, 0% used [0x000000076ff80000,0x000000076ff80000,0x0000000770a00000)
 ParOldGen       total 175104K, used 19291K [0x00000006c1e00000, 0x00000006cc900000, 0x000000076b500000)
  object space 175104K, 11% used [0x00000006c1e00000,0x00000006c30d6cd8,0x00000006cc900000)
 Metaspace       used 15225K, capacity 15491K, committed 15616K, reserved 1062912K
  class space    used 1624K, capacity 1740K, committed 1792K, reserved 1048576K
Event: 2.576 GC heap after
Heap after GC invocations=4 (full 0):
 PSYoungGen      total 76288K, used 10734K [0x000000076b500000, 0x0000000770a00000, 0x00000007c0000000)
  eden space 65536K, 0% used [0x000000076b500000,0x000000076b500000,0x000000076f500000)
  from space 10752K, 99% used [0x000000076ff80000,0x00000007709fbab0,0x0000000770a00000)
  to   space 10752K, 0% used [0x000000076f500000,0x000000076f500000,0x000000076ff80000)
 ParOldGen       total 175104K, used 28339K [0x00000006c1e00000, 0x00000006cc900000, 0x000000076b500000)
  object space 175104K, 16% used [0x00000006c1e00000,0x00000006c39accf8,0x00000006cc900000)
 Metaspace       used 15225K, capacity 15491K, committed 15616K, reserved 1062912K
  class space    used 1624K, capacity 1740K, committed 1792K, reserved 1048576K
}
Event: 2.945 GC heap before
{Heap before GC invocations=5 (full 0):
 PSYoungGen      total 76288K, used 75144K [0x000000076b500000, 0x0000000770a00000, 0x00000007c0000000)
  eden space 65536K, 98% used [0x000000076b500000,0x000000076f3e6808,0x000000076f500000)
  from space 10752K, 99% used [0x000000076ff80000,0x00000007709fbab0,0x0000000770a00000)
  to   space 10752K, 0% used [0x000000076f500000,0x000000076f500000,0x000000076ff80000)
 ParOldGen       total 175104K, used 28339K [0x00000006c1e00000, 0x00000006cc900000, 0x000000076b500000)
  object space 175104K, 16% used [0x00000006c1e00000,0x00000006c39accf8,0x00000006cc900000)
 Metaspace       used 15229K, capacity 15491K, committed 15616K, reserved 1062912K
  class space    used 1624K, capacity 1740K, committed 1792K, reserved 1048576K
Event: 2.950 GC heap after
Heap after GC invocations=5 (full 0):
 PSYoungGen      total 74752K, used 10750K [0x000000076b500000, 0x0000000772580000, 0x00000007c0000000)
  eden space 64000K, 0% used [0x000000076b500000,0x000000076b500000,0x000000076f380000)
  from space 10752K, 99% used [0x000000076f500000,0x000000076ff7faa0,0x000000076ff80000)
  to   space 25600K, 0% used [0x0000000770c80000,0x0000000770c80000,0x0000000772580000)
 ParOldGen       total 175104K, used 37347K [0x00000006c1e00000, 0x00000006cc900000, 0x000000076b500000)
  object space 175104K, 21% used [0x00000006c1e00000,0x00000006c4278d18,0x00000006cc900000)
 Metaspace       used 15229K, capacity 15491K, committed 15616K, reserved 1062912K
  class space    used 1624K, capacity 1740K, committed 1792K, reserved 1048576K
}

Deoptimization events (10 events):
Event: 1.033 Thread 0x000000001ee88000 Uncommon trap: reason=unstable_if action=reinterpret pc=0x000000000295643c method=sun.misc.FloatingDecimal.readJavaFormatString(Ljava/lang/String;)Lsun/misc/FloatingDecimal$ASCIIToBinaryConverter; @ 396
Event: 1.035 Thread 0x000000001ee88000 Uncommon trap: reason=array_check action=maybe_recompile pc=0x000000000295c0e8 method=java.util.AbstractCollection.toArray([Ljava/lang/Object;)[Ljava/lang/Object; @ 119
Event: 1.035 Thread 0x000000001ee88000 Uncommon trap: reason=array_check action=maybe_recompile pc=0x000000000295c0e8 method=java.util.AbstractCollection.toArray([Ljava/lang/Object;)[Ljava/lang/Object; @ 119
Event: 1.035 Thread 0x000000001ee88000 Uncommon trap: reason=array_check action=maybe_recompile pc=0x000000000295c0e8 method=java.util.AbstractCollection.toArray([Ljava/lang/Object;)[Ljava/lang/Object; @ 119
Event: 1.035 Thread 0x000000001ee88000 Uncommon trap: reason=array_check action=maybe_recompile pc=0x000000000295c0e8 method=java.util.AbstractCollection.toArray([Ljava/lang/Object;)[Ljava/lang/Object; @ 119
Event: 1.043 Thread 0x000000001ee88000 Uncommon trap: reason=unstable_if action=reinterpret pc=0x000000000294d46c method=sun.misc.FloatingDecimal$ASCIIToBinaryBuffer.floatValue()F @ 65
Event: 1.656 Thread 0x000000001ee88000 Uncommon trap: reason=unstable_if action=reinterpret pc=0x0000000002a25420 method=game.Renderer.render(Lengine/Window;Lgraph/Camera;Lgraph/Camera;Lgraph/Camera;Lgraph/Camera;Ljava/util/List;)V @ 1135
Event: 1.733 Thread 0x000000001ee88000 Uncommon trap: reason=unstable_if action=reinterpret pc=0x0000000002a49b30 method=java.awt.image.DirectColorModel.getDataElements(ILjava/lang/Object;)Ljava/lang/Object; @ 11
Event: 1.762 Thread 0x000000001ee88000 Uncommon trap: reason=unstable_if action=reinterpret pc=0x0000000002a51638 method=game.Renderer.render(Lengine/Window;Lgraph/Camera;Lgraph/Camera;Lgraph/Camera;Lgraph/Camera;Ljava/util/List;)V @ 691
Event: 1.805 Thread 0x000000001ee88000 Uncommon trap: reason=unstable_if action=reinterpret pc=0x0000000002a55a6c method=java.awt.image.BufferedImage.setRGB(IIII[III)V @ 16

Internal exceptions (10 events):
Event: 0.194 Thread 0x000000001ee88000 Exception <a 'java/security/PrivilegedActionException'> (0x000000076bcb9948) thrown at [C:\re\workspace\8-2-build-windows-amd64-cygwin\jdk8u131\8869\hotspot\src\share\vm\prims\jvm.cpp, line 1390]
Event: 0.194 Thread 0x000000001ee88000 Exception <a 'java/security/PrivilegedActionException'> (0x000000076bcb9b58) thrown at [C:\re\workspace\8-2-build-windows-amd64-cygwin\jdk8u131\8869\hotspot\src\share\vm\prims\jvm.cpp, line 1390]
Event: 0.656 Thread 0x000000001ee88000 Exception <a 'sun/nio/fs/WindowsException'> (0x000000076be84c28) thrown at [C:\re\workspace\8-2-build-windows-amd64-cygwin\jdk8u131\8869\hotspot\src\share\vm\prims\jni.cpp, line 709]
Event: 0.657 Thread 0x000000001ee88000 Exception <a 'sun/nio/fs/WindowsException'> (0x000000076be85410) thrown at [C:\re\workspace\8-2-build-windows-amd64-cygwin\jdk8u131\8869\hotspot\src\share\vm\prims\jni.cpp, line 709]
Event: 0.832 Thread 0x000000001ee88000 Exception <a 'java/io/FileNotFoundException'> (0x000000076c504700) thrown at [C:\re\workspace\8-2-build-windows-amd64-cygwin\jdk8u131\8869\hotspot\src\share\vm\prims\jni.cpp, line 709]
Event: 0.848 Thread 0x000000001ee88000 Exception <a 'java/io/FileNotFoundException'> (0x000000076c525b38) thrown at [C:\re\workspace\8-2-build-windows-amd64-cygwin\jdk8u131\8869\hotspot\src\share\vm\prims\jni.cpp, line 709]
Event: 0.875 Thread 0x000000001ee88000 Implicit null exception at 0x00000000028b9756 to 0x00000000028b9b05
Event: 0.875 Thread 0x000000001ee88000 Implicit null exception at 0x000000000286d696 to 0x000000000286da3d
Event: 0.878 Thread 0x000000001ee88000 Implicit null exception at 0x00000000028c0c15 to 0x00000000028c0e55
Event: 1.733 Thread 0x000000001ee88000 Implicit null exception at 0x0000000002a4973e to 0x0000000002a49b19

Events (10 events):
Event: 2.101 Thread 0x000000001ee88000 DEOPT PACKING pc=0x0000000002a5a7ad sp=0x000000001f72f070
Event: 2.101 Thread 0x000000001ee88000 DEOPT UNPACKING pc=0x000000000263787f sp=0x000000001f72ed88 mode 0
Event: 2.147 Thread 0x000000001ee88000 DEOPT PACKING pc=0x0000000002a5a7ad sp=0x000000001f72f070
Event: 2.147 Thread 0x000000001ee88000 DEOPT UNPACKING pc=0x000000000263787f sp=0x000000001f72ed88 mode 0
Event: 2.196 Executing VM operation: ParallelGCFailedAllocation
Event: 2.200 Executing VM operation: ParallelGCFailedAllocation done
Event: 2.571 Executing VM operation: ParallelGCFailedAllocation
Event: 2.576 Executing VM operation: ParallelGCFailedAllocation done
Event: 2.945 Executing VM operation: ParallelGCFailedAllocation
Event: 2.950 Executing VM operation: ParallelGCFailedAllocation done


Dynamic libraries:
0x00007ff7bb7b0000 - 0x00007ff7bb7e7000 	C:\Program Files\Java\jre1.8.0_131\bin\javaw.exe
0x00007ffa6bab0000 - 0x00007ffa6bc82000 	C:\WINDOWS\SYSTEM32\ntdll.dll
0x00007ffa6a6b0000 - 0x00007ffa6a75c000 	C:\WINDOWS\System32\KERNEL32.DLL
0x00007ffa689c0000 - 0x00007ffa68bdd000 	C:\WINDOWS\System32\KERNELBASE.dll
0x00007ffa690e0000 - 0x00007ffa69182000 	C:\WINDOWS\System32\ADVAPI32.dll
0x00007ffa6a760000 - 0x00007ffa6a7fe000 	C:\WINDOWS\System32\msvcrt.dll
0x00007ffa6b040000 - 0x00007ffa6b099000 	C:\WINDOWS\System32\sechost.dll
0x00007ffa6a860000 - 0x00007ffa6a981000 	C:\WINDOWS\System32\RPCRT4.dll
0x00007ffa6b240000 - 0x00007ffa6b3a5000 	C:\WINDOWS\System32\USER32.dll
0x00007ffa67fb0000 - 0x00007ffa67fce000 	C:\WINDOWS\System32\win32u.dll
0x00007ffa6aca0000 - 0x00007ffa6acd4000 	C:\WINDOWS\System32\GDI32.dll
0x00007ffa68e60000 - 0x00007ffa68fe0000 	C:\WINDOWS\System32\gdi32full.dll
0x00007ffa59610000 - 0x00007ffa5988a000 	C:\WINDOWS\WinSxS\amd64_microsoft.windows.common-controls_6595b64144ccf1df_6.0.14393.953_none_42151e83c686086b\COMCTL32.dll
0x00007ffa6b7e0000 - 0x00007ffa6baa8000 	C:\WINDOWS\System32\combase.dll
0x00007ffa67fd0000 - 0x00007ffa680c5000 	C:\WINDOWS\System32\ucrtbase.dll
0x00007ffa680d0000 - 0x00007ffa6813a000 	C:\WINDOWS\System32\bcryptPrimitives.dll
0x00007ffa6b110000 - 0x00007ffa6b13e000 	C:\WINDOWS\System32\IMM32.DLL
0x0000000068e30000 - 0x0000000068f02000 	C:\Program Files\Java\jre1.8.0_131\bin\msvcr100.dll
0x0000000068590000 - 0x0000000068e2c000 	C:\Program Files\Java\jre1.8.0_131\bin\server\jvm.dll
0x00007ffa6aef0000 - 0x00007ffa6aef8000 	C:\WINDOWS\System32\PSAPI.DLL
0x00007ffa5a6f0000 - 0x00007ffa5a6f9000 	C:\WINDOWS\SYSTEM32\WSOCK32.dll
0x00007ffa60520000 - 0x00007ffa6052a000 	C:\WINDOWS\SYSTEM32\VERSION.dll
0x00007ffa65fa0000 - 0x00007ffa65fc3000 	C:\WINDOWS\SYSTEM32\WINMM.dll
0x00007ffa6b0a0000 - 0x00007ffa6b10a000 	C:\WINDOWS\System32\WS2_32.dll
0x00007ffa65ee0000 - 0x00007ffa65f0b000 	C:\WINDOWS\SYSTEM32\WINMMBASE.dll
0x00007ffa688c0000 - 0x00007ffa68902000 	C:\WINDOWS\System32\cfgmgr32.dll
0x0000000068580000 - 0x000000006858f000 	C:\Program Files\Java\jre1.8.0_131\bin\verify.dll
0x0000000068550000 - 0x0000000068579000 	C:\Program Files\Java\jre1.8.0_131\bin\java.dll
0x0000000068530000 - 0x0000000068546000 	C:\Program Files\Java\jre1.8.0_131\bin\zip.dll
0x00007ffa691a0000 - 0x00007ffa6a6a8000 	C:\WINDOWS\System32\SHELL32.dll
0x00007ffa68140000 - 0x00007ffa68818000 	C:\WINDOWS\System32\windows.storage.dll
0x00007ffa67f20000 - 0x00007ffa67f6c000 	C:\WINDOWS\System32\powrprof.dll
0x00007ffa6ac40000 - 0x00007ffa6ac92000 	C:\WINDOWS\System32\shlwapi.dll
0x00007ffa67f70000 - 0x00007ffa67f7f000 	C:\WINDOWS\System32\kernel.appcore.dll
0x00007ffa68910000 - 0x00007ffa689b9000 	C:\WINDOWS\System32\shcore.dll
0x00007ffa67f90000 - 0x00007ffa67fa4000 	C:\WINDOWS\System32\profapi.dll
0x0000000068370000 - 0x000000006838a000 	C:\Program Files\Java\jre1.8.0_131\bin\net.dll
0x00007ffa677f0000 - 0x00007ffa6784c000 	C:\WINDOWS\system32\mswsock.dll
0x0000000068350000 - 0x0000000068361000 	C:\Program Files\Java\jre1.8.0_131\bin\nio.dll
0x00007ffa5c3d0000 - 0x00007ffa5c428000 	C:\Users\simon\AppData\Local\Temp\lwjglsimon\3.1.3-SNAPSHOT\lwjgl.dll
0x00007ffa52b10000 - 0x00007ffa52b5d000 	C:\Users\simon\AppData\Local\Temp\lwjglsimon\3.1.3-SNAPSHOT\glfw.dll
0x00007ffa66780000 - 0x00007ffa66815000 	C:\WINDOWS\system32\uxtheme.dll
0x00007ffa533a0000 - 0x00007ffa533e0000 	C:\WINDOWS\SYSTEM32\dinput8.dll
0x00007ffa653c0000 - 0x00007ffa653ce000 	C:\WINDOWS\SYSTEM32\xinput1_4.dll
0x00007ffa66c60000 - 0x00007ffa66c88000 	C:\WINDOWS\SYSTEM32\DEVOBJ.dll
0x00007ffa65ce0000 - 0x00007ffa65d06000 	C:\WINDOWS\SYSTEM32\dwmapi.dll
0x00007ffa6a990000 - 0x00007ffa6aaea000 	C:\WINDOWS\System32\MSCTF.dll
0x00007ffa6aaf0000 - 0x00007ffa6abaf000 	C:\WINDOWS\System32\OLEAUT32.dll
0x00007ffa68820000 - 0x00007ffa688bc000 	C:\WINDOWS\System32\msvcp_win.dll
0x00007ffa306e0000 - 0x00007ffa30715000 	C:\Program Files\Nahimic\NahimicMSI\UserInterface\x64\NahimicMSIDevProps.dll
0x00007ffa6af00000 - 0x00007ffa6b038000 	C:\WINDOWS\System32\ole32.dll
0x00007ffa4a1a0000 - 0x00007ffa4a1ed000 	C:\Program Files\Nahimic\NahimicMSI\UserInterface\x64\NahimicMSIOSD.dll
0x00007ffa66f20000 - 0x00007ffa66f2c000 	C:\WINDOWS\SYSTEM32\HID.DLL
0x000000001f900000 - 0x000000001f99f000 	C:\WINDOWS\System32\clbcatq.dll
0x00007ffa64f60000 - 0x00007ffa64fd1000 	C:\WINDOWS\System32\MMDevApi.dll
0x00007ffa65ab0000 - 0x00007ffa65c35000 	C:\WINDOWS\System32\PROPSYS.dll
0x00007ffa3ffe0000 - 0x00007ffa40074000 	C:\WINDOWS\SYSTEM32\AUDIOSES.DLL
0x00007ffa63510000 - 0x00007ffa63646000 	C:\WINDOWS\SYSTEM32\wintypes.dll
0x00007ffa6b3b0000 - 0x00007ffa6b7d9000 	C:\WINDOWS\System32\SETUPAPI.DLL
0x00007ffa68fe0000 - 0x00007ffa69035000 	C:\WINDOWS\System32\WINTRUST.dll
0x00007ffa67f80000 - 0x00007ffa67f90000 	C:\WINDOWS\System32\MSASN1.dll
0x00007ffa68c90000 - 0x00007ffa68e59000 	C:\WINDOWS\System32\CRYPT32.dll
0x00007ffa4b360000 - 0x00007ffa4b483000 	C:\WINDOWS\SYSTEM32\opengl32.dll
0x00007ffa4ac90000 - 0x00007ffa4ad87000 	C:\WINDOWS\SYSTEM32\DDRAW.dll
0x00007ffa4b2f0000 - 0x00007ffa4b31d000 	C:\WINDOWS\SYSTEM32\GLU32.dll
0x00007ffa4b980000 - 0x00007ffa4b988000 	C:\WINDOWS\SYSTEM32\DCIMAN32.dll
0x00007ffa13410000 - 0x00007ffa14127000 	C:\WINDOWS\SYSTEM32\ig8icd64.dll
0x00007ffa65a90000 - 0x00007ffa65aa3000 	C:\WINDOWS\SYSTEM32\WTSAPI32.dll
0x00007ffa5f5b0000 - 0x00007ffa5fff0000 	C:\WINDOWS\SYSTEM32\igdusc64.dll
0x00007ffa32d10000 - 0x00007ffa32e9d000 	C:\WINDOWS\SYSTEM32\d3d9.dll
0x00007ffa4b080000 - 0x00007ffa4b0df000 	C:\Users\simon\AppData\Local\Temp\lwjglsimon\3.1.3-SNAPSHOT\lwjgl_opengl.dll
0x0000000068390000 - 0x0000000068528000 	C:\Program Files\Java\jre1.8.0_131\bin\awt.dll
0x00007ffa665a0000 - 0x00007ffa6661a000 	C:\WINDOWS\SYSTEM32\apphelp.dll
0x0000000068300000 - 0x0000000068347000 	C:\Program Files\Java\jre1.8.0_131\bin\fontmanager.dll
0x00000000682b0000 - 0x00000000682f2000 	C:\Program Files\Java\jre1.8.0_131\bin\t2k.dll
0x00007ffa627c0000 - 0x00007ffa62968000 	C:\WINDOWS\SYSTEM32\WindowsCodecs.dll
0x00007ffa497b0000 - 0x00007ffa497f9000 	C:\WINDOWS\system32\dataexchange.dll
0x00007ffa66210000 - 0x00007ffa66361000 	C:\WINDOWS\system32\dcomp.dll
0x00007ffa61890000 - 0x00007ffa61b46000 	C:\WINDOWS\system32\d3d11.dll
0x00007ffa66fc0000 - 0x00007ffa6705f000 	C:\WINDOWS\system32\dxgi.dll
0x00007ffa66a50000 - 0x00007ffa66b6c000 	C:\WINDOWS\system32\twinapi.appcore.dll
0x00007ffa67e60000 - 0x00007ffa67e8b000 	C:\WINDOWS\system32\bcrypt.dll
0x00007ffa0f790000 - 0x00007ffa13405000 	D:\Downloads\opencv\build\java\x64\opencv_java330.dll
0x00007ffa5c330000 - 0x00007ffa5c348000 	C:\WINDOWS\SYSTEM32\AVICAP32.dll
0x00007ffa64850000 - 0x00007ffa64870000 	C:\WINDOWS\SYSTEM32\AVIFIL32.dll
0x00007ffa5c3a0000 - 0x00007ffa5c3c9000 	C:\WINDOWS\SYSTEM32\MSVFW32.dll
0x00007ffa642c0000 - 0x00007ffa642dc000 	C:\WINDOWS\SYSTEM32\MSACM32.dll
0x00007ffa4ae80000 - 0x00007ffa4af01000 	C:\WINDOWS\SYSTEM32\OpenCL.dll
0x00007ffa0ed70000 - 0x00007ffa0f78e000 	C:\WINDOWS\System32\nvopencl.dll
0x00007ffa436c0000 - 0x00007ffa43773000 	C:\WINDOWS\SYSTEM32\nvfatbinaryLoader.dll
0x00007ffa56190000 - 0x00007ffa565b9000 	C:\WINDOWS\system32\nvapi64.dll
0x00007ffa4ac20000 - 0x00007ffa4ac87000 	C:\WINDOWS\SYSTEM32\IntelOpenCL64.dll
0x00007ffa3b7b0000 - 0x00007ffa3b972000 	C:\Program Files (x86)\Common Files\Intel\OpenCL\bin\x64\intelocl64.dll
0x00007ffa4a8c0000 - 0x00007ffa4a95d000 	C:\Program Files (x86)\Common Files\Intel\OpenCL\bin\x64\task_executor64.dll
0x00007ffa435e0000 - 0x00007ffa436b8000 	C:\Program Files (x86)\Common Files\Intel\OpenCL\bin\x64\cpu_device64.dll
0x00007ffa15c20000 - 0x00007ffa160e1000 	C:\WINDOWS\SYSTEM32\igdrcl64.dll
0x00007ffa527b0000 - 0x00007ffa527f3000 	C:\WINDOWS\SYSTEM32\igdfcl64.dll
0x00007ffa0e7f0000 - 0x00007ffa0ed67000 	C:\WINDOWS\SYSTEM32\igdmcl64.dll
0x00007ffa65160000 - 0x00007ffa652f2000 	C:\WINDOWS\SYSTEM32\dbghelp.dll
0x00007ffa44710000 - 0x00007ffa4477d000 	C:\WINDOWS\SYSTEM32\igdbcl64.dll

VM Arguments:
jvm_args: -Djava.library.path=D:\Downloads\opencv\build\java\x64 -Dfile.encoding=Cp1252 
java_command: game.Main
java_class_path (initial): C:\Users\simon\git\PenO-Testbed-poging-3\src;D:\Downloads\lwjgl_util.jar;D:\Downloads\lwjgl-release-3.1.3-custom\lwjgl.jar;D:\Downloads\lwjgl-release-3.1.3-custom\lwjgl-assimp.jar;D:\Downloads\lwjgl-release-3.1.3-custom\lwjgl-assimp-natives-windows.jar;D:\Downloads\lwjgl-release-3.1.3-custom\lwjgl-bgfx.jar;D:\Downloads\lwjgl-release-3.1.3-custom\lwjgl-bgfx-natives-windows.jar;D:\Downloads\lwjgl-release-3.1.3-custom\lwjgl-egl.jar;D:\Downloads\lwjgl-release-3.1.3-custom\lwjgl-glfw.jar;D:\Downloads\lwjgl-release-3.1.3-custom\lwjgl-glfw-natives-windows.jar;D:\Downloads\lwjgl-release-3.1.3-custom\lwjgl-jawt.jar;D:\Downloads\lwjgl-release-3.1.3-custom\lwjgl-jemalloc.jar;D:\Downloads\lwjgl-release-3.1.3-custom\lwjgl-jemalloc-natives-windows.jar;D:\Downloads\lwjgl-release-3.1.3-custom\lwjgl-lmdb.jar;D:\Downloads\lwjgl-release-3.1.3-custom\lwjgl-lmdb-natives-windows.jar;D:\Downloads\lwjgl-release-3.1.3-custom\lwjgl-nanovg.jar;D:\Downloads\lwjgl-release-3.1.3-custom\lwjgl-nanovg-natives-windows.jar;D:\Downloads\lwjgl-release-3.1.3-custom\lwjgl-natives-windows.jar;D:\Downloads\lwjgl-release-3.1.3-custom\lwjgl-nfd.jar;D:\Downloads\lwjgl-release-3.1.3-custom\lwjgl-nfd-natives-windows.jar;D:\Downloads\lwjgl-release-3.1.3-custom\lwjgl-nuklear.jar;D:\Downloads\lwjgl-release-3.1.3-custom\lwjgl-nuklear-natives-windows.jar;D:\Downloads\lwjgl-release-3.1.3-custom\lwjgl-openal.jar;D:\Downloads\lwjgl-release-3.1.3-custom\lwjgl-openal-natives-windows.jar;D:\Downloads\lwjgl-release-3.1.3-custom\lwjgl-opencl.jar;D:\Downloads\lwjgl-release-3.1.3-custom\lwjgl-opengl.jar;D:\Downloads\lwjgl-release-3.1.3-custom\lwjgl-opengles.jar;D:\Downloads\lwjgl-release-3.1.3-custom\lwjgl-opengles-natives-windows.jar;D:\Downloads\lwjgl-release-3.1.3-custom\lwjgl-opengl-natives-windows.jar;D:\Downloads\lwjgl-release-3.1.3-custom\lwjgl-openvr.jar;D:\Downloads\lwjgl-release-3.1.3-custom\lwjgl-openvr-natives-windows.jar;D:\Downloads\lwjgl-release-3.1.3-custom\lwjgl-ovr.jar;D:\Downloa
Launcher Type: SUN_STANDARD

Environment Variables:
PATH=C:/Program Files/Java/jre1.8.0_131/bin/server;C:/Program Files/Java/jre1.8.0_131/bin;C:/Program Files/Java/jre1.8.0_131/lib/amd64;C:\ProgramData\Oracle\Java\javapath;C:\Program Files (x86)\Intel\iCLS Client\;C:\Program Files\Intel\iCLS Client\;C:\Windows\system32;C:\Windows;C:\Windows\System32\Wbem;C:\Windows\System32\WindowsPowerShell\v1.0\;C:\Program Files\Intel\WiFi\bin\;C:\Program Files\Common Files\Intel\WirelessCommon\;C:\Program Files (x86)\Intel\Intel(R) Management Engine Components\DAL;C:\Program Files\Intel\Intel(R) Management Engine Components\DAL;C:\Program Files (x86)\Intel\Intel(R) Management Engine Components\IPT;C:\Program Files\Intel\Intel(R) Management Engine Components\IPT;C:\Program Files (x86)\NVIDIA Corporation\PhysX\Common;C:\Program Files\MATLAB\R2015b\runtime\win64;C:\Program Files\MATLAB\R2015b\bin;C:\WINDOWS\system32;C:\WINDOWS;C:\WINDOWS\System32\Wbem;C:\WINDOWS\System32\WindowsPowerShell\v1.0\;C:\Program Files (x86)\Skype\Phone\;C:\Program Files\Git\cmd;C:\Users\simon\AppData\Local\Microsoft\WindowsApps;C:\texlive\2016\bin\win32;C:\Python27;C:\pypy2-v5.6.0-win32;C:\WINDOWS\system32;
USERNAME=simon
OS=Windows_NT
PROCESSOR_IDENTIFIER=Intel64 Family 6 Model 71 Stepping 1, GenuineIntel



---------------  S Y S T E M  ---------------

OS: Windows 10.0 , 64 bit Build 14393 (10.0.14393.1198)

CPU:total 8 (initial active 8) (4 cores per cpu, 2 threads per core) family 6 model 71 stepping 1, cmov, cx8, fxsr, mmx, sse, sse2, sse3, ssse3, sse4.1, sse4.2, popcnt, avx, avx2, aes, clmul, erms, 3dnowpref, lzcnt, ht, tsc, tscinvbit, bmi1, bmi2, adx

Memory: 4k page, physical 16653772k(9549300k free), swap 19144140k(9437300k free)

vm_info: Java HotSpot(TM) 64-Bit Server VM (25.131-b11) for windows-amd64 JRE (1.8.0_131-b11), built on Mar 15 2017 01:23:53 by "java_re" with MS VC++ 10.0 (VS2010)

time: Wed Nov 29 03:04:47 2017
elapsed time: 3 seconds (0d 0h 0m 3s)

