#
# A fatal error has been detected by the Java Runtime Environment:
#
#  EXCEPTION_ACCESS_VIOLATION (0xc0000005) at pc=0x00007ffa4b08846d, pid=4328, tid=0x0000000000003784
#
# JRE version: Java(TM) SE Runtime Environment (8.0_131-b11) (build 1.8.0_131-b11)
# Java VM: Java HotSpot(TM) 64-Bit Server VM (25.131-b11 mixed mode windows-amd64 compressed oops)
# Problematic frame:
# C  [lwjgl_opengl.dll+0x846d]
#
# Failed to write core dump. Minidumps are not enabled by default on client versions of Windows
#
# If you would like to submit a bug report, please visit:
#   http://bugreport.java.com/bugreport/crash.jsp
# The crash happened outside the Java Virtual Machine in native code.
# See problematic frame for where to report the bug.
#

---------------  T H R E A D  ---------------

Current thread (0x000000001fd6d000):  JavaThread "AWT-EventQueue-0" [_thread_in_native, id=14212, stack(0x0000000067e50000,0x0000000067f50000)]

siginfo: ExceptionCode=0xc0000005, reading address 0x0000000000000f70

Registers:
RAX=0x0000000068d30d50, RBX=0x000000001c75f038, RCX=0x0000000000000001, RDX=0x000000001eb6f08c
RSP=0x0000000067f4c838, RBP=0x0000000067f4c8b8, RSI=0x00000000000112e0, RDI=0x00000007c00b6c20
R8 =0x0000000000000001, R9 =0x000000001eb6f08c, R10=0x0000000000000000, R11=0x00000000687bbd80
R12=0x0000000000000000, R13=0x000000001c75f038, R14=0x0000000067f4c8e8, R15=0x000000001fd6d000
RIP=0x00007ffa4b08846d, EFLAGS=0x0000000000010202

Top of Stack: (sp=0x0000000067f4c838)
0x0000000067f4c838:   00000000030a7f74 0000000067f4c888
0x0000000067f4c848:   000000001c55efe8 0000000000000000
0x0000000067f4c858:   000000001c559300 0000000000000000
0x0000000067f4c868:   0000000067f4c880 0000000067f4c8d0
0x0000000067f4c878:   0000000067f4c878 0000000000000000
0x0000000067f4c888:   0000000067f4c8e8 000000001c761b20
0x0000000067f4c898:   0000000000000000 000000001c75f038
0x0000000067f4c8a8:   0000000000000000 0000000067f4c8d8
0x0000000067f4c8b8:   0000000067f4c930 000000000309835d
0x0000000067f4c8c8:   00000006c562a4b8 00000000030a19d8
0x0000000067f4c8d8:   000000001eb6f08c 0000000777d4b680
0x0000000067f4c8e8:   0000000000000001 0000000067f4c8f0
0x0000000067f4c8f8:   000000001c75f1ac 0000000067f4c960
0x0000000067f4c908:   000000001c761b20 0000000000000000
0x0000000067f4c918:   000000001c75f218 0000000067f4c8d8
0x0000000067f4c928:   0000000067f4c968 0000000067f4c9b0 

Instructions: (pc=0x00007ffa4b08846d)
0x00007ffa4b08844d:   49 ff a2 30 0a 00 00 cc cc cc cc cc cc cc cc cc
0x00007ffa4b08845d:   cc cc cc 48 8b 01 49 8b d1 41 8b c8 4c 8b 50 18
0x00007ffa4b08846d:   49 ff a2 70 0f 00 00 cc cc cc cc cc cc cc cc cc
0x00007ffa4b08847d:   cc cc cc 48 8b 01 48 8b 48 18 48 8b 81 78 1c 00 


Register to memory mapping:

RAX=0x0000000068d30d50 is an unknown value
RBX={method} {0x000000001c75f040} 'nglGenVertexArrays' '(IJ)V' in 'org/lwjgl/opengl/GL30'
RCX=0x0000000000000001 is an unknown value
RDX=0x000000001eb6f08c is an unknown value
RSP=0x0000000067f4c838 is pointing into the stack for thread: 0x000000001fd6d000
RBP=0x0000000067f4c8b8 is pointing into the stack for thread: 0x000000001fd6d000
RSI=0x00000000000112e0 is an unknown value
RDI=0x00000007c00b6c20 is pointing into metadata
R8 =0x0000000000000001 is an unknown value
R9 =0x000000001eb6f08c is an unknown value
R10=0x0000000000000000 is an unknown value
R11=0x00000000687bbd80 is an unknown value
R12=0x0000000000000000 is an unknown value
R13={method} {0x000000001c75f040} 'nglGenVertexArrays' '(IJ)V' in 'org/lwjgl/opengl/GL30'
R14=0x0000000067f4c8e8 is pointing into the stack for thread: 0x000000001fd6d000
R15=0x000000001fd6d000 is a thread


Stack: [0x0000000067e50000,0x0000000067f50000],  sp=0x0000000067f4c838,  free space=1010k
Native frames: (J=compiled Java code, j=interpreted, Vv=VM code, C=native code)
C  [lwjgl_opengl.dll+0x846d]

Java frames: (J=compiled Java code, j=interpreted, Vv=VM code)
j  org.lwjgl.opengl.GL30.nglGenVertexArrays(IJ)V+0
j  org.lwjgl.opengl.GL30.glGenVertexArrays()I+20
j  graph.Mesh.<init>([F[F[I)V+20
j  game.DummyGame.worldGenerator(I)Ljava/util/List;+148
j  GUI.GUI$ListenForGenerate.actionPerformed(Ljava/awt/event/ActionEvent;)V+23
j  javax.swing.AbstractButton.fireActionPerformed(Ljava/awt/event/ActionEvent;)V+83
j  javax.swing.AbstractButton$Handler.actionPerformed(Ljava/awt/event/ActionEvent;)V+5
j  javax.swing.DefaultButtonModel.fireActionPerformed(Ljava/awt/event/ActionEvent;)V+34
j  javax.swing.DefaultButtonModel.setPressed(Z)V+117
j  javax.swing.plaf.basic.BasicButtonListener.mouseReleased(Ljava/awt/event/MouseEvent;)V+35
j  java.awt.Component.processMouseEvent(Ljava/awt/event/MouseEvent;)V+64
j  javax.swing.JComponent.processMouseEvent(Ljava/awt/event/MouseEvent;)V+23
j  java.awt.Component.processEvent(Ljava/awt/AWTEvent;)V+81
j  java.awt.Container.processEvent(Ljava/awt/AWTEvent;)V+18
j  java.awt.Component.dispatchEventImpl(Ljava/awt/AWTEvent;)V+589
J 1330 C1 java.awt.Container.dispatchEventImpl(Ljava/awt/AWTEvent;)V (129 bytes) @ 0x00000000035474cc [0x0000000003547380+0x14c]
J 1329 C1 java.awt.Component.dispatchEvent(Ljava/awt/AWTEvent;)V (6 bytes) @ 0x0000000003547004 [0x0000000003546f00+0x104]
j  java.awt.LightweightDispatcher.retargetMouseEvent(Ljava/awt/Component;ILjava/awt/event/MouseEvent;)V+327
j  java.awt.LightweightDispatcher.processMouseEvent(Ljava/awt/event/MouseEvent;)Z+155
j  java.awt.LightweightDispatcher.dispatchEvent(Ljava/awt/AWTEvent;)Z+50
J 1330 C1 java.awt.Container.dispatchEventImpl(Ljava/awt/AWTEvent;)V (129 bytes) @ 0x000000000354746c [0x0000000003547380+0xec]
j  java.awt.Window.dispatchEventImpl(Ljava/awt/AWTEvent;)V+19
J 1499 C1 java.awt.EventQueue.dispatchEventImpl(Ljava/awt/AWTEvent;Ljava/lang/Object;)V (149 bytes) @ 0x00000000035b8bbc [0x00000000035b7340+0x187c]
J 1501 C1 java.awt.EventQueue$3.run()Ljava/lang/Void; (60 bytes) @ 0x00000000035c029c [0x00000000035c0080+0x21c]
J 1412 C1 java.awt.EventQueue$3.run()Ljava/lang/Object; (5 bytes) @ 0x0000000003577ccc [0x0000000003577c40+0x8c]
v  ~StubRoutines::call_stub
J 1270  java.security.AccessController.doPrivileged(Ljava/security/PrivilegedAction;Ljava/security/AccessControlContext;)Ljava/lang/Object; (0 bytes) @ 0x0000000003520726 [0x00000000035206c0+0x66]
J 1190 C1 java.security.ProtectionDomain$JavaSecurityAccessImpl.doIntersectionPrivilege(Ljava/security/PrivilegedAction;Ljava/security/AccessControlContext;Ljava/security/AccessControlContext;)Ljava/lang/Object; (22 bytes) @ 0x00000000034f37bc [0x00000000034f3340+0x47c]
j  java.security.ProtectionDomain$JavaSecurityAccessImpl.doIntersectionPrivilege(Ljava/security/PrivilegedAction;Ljava/security/AccessControlContext;)Ljava/lang/Object;+6
j  java.awt.EventQueue$4.run()Ljava/lang/Void;+11
j  java.awt.EventQueue$4.run()Ljava/lang/Object;+1
v  ~StubRoutines::call_stub
J 1270  java.security.AccessController.doPrivileged(Ljava/security/PrivilegedAction;Ljava/security/AccessControlContext;)Ljava/lang/Object; (0 bytes) @ 0x0000000003520726 [0x00000000035206c0+0x66]
J 1298 C1 java.awt.EventQueue.dispatchEvent(Ljava/awt/AWTEvent;)V (80 bytes) @ 0x000000000353317c [0x00000000035322c0+0xebc]
J 1502 C1 java.awt.EventDispatchThread.pumpOneEventForFilters(I)V (295 bytes) @ 0x00000000035bbb4c [0x00000000035b9fc0+0x1b8c]
j  java.awt.EventDispatchThread.pumpEventsForFilter(ILjava/awt/Conditional;Ljava/awt/EventFilter;)V+35
j  java.awt.EventDispatchThread.pumpEventsForHierarchy(ILjava/awt/Conditional;Ljava/awt/Component;)V+11
j  java.awt.EventDispatchThread.pumpEvents(ILjava/awt/Conditional;)V+4
j  java.awt.EventDispatchThread.pumpEvents(Ljava/awt/Conditional;)V+3
j  java.awt.EventDispatchThread.run()V+9
v  ~StubRoutines::call_stub

---------------  P R O C E S S  ---------------

Java Threads: ( => current thread )
  0x000000001fd97800 JavaThread "TimerQueue" daemon [_thread_blocked, id=6496, stack(0x000000006a200000,0x000000006a300000)]
=>0x000000001fd6d000 JavaThread "AWT-EventQueue-0" [_thread_in_native, id=14212, stack(0x0000000067e50000,0x0000000067f50000)]
  0x000000001ff88800 JavaThread "AWT-Windows" daemon [_thread_in_native, id=12916, stack(0x0000000067b50000,0x0000000067c50000)]
  0x000000001ff88000 JavaThread "AWT-Shutdown" [_thread_blocked, id=12988, stack(0x0000000067a50000,0x0000000067b50000)]
  0x000000001fd56000 JavaThread "Java2D Disposer" daemon [_thread_blocked, id=2976, stack(0x0000000067950000,0x0000000067a50000)]
  0x00000000016ae800 JavaThread "DestroyJavaVM" [_thread_blocked, id=13964, stack(0x0000000002e60000,0x0000000002f60000)]
  0x000000001ec4d000 JavaThread "GAME_LOOP_THREAD" [_thread_in_native, id=13880, stack(0x0000000020120000,0x0000000020220000)]
  0x000000001ea81000 JavaThread "Service Thread" daemon [_thread_blocked, id=10208, stack(0x000000001f5d0000,0x000000001f6d0000)]
  0x000000001e9fa800 JavaThread "C1 CompilerThread3" daemon [_thread_blocked, id=3032, stack(0x000000001f4d0000,0x000000001f5d0000)]
  0x000000001e9f1000 JavaThread "C2 CompilerThread2" daemon [_thread_blocked, id=12704, stack(0x000000001f3d0000,0x000000001f4d0000)]
  0x000000001e9ee000 JavaThread "C2 CompilerThread1" daemon [_thread_blocked, id=9440, stack(0x000000001f2d0000,0x000000001f3d0000)]
  0x000000001e9ec000 JavaThread "C2 CompilerThread0" daemon [_thread_blocked, id=13972, stack(0x000000001f1d0000,0x000000001f2d0000)]
  0x000000001e9ea000 JavaThread "Attach Listener" daemon [_thread_blocked, id=13356, stack(0x000000001f0d0000,0x000000001f1d0000)]
  0x000000001e9e9000 JavaThread "Signal Dispatcher" daemon [_thread_blocked, id=12692, stack(0x000000001efd0000,0x000000001f0d0000)]
  0x000000001e9e0800 JavaThread "Finalizer" daemon [_thread_blocked, id=2436, stack(0x000000001edc0000,0x000000001eec0000)]
  0x0000000003077000 JavaThread "Reference Handler" daemon [_thread_blocked, id=11292, stack(0x000000001e8c0000,0x000000001e9c0000)]

Other Threads:
  0x000000001cae9800 VMThread [stack: 0x000000001e7c0000,0x000000001e8c0000] [id=2464]
  0x000000001ea9b800 WatcherThread [stack: 0x000000001f820000,0x000000001f920000] [id=7028]

VM state:not at safepoint (normal execution)

VM Mutex/Monitor currently owned by a thread: None

Heap:
 PSYoungGen      total 276992K, used 259751K [0x000000076b500000, 0x000000077df00000, 0x00000007c0000000)
  eden space 253440K, 95% used [0x000000076b500000,0x000000077a0e5c80,0x000000077ac80000)
  from space 23552K, 77% used [0x000000077c500000,0x000000077d6c4040,0x000000077dc00000)
  to   space 25088K, 0% used [0x000000077ac80000,0x000000077ac80000,0x000000077c500000)
 ParOldGen       total 175104K, used 61558K [0x00000006c1e00000, 0x00000006cc900000, 0x000000076b500000)
  object space 175104K, 35% used [0x00000006c1e00000,0x00000006c5a1d988,0x00000006cc900000)
 Metaspace       used 15483K, capacity 15759K, committed 15872K, reserved 1062912K
  class space    used 1623K, capacity 1740K, committed 1792K, reserved 1048576K

Card table byte_map: [0x0000000012450000,0x0000000012c50000] byte_map_base: 0x000000000ee41000

Marking Bits: (ParMarkBitMap*) 0x0000000068dac720
 Begin Bits: [0x00000000139a0000, 0x0000000017928000)
 End Bits:   [0x0000000017928000, 0x000000001b8b0000)

Polling page: 0x0000000002f60000

CodeCache: size=245760Kb used=5518Kb max_used=5530Kb free=240241Kb
 bounds [0x0000000003090000, 0x0000000003600000, 0x0000000012090000]
 total_blobs=2732 nmethods=1579 adapters=1065
 compilation: enabled

Compilation events (10 events):
Event: 5.989 Thread 0x000000001e9fa800 nmethod 1575 0x00000000035f32d0 code [0x00000000035f3440, 0x00000000035f3658]
Event: 5.989 Thread 0x000000001e9fa800 1576       3       java.awt.Insets::set (22 bytes)
Event: 5.989 Thread 0x000000001e9ec000 nmethod 1574 0x00000000035b28d0 code [0x00000000035b2a00, 0x00000000035b2a98]
Event: 5.989 Thread 0x000000001e9fa800 nmethod 1576 0x00000000035f6090 code [0x00000000035f61e0, 0x00000000035f6350]
Event: 5.989 Thread 0x000000001e9fa800 1577       3       sun.java2d.SunGraphics2D::getClipBounds (21 bytes)
Event: 5.990 Thread 0x000000001e9fa800 nmethod 1577 0x00000000035f5810 code [0x00000000035f59a0, 0x00000000035f5e48]
Event: 5.990 Thread 0x000000001e9fa800 1578       3       sun.java2d.SunGraphics2D::getClipBounds (102 bytes)
Event: 5.990 Thread 0x000000001e9fa800 nmethod 1578 0x00000000035f63d0 code [0x00000000035f6680, 0x00000000035f7de8]
Event: 6.037 Thread 0x000000001e9ee000 1579       4       java.lang.AbstractStringBuilder::append (50 bytes)
Event: 6.041 Thread 0x000000001e9ee000 nmethod 1579 0x00000000035f39d0 code [0x00000000035f3b40, 0x00000000035f3f88]

GC Heap History (10 events):
Event: 2.614 GC heap before
{Heap before GC invocations=4 (full 0):
 PSYoungGen      total 76288K, used 72704K [0x000000076b500000, 0x0000000770a00000, 0x00000007c0000000)
  eden space 65536K, 98% used [0x000000076b500000,0x000000076f4415c0,0x000000076f500000)
  from space 10752K, 73% used [0x000000076f500000,0x000000076fcbeb00,0x000000076ff80000)
  to   space 10752K, 0% used [0x000000076ff80000,0x000000076ff80000,0x0000000770a00000)
 ParOldGen       total 175104K, used 23838K [0x00000006c1e00000, 0x00000006cc900000, 0x000000076b500000)
  object space 175104K, 13% used [0x00000006c1e00000,0x00000006c3547ac8,0x00000006cc900000)
 Metaspace       used 15236K, capacity 15495K, committed 15616K, reserved 1062912K
  class space    used 1623K, capacity 1740K, committed 1792K, reserved 1048576K
Event: 2.619 GC heap after
Heap after GC invocations=4 (full 0):
 PSYoungGen      total 76288K, used 7850K [0x000000076b500000, 0x0000000770a00000, 0x00000007c0000000)
  eden space 65536K, 0% used [0x000000076b500000,0x000000076b500000,0x000000076f500000)
  from space 10752K, 73% used [0x000000076ff80000,0x000000077072aaf0,0x0000000770a00000)
  to   space 10752K, 0% used [0x000000076f500000,0x000000076f500000,0x000000076ff80000)
 ParOldGen       total 175104K, used 37346K [0x00000006c1e00000, 0x00000006cc900000, 0x000000076b500000)
  object space 175104K, 21% used [0x00000006c1e00000,0x00000006c4278af8,0x00000006cc900000)
 Metaspace       used 15236K, capacity 15495K, committed 15616K, reserved 1062912K
  class space    used 1623K, capacity 1740K, committed 1792K, reserved 1048576K
}
Event: 2.974 GC heap before
{Heap before GC invocations=5 (full 0):
 PSYoungGen      total 76288K, used 72728K [0x000000076b500000, 0x0000000770a00000, 0x00000007c0000000)
  eden space 65536K, 98% used [0x000000076b500000,0x000000076f45b558,0x000000076f500000)
  from space 10752K, 73% used [0x000000076ff80000,0x000000077072aaf0,0x0000000770a00000)
  to   space 10752K, 0% used [0x000000076f500000,0x000000076f500000,0x000000076ff80000)
 ParOldGen       total 175104K, used 37346K [0x00000006c1e00000, 0x00000006cc900000, 0x000000076b500000)
  object space 175104K, 21% used [0x00000006c1e00000,0x00000006c4278af8,0x00000006cc900000)
 Metaspace       used 15244K, capacity 15559K, committed 15872K, reserved 1062912K
  class space    used 1623K, capacity 1740K, committed 1792K, reserved 1048576K
Event: 2.981 GC heap after
Heap after GC invocations=5 (full 0):
 PSYoungGen      total 76288K, used 7866K [0x000000076b500000, 0x0000000775d00000, 0x00000007c0000000)
  eden space 65536K, 0% used [0x000000076b500000,0x000000076b500000,0x000000076f500000)
  from space 10752K, 73% used [0x000000076f500000,0x000000076fcaeb00,0x000000076ff80000)
  to   space 20480K, 0% used [0x0000000774900000,0x0000000774900000,0x0000000775d00000)
 ParOldGen       total 175104K, used 50854K [0x00000006c1e00000, 0x00000006cc900000, 0x000000076b500000)
  object space 175104K, 29% used [0x00000006c1e00000,0x00000006c4fa9b28,0x00000006cc900000)
 Metaspace       used 15244K, capacity 15559K, committed 15872K, reserved 1062912K
  class space    used 1623K, capacity 1740K, committed 1792K, reserved 1048576K
}
Event: 3.325 GC heap before
{Heap before GC invocations=6 (full 0):
 PSYoungGen      total 76288K, used 72353K [0x000000076b500000, 0x0000000775d00000, 0x00000007c0000000)
  eden space 65536K, 98% used [0x000000076b500000,0x000000076f3f9ce8,0x000000076f500000)
  from space 10752K, 73% used [0x000000076f500000,0x000000076fcaeb00,0x000000076ff80000)
  to   space 20480K, 0% used [0x0000000774900000,0x0000000774900000,0x0000000775d00000)
 ParOldGen       total 175104K, used 50854K [0x00000006c1e00000, 0x00000006cc900000, 0x000000076b500000)
  object space 175104K, 29% used [0x00000006c1e00000,0x00000006c4fa9b28,0x00000006cc900000)
 Metaspace       used 15250K, capacity 15559K, committed 15872K, reserved 1062912K
  class space    used 1623K, capacity 1740K, committed 1792K, reserved 1048576K
Event: 3.331 GC heap after
Heap after GC invocations=6 (full 0):
 PSYoungGen      total 147968K, used 19733K [0x000000076b500000, 0x0000000776400000, 0x00000007c0000000)
  eden space 127488K, 0% used [0x000000076b500000,0x000000076b500000,0x0000000773180000)
  from space 20480K, 96% used [0x0000000774900000,0x0000000775c45730,0x0000000775d00000)
  to   space 24064K, 0% used [0x0000000773180000,0x0000000773180000,0x0000000774900000)
 ParOldGen       total 175104K, used 55362K [0x00000006c1e00000, 0x00000006cc900000, 0x000000076b500000)
  object space 175104K, 31% used [0x00000006c1e00000,0x00000006c5410b38,0x00000006cc900000)
 Metaspace       used 15250K, capacity 15559K, committed 15872K, reserved 1062912K
  class space    used 1623K, capacity 1740K, committed 1792K, reserved 1048576K
}
Event: 4.020 GC heap before
{Heap before GC invocations=7 (full 0):
 PSYoungGen      total 147968K, used 144339K [0x000000076b500000, 0x0000000776400000, 0x00000007c0000000)
  eden space 127488K, 97% used [0x000000076b500000,0x0000000772eaf5f0,0x0000000773180000)
  from space 20480K, 96% used [0x0000000774900000,0x0000000775c45730,0x0000000775d00000)
  to   space 24064K, 0% used [0x0000000773180000,0x0000000773180000,0x0000000774900000)
 ParOldGen       total 175104K, used 55362K [0x00000006c1e00000, 0x00000006cc900000, 0x000000076b500000)
  object space 175104K, 31% used [0x00000006c1e00000,0x00000006c5410b38,0x00000006cc900000)
 Metaspace       used 15287K, capacity 15559K, committed 15872K, reserved 1062912K
  class space    used 1623K, capacity 1740K, committed 1792K, reserved 1048576K
Event: 4.025 GC heap after
Heap after GC invocations=7 (full 0):
 PSYoungGen      total 151552K, used 13724K [0x000000076b500000, 0x000000077dc00000, 0x00000007c0000000)
  eden space 127488K, 0% used [0x000000076b500000,0x000000076b500000,0x0000000773180000)
  from space 24064K, 57% used [0x0000000773180000,0x0000000773ee7030,0x0000000774900000)
  to   space 23552K, 0% used [0x000000077c500000,0x000000077c500000,0x000000077dc00000)
 ParOldGen       total 175104K, used 61534K [0x00000006c1e00000, 0x00000006cc900000, 0x000000076b500000)
  object space 175104K, 35% used [0x00000006c1e00000,0x00000006c5a17988,0x00000006cc900000)
 Metaspace       used 15287K, capacity 15559K, committed 15872K, reserved 1062912K
  class space    used 1623K, capacity 1740K, committed 1792K, reserved 1048576K
}
Event: 4.677 GC heap before
{Heap before GC invocations=8 (full 0):
 PSYoungGen      total 151552K, used 138114K [0x000000076b500000, 0x000000077dc00000, 0x00000007c0000000)
  eden space 127488K, 97% used [0x000000076b500000,0x0000000772e79948,0x0000000773180000)
  from space 24064K, 57% used [0x0000000773180000,0x0000000773ee7030,0x0000000774900000)
  to   space 23552K, 0% used [0x000000077c500000,0x000000077c500000,0x000000077dc00000)
 ParOldGen       total 175104K, used 61534K [0x00000006c1e00000, 0x00000006cc900000, 0x000000076b500000)
  object space 175104K, 35% used [0x00000006c1e00000,0x00000006c5a17988,0x00000006cc900000)
 Metaspace       used 15313K, capacity 15623K, committed 15872K, reserved 1062912K
  class space    used 1623K, capacity 1740K, committed 1792K, reserved 1048576K
Event: 4.681 GC heap after
Heap after GC invocations=8 (full 0):
 PSYoungGen      total 276992K, used 18192K [0x000000076b500000, 0x000000077df00000, 0x00000007c0000000)
  eden space 253440K, 0% used [0x000000076b500000,0x000000076b500000,0x000000077ac80000)
  from space 23552K, 77% used [0x000000077c500000,0x000000077d6c4040,0x000000077dc00000)
  to   space 25088K, 0% used [0x000000077ac80000,0x000000077ac80000,0x000000077c500000)
 ParOldGen       total 175104K, used 61558K [0x00000006c1e00000, 0x00000006cc900000, 0x000000076b500000)
  object space 175104K, 35% used [0x00000006c1e00000,0x00000006c5a1d988,0x00000006cc900000)
 Metaspace       used 15313K, capacity 15623K, committed 15872K, reserved 1062912K
  class space    used 1623K, capacity 1740K, committed 1792K, reserved 1048576K
}

Deoptimization events (10 events):
Event: 1.061 Thread 0x000000001ec4d000 Uncommon trap: reason=array_check action=maybe_recompile pc=0x00000000033f0ae8 method=java.util.AbstractCollection.toArray([Ljava/lang/Object;)[Ljava/lang/Object; @ 119
Event: 1.061 Thread 0x000000001ec4d000 Uncommon trap: reason=array_check action=maybe_recompile pc=0x00000000033f0ae8 method=java.util.AbstractCollection.toArray([Ljava/lang/Object;)[Ljava/lang/Object; @ 119
Event: 1.065 Thread 0x000000001ec4d000 Uncommon trap: reason=unstable_if action=reinterpret pc=0x00000000033dc53c method=sun.misc.FloatingDecimal.readJavaFormatString(Ljava/lang/String;)Lsun/misc/FloatingDecimal$ASCIIToBinaryConverter; @ 396
Event: 1.072 Thread 0x000000001ec4d000 Uncommon trap: reason=unstable_if action=reinterpret pc=0x00000000033dd82c method=sun.misc.FloatingDecimal$ASCIIToBinaryBuffer.floatValue()F @ 65
Event: 1.704 Thread 0x000000001ec4d000 Uncommon trap: reason=unstable_if action=reinterpret pc=0x00000000034a0960 method=game.Renderer.render(Lengine/Window;Lgraph/Camera;Lgraph/Camera;Lgraph/Camera;Lgraph/Camera;Ljava/util/List;)V @ 1135
Event: 1.780 Thread 0x000000001ec4d000 Uncommon trap: reason=unstable_if action=reinterpret pc=0x00000000034b8470 method=java.awt.image.DirectColorModel.getDataElements(ILjava/lang/Object;)Ljava/lang/Object; @ 11
Event: 1.823 Thread 0x000000001ec4d000 Uncommon trap: reason=unstable_if action=reinterpret pc=0x00000000034c2d38 method=game.Renderer.render(Lengine/Window;Lgraph/Camera;Lgraph/Camera;Lgraph/Camera;Lgraph/Camera;Ljava/util/List;)V @ 691
Event: 1.860 Thread 0x000000001ec4d000 Uncommon trap: reason=unstable_if action=reinterpret pc=0x00000000034ca92c method=java.awt.image.BufferedImage.setRGB(IIII[III)V @ 16
Event: 4.815 Thread 0x000000001ec4d000 Uncommon trap: reason=unstable_if action=reinterpret pc=0x00000000035618bc method=sun.misc.FloatingDecimal.getBinaryToASCIIConverter(F)Lsun/misc/FloatingDecimal$BinaryToASCIIConverter; @ 75
Event: 6.045 Thread 0x000000001fd6d000 Uncommon trap: reason=unstable_if action=reinterpret pc=0x0000000003552abc method=java.lang.ThreadLocal.get()Ljava/lang/Object; @ 11

Internal exceptions (10 events):
Event: 0.192 Thread 0x000000001ec4d000 Exception <a 'java/security/PrivilegedActionException'> (0x000000076bcb9930) thrown at [C:\re\workspace\8-2-build-windows-amd64-cygwin\jdk8u131\8869\hotspot\src\share\vm\prims\jvm.cpp, line 1390]
Event: 0.663 Thread 0x000000001ec4d000 Exception <a 'sun/nio/fs/WindowsException'> (0x000000076be84d98) thrown at [C:\re\workspace\8-2-build-windows-amd64-cygwin\jdk8u131\8869\hotspot\src\share\vm\prims\jni.cpp, line 709]
Event: 0.663 Thread 0x000000001ec4d000 Exception <a 'sun/nio/fs/WindowsException'> (0x000000076be85580) thrown at [C:\re\workspace\8-2-build-windows-amd64-cygwin\jdk8u131\8869\hotspot\src\share\vm\prims\jni.cpp, line 709]
Event: 0.842 Thread 0x000000001ec4d000 Exception <a 'java/io/FileNotFoundException'> (0x000000076c504a88) thrown at [C:\re\workspace\8-2-build-windows-amd64-cygwin\jdk8u131\8869\hotspot\src\share\vm\prims\jni.cpp, line 709]
Event: 0.861 Thread 0x000000001ec4d000 Exception <a 'java/io/FileNotFoundException'> (0x000000076c525ec0) thrown at [C:\re\workspace\8-2-build-windows-amd64-cygwin\jdk8u131\8869\hotspot\src\share\vm\prims\jni.cpp, line 709]
Event: 0.890 Thread 0x000000001ec4d000 Implicit null exception at 0x0000000003355316 to 0x00000000033556c5
Event: 0.891 Thread 0x000000001ec4d000 Implicit null exception at 0x0000000003308856 to 0x0000000003308bfd
Event: 0.893 Thread 0x000000001ec4d000 Implicit null exception at 0x00000000033616d5 to 0x0000000003361915
Event: 1.780 Thread 0x000000001ec4d000 Implicit null exception at 0x00000000034b807e to 0x00000000034b8459
Event: 6.045 Thread 0x000000001fd6d000 Implicit null exception at 0x00000000035529dc to 0x0000000003552aa9

Events (10 events):
Event: 4.084 Executing VM operation: EnableBiasedLocking
Event: 4.084 Executing VM operation: EnableBiasedLocking done
Event: 4.677 Executing VM operation: ParallelGCFailedAllocation
Event: 4.681 Executing VM operation: ParallelGCFailedAllocation done
Event: 4.815 Thread 0x000000001ec4d000 Uncommon trap: trap_request=0xffffff65 fr.pc=0x00000000035618bc
Event: 4.815 Thread 0x000000001ec4d000 DEOPT PACKING pc=0x00000000035618bc sp=0x000000002021ee20
Event: 4.815 Thread 0x000000001ec4d000 DEOPT UNPACKING pc=0x00000000030d582a sp=0x000000002021ed98 mode 2
Event: 6.045 Thread 0x000000001fd6d000 Uncommon trap: trap_request=0xffffff65 fr.pc=0x0000000003552abc
Event: 6.045 Thread 0x000000001fd6d000 DEOPT PACKING pc=0x0000000003552abc sp=0x0000000067f4c850
Event: 6.045 Thread 0x000000001fd6d000 DEOPT UNPACKING pc=0x00000000030d582a sp=0x0000000067f4c7f0 mode 2


Dynamic libraries:
0x00007ff7bb7b0000 - 0x00007ff7bb7e7000 	C:\Program Files\Java\jre1.8.0_131\bin\javaw.exe
0x00007ffa6bab0000 - 0x00007ffa6bc82000 	C:\WINDOWS\SYSTEM32\ntdll.dll
0x00007ffa6a6b0000 - 0x00007ffa6a75c000 	C:\WINDOWS\System32\KERNEL32.DLL
0x00007ffa689c0000 - 0x00007ffa68bdd000 	C:\WINDOWS\System32\KERNELBASE.dll
0x00007ffa690e0000 - 0x00007ffa69182000 	C:\WINDOWS\System32\ADVAPI32.dll
0x00007ffa6a760000 - 0x00007ffa6a7fe000 	C:\WINDOWS\System32\msvcrt.dll
0x00007ffa6b040000 - 0x00007ffa6b099000 	C:\WINDOWS\System32\sechost.dll
0x00007ffa6a860000 - 0x00007ffa6a981000 	C:\WINDOWS\System32\RPCRT4.dll
0x00007ffa6b240000 - 0x00007ffa6b3a5000 	C:\WINDOWS\System32\USER32.dll
0x00007ffa67fb0000 - 0x00007ffa67fce000 	C:\WINDOWS\System32\win32u.dll
0x00007ffa6aca0000 - 0x00007ffa6acd4000 	C:\WINDOWS\System32\GDI32.dll
0x00007ffa68e60000 - 0x00007ffa68fe0000 	C:\WINDOWS\System32\gdi32full.dll
0x00007ffa59610000 - 0x00007ffa5988a000 	C:\WINDOWS\WinSxS\amd64_microsoft.windows.common-controls_6595b64144ccf1df_6.0.14393.953_none_42151e83c686086b\COMCTL32.dll
0x00007ffa6b7e0000 - 0x00007ffa6baa8000 	C:\WINDOWS\System32\combase.dll
0x00007ffa67fd0000 - 0x00007ffa680c5000 	C:\WINDOWS\System32\ucrtbase.dll
0x00007ffa680d0000 - 0x00007ffa6813a000 	C:\WINDOWS\System32\bcryptPrimitives.dll
0x00007ffa6b110000 - 0x00007ffa6b13e000 	C:\WINDOWS\System32\IMM32.DLL
0x0000000068e30000 - 0x0000000068f02000 	C:\Program Files\Java\jre1.8.0_131\bin\msvcr100.dll
0x0000000068590000 - 0x0000000068e2c000 	C:\Program Files\Java\jre1.8.0_131\bin\server\jvm.dll
0x00007ffa6aef0000 - 0x00007ffa6aef8000 	C:\WINDOWS\System32\PSAPI.DLL
0x00007ffa5a6f0000 - 0x00007ffa5a6f9000 	C:\WINDOWS\SYSTEM32\WSOCK32.dll
0x00007ffa60520000 - 0x00007ffa6052a000 	C:\WINDOWS\SYSTEM32\VERSION.dll
0x00007ffa65fa0000 - 0x00007ffa65fc3000 	C:\WINDOWS\SYSTEM32\WINMM.dll
0x00007ffa6b0a0000 - 0x00007ffa6b10a000 	C:\WINDOWS\System32\WS2_32.dll
0x00007ffa65ee0000 - 0x00007ffa65f0b000 	C:\WINDOWS\SYSTEM32\WINMMBASE.dll
0x00007ffa688c0000 - 0x00007ffa68902000 	C:\WINDOWS\System32\cfgmgr32.dll
0x0000000068580000 - 0x000000006858f000 	C:\Program Files\Java\jre1.8.0_131\bin\verify.dll
0x0000000068550000 - 0x0000000068579000 	C:\Program Files\Java\jre1.8.0_131\bin\java.dll
0x0000000068530000 - 0x0000000068546000 	C:\Program Files\Java\jre1.8.0_131\bin\zip.dll
0x00007ffa691a0000 - 0x00007ffa6a6a8000 	C:\WINDOWS\System32\SHELL32.dll
0x00007ffa68140000 - 0x00007ffa68818000 	C:\WINDOWS\System32\windows.storage.dll
0x00007ffa67f20000 - 0x00007ffa67f6c000 	C:\WINDOWS\System32\powrprof.dll
0x00007ffa6ac40000 - 0x00007ffa6ac92000 	C:\WINDOWS\System32\shlwapi.dll
0x00007ffa67f70000 - 0x00007ffa67f7f000 	C:\WINDOWS\System32\kernel.appcore.dll
0x00007ffa68910000 - 0x00007ffa689b9000 	C:\WINDOWS\System32\shcore.dll
0x00007ffa67f90000 - 0x00007ffa67fa4000 	C:\WINDOWS\System32\profapi.dll
0x0000000068370000 - 0x000000006838a000 	C:\Program Files\Java\jre1.8.0_131\bin\net.dll
0x00007ffa677f0000 - 0x00007ffa6784c000 	C:\WINDOWS\system32\mswsock.dll
0x0000000068350000 - 0x0000000068361000 	C:\Program Files\Java\jre1.8.0_131\bin\nio.dll
0x00007ffa5c3d0000 - 0x00007ffa5c428000 	C:\Users\simon\AppData\Local\Temp\lwjglsimon\3.1.3-SNAPSHOT\lwjgl.dll
0x00007ffa52b10000 - 0x00007ffa52b5d000 	C:\Users\simon\AppData\Local\Temp\lwjglsimon\3.1.3-SNAPSHOT\glfw.dll
0x00007ffa66780000 - 0x00007ffa66815000 	C:\WINDOWS\system32\uxtheme.dll
0x00007ffa533a0000 - 0x00007ffa533e0000 	C:\WINDOWS\SYSTEM32\dinput8.dll
0x00007ffa65900000 - 0x00007ffa6590e000 	C:\WINDOWS\SYSTEM32\xinput1_4.dll
0x00007ffa66c60000 - 0x00007ffa66c88000 	C:\WINDOWS\SYSTEM32\DEVOBJ.dll
0x00007ffa65ce0000 - 0x00007ffa65d06000 	C:\WINDOWS\SYSTEM32\dwmapi.dll
0x00007ffa6a990000 - 0x00007ffa6aaea000 	C:\WINDOWS\System32\MSCTF.dll
0x00007ffa6aaf0000 - 0x00007ffa6abaf000 	C:\WINDOWS\System32\OLEAUT32.dll
0x00007ffa68820000 - 0x00007ffa688bc000 	C:\WINDOWS\System32\msvcp_win.dll
0x00007ffa306e0000 - 0x00007ffa30715000 	C:\Program Files\Nahimic\NahimicMSI\UserInterface\x64\NahimicMSIDevProps.dll
0x00007ffa6af00000 - 0x00007ffa6b038000 	C:\WINDOWS\System32\ole32.dll
0x00007ffa4a1a0000 - 0x00007ffa4a1ed000 	C:\Program Files\Nahimic\NahimicMSI\UserInterface\x64\NahimicMSIOSD.dll
0x00007ffa66f20000 - 0x00007ffa66f2c000 	C:\WINDOWS\SYSTEM32\HID.DLL
0x00000000203f0000 - 0x000000002048f000 	C:\WINDOWS\System32\clbcatq.dll
0x00007ffa64f60000 - 0x00007ffa64fd1000 	C:\WINDOWS\System32\MMDevApi.dll
0x00007ffa65ab0000 - 0x00007ffa65c35000 	C:\WINDOWS\System32\PROPSYS.dll
0x00007ffa3ffe0000 - 0x00007ffa40074000 	C:\WINDOWS\SYSTEM32\AUDIOSES.DLL
0x00007ffa63510000 - 0x00007ffa63646000 	C:\WINDOWS\SYSTEM32\wintypes.dll
0x00007ffa6b3b0000 - 0x00007ffa6b7d9000 	C:\WINDOWS\System32\SETUPAPI.DLL
0x00007ffa68fe0000 - 0x00007ffa69035000 	C:\WINDOWS\System32\WINTRUST.dll
0x00007ffa67f80000 - 0x00007ffa67f90000 	C:\WINDOWS\System32\MSASN1.dll
0x00007ffa68c90000 - 0x00007ffa68e59000 	C:\WINDOWS\System32\CRYPT32.dll
0x00007ffa4b360000 - 0x00007ffa4b483000 	C:\WINDOWS\SYSTEM32\opengl32.dll
0x00007ffa4ac90000 - 0x00007ffa4ad87000 	C:\WINDOWS\SYSTEM32\DDRAW.dll
0x00007ffa4b2f0000 - 0x00007ffa4b31d000 	C:\WINDOWS\SYSTEM32\GLU32.dll
0x00007ffa4b980000 - 0x00007ffa4b988000 	C:\WINDOWS\SYSTEM32\DCIMAN32.dll
0x00007ffa13410000 - 0x00007ffa14127000 	C:\WINDOWS\SYSTEM32\ig8icd64.dll
0x00007ffa65a90000 - 0x00007ffa65aa3000 	C:\WINDOWS\SYSTEM32\WTSAPI32.dll
0x00007ffa5f5b0000 - 0x00007ffa5fff0000 	C:\WINDOWS\SYSTEM32\igdusc64.dll
0x00007ffa32d10000 - 0x00007ffa32e9d000 	C:\WINDOWS\SYSTEM32\d3d9.dll
0x00007ffa4b080000 - 0x00007ffa4b0df000 	C:\Users\simon\AppData\Local\Temp\lwjglsimon\3.1.3-SNAPSHOT\lwjgl_opengl.dll
0x0000000068390000 - 0x0000000068528000 	C:\Program Files\Java\jre1.8.0_131\bin\awt.dll
0x00007ffa665a0000 - 0x00007ffa6661a000 	C:\WINDOWS\SYSTEM32\apphelp.dll
0x0000000068300000 - 0x0000000068347000 	C:\Program Files\Java\jre1.8.0_131\bin\fontmanager.dll
0x00000000682b0000 - 0x00000000682f2000 	C:\Program Files\Java\jre1.8.0_131\bin\t2k.dll
0x00007ffa627c0000 - 0x00007ffa62968000 	C:\WINDOWS\SYSTEM32\WindowsCodecs.dll
0x00007ffa497b0000 - 0x00007ffa497f9000 	C:\WINDOWS\system32\dataexchange.dll
0x00007ffa66210000 - 0x00007ffa66361000 	C:\WINDOWS\system32\dcomp.dll
0x00007ffa61890000 - 0x00007ffa61b46000 	C:\WINDOWS\system32\d3d11.dll
0x00007ffa66fc0000 - 0x00007ffa6705f000 	C:\WINDOWS\system32\dxgi.dll
0x00007ffa66a50000 - 0x00007ffa66b6c000 	C:\WINDOWS\system32\twinapi.appcore.dll
0x00007ffa67e60000 - 0x00007ffa67e8b000 	C:\WINDOWS\system32\bcrypt.dll
0x00007ffa0f790000 - 0x00007ffa13405000 	D:\Downloads\opencv\build\java\x64\opencv_java330.dll
0x00007ffa5c3a0000 - 0x00007ffa5c3c9000 	C:\WINDOWS\SYSTEM32\MSVFW32.dll
0x00007ffa5c870000 - 0x00007ffa5c888000 	C:\WINDOWS\SYSTEM32\AVICAP32.dll
0x00007ffa5c330000 - 0x00007ffa5c350000 	C:\WINDOWS\SYSTEM32\AVIFIL32.dll
0x00007ffa642c0000 - 0x00007ffa642dc000 	C:\WINDOWS\SYSTEM32\MSACM32.dll
0x00007ffa4ae80000 - 0x00007ffa4af01000 	C:\WINDOWS\SYSTEM32\OpenCL.dll
0x00007ffa0ed70000 - 0x00007ffa0f78e000 	C:\WINDOWS\System32\nvopencl.dll
0x00007ffa436c0000 - 0x00007ffa43773000 	C:\WINDOWS\SYSTEM32\nvfatbinaryLoader.dll
0x00007ffa56190000 - 0x00007ffa565b9000 	C:\WINDOWS\system32\nvapi64.dll
0x00007ffa4ac20000 - 0x00007ffa4ac87000 	C:\WINDOWS\SYSTEM32\IntelOpenCL64.dll
0x00007ffa40df0000 - 0x00007ffa40fb2000 	C:\Program Files (x86)\Common Files\Intel\OpenCL\bin\x64\intelocl64.dll
0x00007ffa4a8c0000 - 0x00007ffa4a95d000 	C:\Program Files (x86)\Common Files\Intel\OpenCL\bin\x64\task_executor64.dll
0x00007ffa435e0000 - 0x00007ffa436b8000 	C:\Program Files (x86)\Common Files\Intel\OpenCL\bin\x64\cpu_device64.dll
0x00007ffa15c20000 - 0x00007ffa160e1000 	C:\WINDOWS\SYSTEM32\igdrcl64.dll
0x00007ffa527b0000 - 0x00007ffa527f3000 	C:\WINDOWS\SYSTEM32\igdfcl64.dll
0x00007ffa0e7f0000 - 0x00007ffa0ed67000 	C:\WINDOWS\SYSTEM32\igdmcl64.dll
0x00007ffa65160000 - 0x00007ffa652f2000 	C:\WINDOWS\SYSTEM32\dbghelp.dll
0x00007ffa44710000 - 0x00007ffa4477d000 	C:\WINDOWS\SYSTEM32\igdbcl64.dll

VM Arguments:
jvm_args: -Djava.library.path=D:\Downloads\opencv\build\java\x64 -Dfile.encoding=Cp1252 
java_command: game.Main
java_class_path (initial): C:\Users\simon\git\PenO-Testbed-poging-3\src;D:\Downloads\lwjgl_util.jar;D:\Downloads\lwjgl-release-3.1.3-custom\lwjgl.jar;D:\Downloads\lwjgl-release-3.1.3-custom\lwjgl-assimp.jar;D:\Downloads\lwjgl-release-3.1.3-custom\lwjgl-assimp-natives-windows.jar;D:\Downloads\lwjgl-release-3.1.3-custom\lwjgl-bgfx.jar;D:\Downloads\lwjgl-release-3.1.3-custom\lwjgl-bgfx-natives-windows.jar;D:\Downloads\lwjgl-release-3.1.3-custom\lwjgl-egl.jar;D:\Downloads\lwjgl-release-3.1.3-custom\lwjgl-glfw.jar;D:\Downloads\lwjgl-release-3.1.3-custom\lwjgl-glfw-natives-windows.jar;D:\Downloads\lwjgl-release-3.1.3-custom\lwjgl-jawt.jar;D:\Downloads\lwjgl-release-3.1.3-custom\lwjgl-jemalloc.jar;D:\Downloads\lwjgl-release-3.1.3-custom\lwjgl-jemalloc-natives-windows.jar;D:\Downloads\lwjgl-release-3.1.3-custom\lwjgl-lmdb.jar;D:\Downloads\lwjgl-release-3.1.3-custom\lwjgl-lmdb-natives-windows.jar;D:\Downloads\lwjgl-release-3.1.3-custom\lwjgl-nanovg.jar;D:\Downloads\lwjgl-release-3.1.3-custom\lwjgl-nanovg-natives-windows.jar;D:\Downloads\lwjgl-release-3.1.3-custom\lwjgl-natives-windows.jar;D:\Downloads\lwjgl-release-3.1.3-custom\lwjgl-nfd.jar;D:\Downloads\lwjgl-release-3.1.3-custom\lwjgl-nfd-natives-windows.jar;D:\Downloads\lwjgl-release-3.1.3-custom\lwjgl-nuklear.jar;D:\Downloads\lwjgl-release-3.1.3-custom\lwjgl-nuklear-natives-windows.jar;D:\Downloads\lwjgl-release-3.1.3-custom\lwjgl-openal.jar;D:\Downloads\lwjgl-release-3.1.3-custom\lwjgl-openal-natives-windows.jar;D:\Downloads\lwjgl-release-3.1.3-custom\lwjgl-opencl.jar;D:\Downloads\lwjgl-release-3.1.3-custom\lwjgl-opengl.jar;D:\Downloads\lwjgl-release-3.1.3-custom\lwjgl-opengles.jar;D:\Downloads\lwjgl-release-3.1.3-custom\lwjgl-opengles-natives-windows.jar;D:\Downloads\lwjgl-release-3.1.3-custom\lwjgl-opengl-natives-windows.jar;D:\Downloads\lwjgl-release-3.1.3-custom\lwjgl-openvr.jar;D:\Downloads\lwjgl-release-3.1.3-custom\lwjgl-openvr-natives-windows.jar;D:\Downloads\lwjgl-release-3.1.3-custom\lwjgl-ovr.jar;D:\Downloa
Launcher Type: SUN_STANDARD

Environment Variables:
PATH=C:/Program Files/Java/jre1.8.0_131/bin/server;C:/Program Files/Java/jre1.8.0_131/bin;C:/Program Files/Java/jre1.8.0_131/lib/amd64;C:\ProgramData\Oracle\Java\javapath;C:\Program Files (x86)\Intel\iCLS Client\;C:\Program Files\Intel\iCLS Client\;C:\Windows\system32;C:\Windows;C:\Windows\System32\Wbem;C:\Windows\System32\WindowsPowerShell\v1.0\;C:\Program Files\Intel\WiFi\bin\;C:\Program Files\Common Files\Intel\WirelessCommon\;C:\Program Files (x86)\Intel\Intel(R) Management Engine Components\DAL;C:\Program Files\Intel\Intel(R) Management Engine Components\DAL;C:\Program Files (x86)\Intel\Intel(R) Management Engine Components\IPT;C:\Program Files\Intel\Intel(R) Management Engine Components\IPT;C:\Program Files (x86)\NVIDIA Corporation\PhysX\Common;C:\Program Files\MATLAB\R2015b\runtime\win64;C:\Program Files\MATLAB\R2015b\bin;C:\WINDOWS\system32;C:\WINDOWS;C:\WINDOWS\System32\Wbem;C:\WINDOWS\System32\WindowsPowerShell\v1.0\;C:\Program Files (x86)\Skype\Phone\;C:\Program Files\Git\cmd;C:\Users\simon\AppData\Local\Microsoft\WindowsApps;C:\texlive\2016\bin\win32;C:\Python27;C:\pypy2-v5.6.0-win32;C:\WINDOWS\system32;
USERNAME=simon
OS=Windows_NT
PROCESSOR_IDENTIFIER=Intel64 Family 6 Model 71 Stepping 1, GenuineIntel



---------------  S Y S T E M  ---------------

OS: Windows 10.0 , 64 bit Build 14393 (10.0.14393.1198)

CPU:total 8 (initial active 8) (4 cores per cpu, 2 threads per core) family 6 model 71 stepping 1, cmov, cx8, fxsr, mmx, sse, sse2, sse3, ssse3, sse4.1, sse4.2, popcnt, avx, avx2, aes, clmul, erms, 3dnowpref, lzcnt, ht, tsc, tscinvbit, bmi1, bmi2, adx

Memory: 4k page, physical 16653772k(9023120k free), swap 19144140k(8916504k free)

vm_info: Java HotSpot(TM) 64-Bit Server VM (25.131-b11) for windows-amd64 JRE (1.8.0_131-b11), built on Mar 15 2017 01:23:53 by "java_re" with MS VC++ 10.0 (VS2010)

time: Wed Nov 29 02:58:06 2017
elapsed time: 6 seconds (0d 0h 0m 6s)

