#
# A fatal error has been detected by the Java Runtime Environment:
#
#  EXCEPTION_ACCESS_VIOLATION (0xc0000005) at pc=0x00007ff93c80746b, pid=244, tid=0x0000000000001bd0
#
# JRE version: Java(TM) SE Runtime Environment (8.0_131-b11) (build 1.8.0_131-b11)
# Java VM: Java HotSpot(TM) 64-Bit Server VM (25.131-b11 mixed mode windows-amd64 compressed oops)
# Problematic frame:
# C  [ig8icd64.dll+0x1b746b]
#
# Failed to write core dump. Minidumps are not enabled by default on client versions of Windows
#
# If you would like to submit a bug report, please visit:
#   http://bugreport.java.com/bugreport/crash.jsp
# The crash happened outside the Java Virtual Machine in native code.
# See problematic frame for where to report the bug.
#

---------------  T H R E A D  ---------------

Current thread (0x000000001e660000):  JavaThread "GAME_LOOP_THREAD" [_thread_in_native, id=7120, stack(0x000000001f1f0000,0x000000001f2f0000)]

siginfo: ExceptionCode=0xc0000005, writing address 0x0000000026801000

Registers:
RAX=0xfffffffffffff200, RBX=0x0000000000000010, RCX=0x0000000000000029, RDX=0x000000002ed543e0
RSP=0x000000001f2ee4a0, RBP=0x00000000000003bf, RSI=0x0000000026801a40, RDI=0x000000002ed54e00
R8 =0x0000000026801060, R9 =0x0000000000000006, R10=0x0000000000000f60, R11=0x000000001f2ee750
R12=0x00007ff93d26c220, R13=0x0000000000000000, R14=0x0000000000000e10, R15=0x000000001f2ee6e0
RIP=0x00007ff93c80746b, EFLAGS=0x0000000000010203

Top of Stack: (sp=0x000000001f2ee4a0)
0x000000001f2ee4a0:   0000000000000000 0000000000000000
0x000000001f2ee4b0:   0510080000040671 0000000000000000
0x000000001f2ee4c0:   000000002ed54000 00007ff93cb870c8
0x000000001f2ee4d0:   0000000000000e10 000000001f2ee750
0x000000001f2ee4e0:   0000000026800c40 00007ff93cc93389
0x000000001f2ee4f0:   00007ff93cfd28a8 00007ff93cb8846a
0x000000001f2ee500:   000000001f2ee600 000000001f2ee6a0
0x000000001f2ee510:   0000000000000001 000000002ed54000
0x000000001f2ee520:   0000000000000001 0000000000c64790
0x000000001f2ee530:   00000000202ba7d0 000000001f2ee660
0x000000001f2ee540:   00000000202ba7d0 0000000000000000
0x000000001f2ee550:   00000000286a6040 0000000000000000
0x000000001f2ee560:   000000002029ebe0 00000000286a6060
0x000000001f2ee570:   000000001f2ee630 00007ff93c6b3dfc
0x000000001f2ee580:   000000001f2ee610 00000000286a6060
0x000000001f2ee590:   0000000000000000 000000002029ec00 

Instructions: (pc=0x00007ff93c80746b)
0x00007ff93c80744b:   c0 48 03 d8 90 66 0f 38 2a 5a e0 66 0f 38 2a 52
0x00007ff93c80745b:   f0 66 0f 38 2a 0a 4d 8d 40 40 66 0f 38 2a 42 10
0x00007ff93c80746b:   66 41 0f 7f 58 a0 66 41 0f 7f 50 b0 48 8d 52 40
0x00007ff93c80747b:   66 41 0f 7f 48 c0 66 41 0f 7f 40 d0 48 ff c9 75 


Register to memory mapping:

RAX=0xfffffffffffff200 is an unknown value
RBX=0x0000000000000010 is an unknown value
RCX=0x0000000000000029 is an unknown value
RDX=0x000000002ed543e0 is an unknown value
RSP=0x000000001f2ee4a0 is pointing into the stack for thread: 0x000000001e660000
RBP=0x00000000000003bf is an unknown value
RSI=0x0000000026801a40 is an unknown value
RDI=0x000000002ed54e00 is an unknown value
R8 =0x0000000026801060 is an unknown value
R9 =0x0000000000000006 is an unknown value
R10=0x0000000000000f60 is an unknown value
R11=0x000000001f2ee750 is pointing into the stack for thread: 0x000000001e660000
R12=0x00007ff93d26c220 is an unknown value
R13=0x0000000000000000 is an unknown value
R14=0x0000000000000e10 is an unknown value
R15=0x000000001f2ee6e0 is pointing into the stack for thread: 0x000000001e660000


Stack: [0x000000001f1f0000,0x000000001f2f0000],  sp=0x000000001f2ee4a0,  free space=1017k
Native frames: (J=compiled Java code, j=interpreted, Vv=VM code, C=native code)
C  [ig8icd64.dll+0x1b746b]
C  [ig8icd64.dll+0x5370c8]
C  [ig8icd64.dll+0x53846a]
C  [ig8icd64.dll+0x53cc5d]
C  [ig8icd64.dll+0x5622d8]
C  [ig8icd64.dll+0x56208f]
C  [ig8icd64.dll+0x3a3ad6]
C  [lwjgl_opengl.dll+0x107b9]
C  0x00000000029c7f74

Java frames: (J=compiled Java code, j=interpreted, Vv=VM code)
j  org.lwjgl.opengl.GL11.nglReadPixels(IIIIIIJ)V+0
J 1024 C1 game.Renderer.render(Lengine/Window;Lgraph/Camera;Lgraph/Camera;Lgraph/Camera;Lgraph/Camera;Ljava/util/List;)V (1026 bytes) @ 0x0000000002db1db4 [0x0000000002dae780+0x3634]
j  game.DummyGame.render(Lengine/Window;)V+25
j  engine.GameEngine.render()V+8
j  engine.GameEngine.gameLoop()V+46
j  engine.GameEngine.run()V+5
j  java.lang.Thread.run()V+11
v  ~StubRoutines::call_stub

---------------  P R O C E S S  ---------------

Java Threads: ( => current thread )
  0x000000001f882000 JavaThread "TimerQueue" daemon [_thread_blocked, id=6824, stack(0x0000000027f00000,0x0000000028000000)]
  0x000000001f4db000 JavaThread "AWT-EventQueue-0" [_thread_blocked, id=13512, stack(0x0000000027740000,0x0000000027840000)]
  0x00000000255d5000 JavaThread "AWT-Windows" daemon [_thread_in_native, id=12036, stack(0x0000000026c50000,0x0000000026d50000)]
  0x00000000255d4800 JavaThread "AWT-Shutdown" [_thread_blocked, id=1596, stack(0x0000000026b50000,0x0000000026c50000)]
  0x000000001f944800 JavaThread "Java2D Disposer" daemon [_thread_blocked, id=896, stack(0x0000000026a50000,0x0000000026b50000)]
  0x0000000000fbe800 JavaThread "DestroyJavaVM" [_thread_blocked, id=6528, stack(0x0000000002770000,0x0000000002870000)]
=>0x000000001e660000 JavaThread "GAME_LOOP_THREAD" [_thread_in_native, id=7120, stack(0x000000001f1f0000,0x000000001f2f0000)]
  0x000000001e372000 JavaThread "Service Thread" daemon [_thread_blocked, id=12388, stack(0x000000001eea0000,0x000000001efa0000)]
  0x000000001e2e3000 JavaThread "C1 CompilerThread3" daemon [_thread_blocked, id=14216, stack(0x000000001eda0000,0x000000001eea0000)]
  0x000000001e2d3800 JavaThread "C2 CompilerThread2" daemon [_thread_blocked, id=13924, stack(0x000000001eca0000,0x000000001eda0000)]
  0x000000001e2cd800 JavaThread "C2 CompilerThread1" daemon [_thread_blocked, id=3616, stack(0x000000001eba0000,0x000000001eca0000)]
  0x000000001e2ca000 JavaThread "C2 CompilerThread0" daemon [_thread_blocked, id=4612, stack(0x000000001eaa0000,0x000000001eba0000)]
  0x000000001e2c8000 JavaThread "Attach Listener" daemon [_thread_blocked, id=8272, stack(0x000000001e9a0000,0x000000001eaa0000)]
  0x000000001e2c7000 JavaThread "Signal Dispatcher" daemon [_thread_blocked, id=12540, stack(0x000000001e8a0000,0x000000001e9a0000)]
  0x00000000029a8800 JavaThread "Finalizer" daemon [_thread_blocked, id=8344, stack(0x000000001e6a0000,0x000000001e7a0000)]
  0x00000000029a5000 JavaThread "Reference Handler" daemon [_thread_blocked, id=5504, stack(0x000000001e1a0000,0x000000001e2a0000)]

Other Threads:
  0x000000001c3b9800 VMThread [stack: 0x000000001e0a0000,0x000000001e1a0000] [id=11540]
  0x000000001e384800 WatcherThread [stack: 0x000000001f0f0000,0x000000001f1f0000] [id=13420]

VM state:not at safepoint (normal execution)

VM Mutex/Monitor currently owned by a thread: None

Heap:
 PSYoungGen      total 76288K, used 24542K [0x000000076b500000, 0x0000000774a00000, 0x00000007c0000000)
  eden space 65536K, 21% used [0x000000076b500000,0x000000076c27e000,0x000000076f500000)
  from space 10752K, 99% used [0x000000076ff80000,0x00000007709f9b60,0x0000000770a00000)
  to   space 10752K, 0% used [0x000000076f500000,0x000000076f500000,0x000000076ff80000)
 ParOldGen       total 175104K, used 33722K [0x00000006c1e00000, 0x00000006cc900000, 0x000000076b500000)
  object space 175104K, 19% used [0x00000006c1e00000,0x00000006c3eee888,0x00000006cc900000)
 Metaspace       used 14627K, capacity 14897K, committed 15104K, reserved 1062912K
  class space    used 1575K, capacity 1673K, committed 1792K, reserved 1048576K

Card table byte_map: [0x0000000011d70000,0x0000000012570000] byte_map_base: 0x000000000e761000

Marking Bits: (ParMarkBitMap*) 0x0000000050a9c720
 Begin Bits: [0x00000000132c0000, 0x0000000017248000)
 End Bits:   [0x0000000017248000, 0x000000001b1d0000)

Polling page: 0x0000000000bd0000

CodeCache: size=245760Kb used=4175Kb max_used=4187Kb free=241584Kb
 bounds [0x00000000029b0000, 0x0000000002dd0000, 0x00000000119b0000]
 total_blobs=2193 nmethods=1061 adapters=1045
 compilation: enabled

Compilation events (10 events):
Event: 2.440 Thread 0x000000001e2e3000 1057       3       drone.Airfoil::getDronePartForce (5 bytes)
Event: 2.440 Thread 0x000000001e2e3000 nmethod 1057 0x0000000002dc2590 code [0x0000000002dc2700, 0x0000000002dc2888]
Event: 2.440 Thread 0x000000001e2e3000 1058       3       drone.Airfoil::getLiftForce (139 bytes)
Event: 2.441 Thread 0x000000001e2e3000 nmethod 1058 0x0000000002dc2910 code [0x0000000002dc2be0, 0x0000000002dc3e08]
Event: 2.442 Thread 0x000000001e2cd800 1059       4       org.lwjgl.util.vector.Vector3f::set (16 bytes)
Event: 2.442 Thread 0x000000001e2cd800 nmethod 1059 0x0000000002dc7410 code [0x0000000002dc7540, 0x0000000002dc75b8]
Event: 2.443 Thread 0x000000001e2d3800 1060       4       sun.nio.cs.SingleByte$Encoder::encodeArrayLoop (236 bytes)
Event: 2.451 Thread 0x000000001e2ca000 1061 %     4       game.Renderer::render @ 649 (1026 bytes)
Event: 2.453 Thread 0x000000001e2d3800 nmethod 1060 0x0000000002dc5050 code [0x0000000002dc51a0, 0x0000000002dc58b8]
Event: 2.457 Thread 0x000000001e2ca000 nmethod 1061% 0x0000000002dc4a10 code [0x0000000002dc4b60, 0x0000000002dc4e58]

GC Heap History (4 events):
Event: 1.167 GC heap before
{Heap before GC invocations=1 (full 0):
 PSYoungGen      total 76288K, used 65536K [0x000000076b500000, 0x0000000770a00000, 0x00000007c0000000)
  eden space 65536K, 100% used [0x000000076b500000,0x000000076f500000,0x000000076f500000)
  from space 10752K, 0% used [0x000000076ff80000,0x000000076ff80000,0x0000000770a00000)
  to   space 10752K, 0% used [0x000000076f500000,0x000000076f500000,0x000000076ff80000)
 ParOldGen       total 175104K, used 0K [0x00000006c1e00000, 0x00000006cc900000, 0x000000076b500000)
  object space 175104K, 0% used [0x00000006c1e00000,0x00000006c1e00000,0x00000006cc900000)
 Metaspace       used 14082K, capacity 14289K, committed 14464K, reserved 1062912K
  class space    used 1553K, capacity 1641K, committed 1664K, reserved 1048576K
Event: 1.174 GC heap after
Heap after GC invocations=1 (full 0):
 PSYoungGen      total 76288K, used 10702K [0x000000076b500000, 0x0000000770a00000, 0x00000007c0000000)
  eden space 65536K, 0% used [0x000000076b500000,0x000000076b500000,0x000000076f500000)
  from space 10752K, 99% used [0x000000076f500000,0x000000076ff73b30,0x000000076ff80000)
  to   space 10752K, 0% used [0x000000076ff80000,0x000000076ff80000,0x0000000770a00000)
 ParOldGen       total 175104K, used 11149K [0x00000006c1e00000, 0x00000006cc900000, 0x000000076b500000)
  object space 175104K, 6% used [0x00000006c1e00000,0x00000006c28e3680,0x00000006cc900000)
 Metaspace       used 14082K, capacity 14289K, committed 14464K, reserved 1062912K
  class space    used 1553K, capacity 1641K, committed 1664K, reserved 1048576K
}
Event: 1.995 GC heap before
{Heap before GC invocations=2 (full 0):
 PSYoungGen      total 76288K, used 76238K [0x000000076b500000, 0x0000000770a00000, 0x00000007c0000000)
  eden space 65536K, 100% used [0x000000076b500000,0x000000076f500000,0x000000076f500000)
  from space 10752K, 99% used [0x000000076f500000,0x000000076ff73b30,0x000000076ff80000)
  to   space 10752K, 0% used [0x000000076ff80000,0x000000076ff80000,0x0000000770a00000)
 ParOldGen       total 175104K, used 11149K [0x00000006c1e00000, 0x00000006cc900000, 0x000000076b500000)
  object space 175104K, 6% used [0x00000006c1e00000,0x00000006c28e3680,0x00000006cc900000)
 Metaspace       used 14601K, capacity 14833K, committed 15104K, reserved 1062912K
  class space    used 1574K, capacity 1673K, committed 1792K, reserved 1048576K
Event: 2.008 GC heap after
Heap after GC invocations=2 (full 0):
 PSYoungGen      total 76288K, used 10726K [0x000000076b500000, 0x0000000774a00000, 0x00000007c0000000)
  eden space 65536K, 0% used [0x000000076b500000,0x000000076b500000,0x000000076f500000)
  from space 10752K, 99% used [0x000000076ff80000,0x00000007709f9b60,0x0000000770a00000)
  to   space 10752K, 0% used [0x000000076f500000,0x000000076f500000,0x000000076ff80000)
 ParOldGen       total 175104K, used 33722K [0x00000006c1e00000, 0x00000006cc900000, 0x000000076b500000)
  object space 175104K, 19% used [0x00000006c1e00000,0x00000006c3eee888,0x00000006cc900000)
 Metaspace       used 14601K, capacity 14833K, committed 15104K, reserved 1062912K
  class space    used 1574K, capacity 1673K, committed 1792K, reserved 1048576K
}

Deoptimization events (10 events):
Event: 1.073 Thread 0x000000001e660000 Uncommon trap: reason=predicate action=maybe_recompile pc=0x0000000002ce74cc method=java.util.AbstractCollection.toArray([Ljava/lang/Object;)[Ljava/lang/Object; @ 49
Event: 1.086 Thread 0x000000001e660000 Uncommon trap: reason=unstable_if action=reinterpret pc=0x0000000002cebefc method=sun.misc.FloatingDecimal.readJavaFormatString(Ljava/lang/String;)Lsun/misc/FloatingDecimal$ASCIIToBinaryConverter; @ 396
Event: 1.094 Thread 0x000000001e660000 Uncommon trap: reason=array_check action=maybe_recompile pc=0x0000000002cea0a8 method=java.util.AbstractCollection.toArray([Ljava/lang/Object;)[Ljava/lang/Object; @ 119
Event: 1.094 Thread 0x000000001e660000 Uncommon trap: reason=array_check action=maybe_recompile pc=0x0000000002cea0a8 method=java.util.AbstractCollection.toArray([Ljava/lang/Object;)[Ljava/lang/Object; @ 119
Event: 1.094 Thread 0x000000001e660000 Uncommon trap: reason=array_check action=maybe_recompile pc=0x0000000002cea0a8 method=java.util.AbstractCollection.toArray([Ljava/lang/Object;)[Ljava/lang/Object; @ 119
Event: 1.094 Thread 0x000000001e660000 Uncommon trap: reason=array_check action=maybe_recompile pc=0x0000000002cea0a8 method=java.util.AbstractCollection.toArray([Ljava/lang/Object;)[Ljava/lang/Object; @ 119
Event: 1.097 Thread 0x000000001e660000 Uncommon trap: reason=unstable_if action=reinterpret pc=0x0000000002ce526c method=sun.misc.FloatingDecimal$ASCIIToBinaryBuffer.floatValue()F @ 65
Event: 2.066 Thread 0x000000001f4db000 Uncommon trap: reason=class_check action=maybe_recompile pc=0x0000000002d8bc8c method=sun.java2d.SunGraphics2D.validateColor()V @ 95
Event: 2.067 Thread 0x000000001f4db000 Uncommon trap: reason=unstable_if action=reinterpret pc=0x0000000002d8d320 method=sun.java2d.SunGraphics2D.setColor(Ljava/awt/Color;)V @ 9
Event: 2.067 Thread 0x000000001f4db000 Uncommon trap: reason=class_check action=maybe_recompile pc=0x0000000002d8cae8 method=sun.java2d.SunGraphics2D.drawRect(IIII)V @ 10

Internal exceptions (10 events):
Event: 0.212 Thread 0x000000001e660000 Exception <a 'java/security/PrivilegedActionException'> (0x000000076bcb5ad8) thrown at [C:\re\workspace\8-2-build-windows-amd64-cygwin\jdk8u131\8869\hotspot\src\share\vm\prims\jvm.cpp, line 1390]
Event: 0.212 Thread 0x000000001e660000 Exception <a 'java/security/PrivilegedActionException'> (0x000000076bcb9930) thrown at [C:\re\workspace\8-2-build-windows-amd64-cygwin\jdk8u131\8869\hotspot\src\share\vm\prims\jvm.cpp, line 1390]
Event: 0.212 Thread 0x000000001e660000 Exception <a 'java/security/PrivilegedActionException'> (0x000000076bcb9b40) thrown at [C:\re\workspace\8-2-build-windows-amd64-cygwin\jdk8u131\8869\hotspot\src\share\vm\prims\jvm.cpp, line 1390]
Event: 0.677 Thread 0x000000001e660000 Exception <a 'sun/nio/fs/WindowsException'> (0x000000076be84f88) thrown at [C:\re\workspace\8-2-build-windows-amd64-cygwin\jdk8u131\8869\hotspot\src\share\vm\prims\jni.cpp, line 709]
Event: 0.677 Thread 0x000000001e660000 Exception <a 'sun/nio/fs/WindowsException'> (0x000000076be85770) thrown at [C:\re\workspace\8-2-build-windows-amd64-cygwin\jdk8u131\8869\hotspot\src\share\vm\prims\jni.cpp, line 709]
Event: 0.852 Thread 0x000000001e660000 Exception <a 'java/io/FileNotFoundException'> (0x000000076c504e40) thrown at [C:\re\workspace\8-2-build-windows-amd64-cygwin\jdk8u131\8869\hotspot\src\share\vm\prims\jni.cpp, line 709]
Event: 0.868 Thread 0x000000001e660000 Exception <a 'java/io/FileNotFoundException'> (0x000000076c526158) thrown at [C:\re\workspace\8-2-build-windows-amd64-cygwin\jdk8u131\8869\hotspot\src\share\vm\prims\jni.cpp, line 709]
Event: 0.907 Thread 0x000000001e660000 Implicit null exception at 0x0000000002c7aed6 to 0x0000000002c7b285
Event: 0.908 Thread 0x000000001e660000 Implicit null exception at 0x0000000002c2ddd6 to 0x0000000002c2e17d
Event: 0.910 Thread 0x000000001e660000 Implicit null exception at 0x0000000002c84215 to 0x0000000002c84455

Events (10 events):
Event: 2.066 Thread 0x000000001f4db000 DEOPT PACKING pc=0x0000000002d8bc8c sp=0x000000002783ccc0
Event: 2.066 Thread 0x000000001f4db000 DEOPT UNPACKING pc=0x00000000029f582a sp=0x000000002783cc40 mode 2
Event: 2.067 Thread 0x000000001f4db000 Uncommon trap: trap_request=0xffffff65 fr.pc=0x0000000002d8d320
Event: 2.067 Thread 0x000000001f4db000 DEOPT PACKING pc=0x0000000002d8d320 sp=0x000000002783cdf0
Event: 2.067 Thread 0x000000001f4db000 DEOPT UNPACKING pc=0x00000000029f582a sp=0x000000002783cda0 mode 2
Event: 2.067 Thread 0x000000001f4db000 Uncommon trap: trap_request=0xffffffde fr.pc=0x0000000002d8cae8
Event: 2.067 Thread 0x000000001f4db000 DEOPT PACKING pc=0x0000000002d8cae8 sp=0x000000002783cdf0
Event: 2.067 Thread 0x000000001f4db000 DEOPT UNPACKING pc=0x00000000029f582a sp=0x000000002783cd88 mode 2
Event: 2.410 loading class org/opencv/core/Range
Event: 2.410 loading class org/opencv/core/Range done


Dynamic libraries:
0x00007ff6a8570000 - 0x00007ff6a85a7000 	C:\Program Files\Java\jre1.8.0_131\bin\javaw.exe
0x00007ff98cb20000 - 0x00007ff98ccf2000 	C:\WINDOWS\SYSTEM32\ntdll.dll
0x00007ff98ca70000 - 0x00007ff98cb1c000 	C:\WINDOWS\System32\KERNEL32.DLL
0x00007ff989020000 - 0x00007ff98923d000 	C:\WINDOWS\System32\KERNELBASE.dll
0x00007ff98bf60000 - 0x00007ff98c002000 	C:\WINDOWS\System32\ADVAPI32.dll
0x00007ff98c9c0000 - 0x00007ff98ca5e000 	C:\WINDOWS\System32\msvcrt.dll
0x00007ff98be90000 - 0x00007ff98bee9000 	C:\WINDOWS\System32\sechost.dll
0x00007ff98c170000 - 0x00007ff98c291000 	C:\WINDOWS\System32\RPCRT4.dll
0x00007ff98a270000 - 0x00007ff98a3d5000 	C:\WINDOWS\System32\USER32.dll
0x00007ff989340000 - 0x00007ff98935e000 	C:\WINDOWS\System32\win32u.dll
0x00007ff98a740000 - 0x00007ff98a774000 	C:\WINDOWS\System32\GDI32.dll
0x00007ff989360000 - 0x00007ff9894e0000 	C:\WINDOWS\System32\gdi32full.dll
0x00007ff97e1e0000 - 0x00007ff97e45a000 	C:\WINDOWS\WinSxS\amd64_microsoft.windows.common-controls_6595b64144ccf1df_6.0.14393.953_none_42151e83c686086b\COMCTL32.dll
0x00007ff98a470000 - 0x00007ff98a738000 	C:\WINDOWS\System32\combase.dll
0x00007ff989240000 - 0x00007ff989335000 	C:\WINDOWS\System32\ucrtbase.dll
0x00007ff98a040000 - 0x00007ff98a0aa000 	C:\WINDOWS\System32\bcryptPrimitives.dll
0x00007ff98a3e0000 - 0x00007ff98a40e000 	C:\WINDOWS\System32\IMM32.DLL
0x0000000050ee0000 - 0x0000000050fb2000 	C:\Program Files\Java\jre1.8.0_131\bin\msvcr100.dll
0x0000000050280000 - 0x0000000050b1c000 	C:\Program Files\Java\jre1.8.0_131\bin\server\jvm.dll
0x00007ff98c9b0000 - 0x00007ff98c9b8000 	C:\WINDOWS\System32\PSAPI.DLL
0x00007ff978d60000 - 0x00007ff978d69000 	C:\WINDOWS\SYSTEM32\WSOCK32.dll
0x00007ff987450000 - 0x00007ff987473000 	C:\WINDOWS\SYSTEM32\WINMM.dll
0x00007ff97ced0000 - 0x00007ff97ceda000 	C:\WINDOWS\SYSTEM32\VERSION.dll
0x00007ff98bef0000 - 0x00007ff98bf5a000 	C:\WINDOWS\System32\WS2_32.dll
0x00007ff9873f0000 - 0x00007ff98741b000 	C:\WINDOWS\SYSTEM32\WINMMBASE.dll
0x00007ff9894e0000 - 0x00007ff989522000 	C:\WINDOWS\System32\cfgmgr32.dll
0x00000000510b0000 - 0x00000000510bf000 	C:\Program Files\Java\jre1.8.0_131\bin\verify.dll
0x0000000051080000 - 0x00000000510a9000 	C:\Program Files\Java\jre1.8.0_131\bin\java.dll
0x0000000051060000 - 0x0000000051076000 	C:\Program Files\Java\jre1.8.0_131\bin\zip.dll
0x00007ff98a8e0000 - 0x00007ff98bde8000 	C:\WINDOWS\System32\SHELL32.dll
0x00007ff989900000 - 0x00007ff989fd8000 	C:\WINDOWS\System32\windows.storage.dll
0x00007ff988fc0000 - 0x00007ff98900c000 	C:\WINDOWS\System32\powrprof.dll
0x00007ff98c310000 - 0x00007ff98c362000 	C:\WINDOWS\System32\shlwapi.dll
0x00007ff988fb0000 - 0x00007ff988fbf000 	C:\WINDOWS\System32\kernel.appcore.dll
0x00007ff989850000 - 0x00007ff9898f9000 	C:\WINDOWS\System32\shcore.dll
0x00007ff988f90000 - 0x00007ff988fa4000 	C:\WINDOWS\System32\profapi.dll
0x0000000051040000 - 0x000000005105a000 	C:\Program Files\Java\jre1.8.0_131\bin\net.dll
0x00007ff9888c0000 - 0x00007ff98891c000 	C:\WINDOWS\system32\mswsock.dll
0x0000000051020000 - 0x0000000051031000 	C:\Program Files\Java\jre1.8.0_131\bin\nio.dll
0x00007ff97ee40000 - 0x00007ff97ee98000 	C:\Users\simon\AppData\Local\Temp\lwjglsimon\3.1.3-SNAPSHOT\lwjgl.dll
0x00007ff97edf0000 - 0x00007ff97ee3d000 	C:\Users\simon\AppData\Local\Temp\lwjglsimon\3.1.3-SNAPSHOT\glfw.dll
0x00007ff987740000 - 0x00007ff9877d5000 	C:\WINDOWS\system32\uxtheme.dll
0x00007ff97edb0000 - 0x00007ff97edf0000 	C:\WINDOWS\SYSTEM32\dinput8.dll
0x00007ff9874d0000 - 0x00007ff9874de000 	C:\WINDOWS\SYSTEM32\xinput1_4.dll
0x00007ff987c60000 - 0x00007ff987c88000 	C:\WINDOWS\SYSTEM32\DEVOBJ.dll
0x00007ff986fe0000 - 0x00007ff987006000 	C:\WINDOWS\SYSTEM32\dwmapi.dll
0x00007ff98c010000 - 0x00007ff98c16a000 	C:\WINDOWS\System32\MSCTF.dll
0x00007ff98c370000 - 0x00007ff98c42f000 	C:\WINDOWS\System32\OLEAUT32.dll
0x00007ff9895e0000 - 0x00007ff98967c000 	C:\WINDOWS\System32\msvcp_win.dll
0x00007ff970100000 - 0x00007ff970135000 	C:\Program Files\Nahimic\NahimicMSI\UserInterface\x64\NahimicMSIDevProps.dll
0x00007ff98c860000 - 0x00007ff98c998000 	C:\WINDOWS\System32\ole32.dll
0x00007ff94c890000 - 0x00007ff94c8dd000 	C:\Program Files\Nahimic\NahimicMSI\UserInterface\x64\NahimicMSIOSD.dll
0x00007ff987f90000 - 0x00007ff987f9c000 	C:\WINDOWS\SYSTEM32\HID.DLL
0x00007ff98bdf0000 - 0x00007ff98be8f000 	C:\WINDOWS\System32\clbcatq.dll
0x00007ff985e00000 - 0x00007ff985e71000 	C:\WINDOWS\System32\MMDevApi.dll
0x00007ff986860000 - 0x00007ff9869e5000 	C:\WINDOWS\System32\PROPSYS.dll
0x00007ff964660000 - 0x00007ff9646f4000 	C:\WINDOWS\SYSTEM32\AUDIOSES.DLL
0x00007ff985af0000 - 0x00007ff985c26000 	C:\WINDOWS\SYSTEM32\wintypes.dll
0x00007ff98c430000 - 0x00007ff98c859000 	C:\WINDOWS\System32\SETUPAPI.DLL
0x00007ff989fe0000 - 0x00007ff98a035000 	C:\WINDOWS\System32\WINTRUST.dll
0x00007ff989010000 - 0x00007ff989020000 	C:\WINDOWS\System32\MSASN1.dll
0x00007ff989680000 - 0x00007ff989849000 	C:\WINDOWS\System32\CRYPT32.dll
0x00007ff96e760000 - 0x00007ff96e883000 	C:\WINDOWS\SYSTEM32\opengl32.dll
0x00007ff96e2e0000 - 0x00007ff96e3d7000 	C:\WINDOWS\SYSTEM32\DDRAW.dll
0x00007ff96ec50000 - 0x00007ff96ec7d000 	C:\WINDOWS\SYSTEM32\GLU32.dll
0x00007ff96eee0000 - 0x00007ff96eee8000 	C:\WINDOWS\SYSTEM32\DCIMAN32.dll
0x00007ff93c650000 - 0x00007ff93d367000 	C:\WINDOWS\SYSTEM32\ig8icd64.dll
0x00007ff97f770000 - 0x00007ff9801b0000 	C:\WINDOWS\SYSTEM32\igdusc64.dll
0x00007ff986840000 - 0x00007ff986853000 	C:\WINDOWS\SYSTEM32\WTSAPI32.dll
0x00007ff94f050000 - 0x00007ff94f1dd000 	C:\WINDOWS\SYSTEM32\d3d9.dll
0x00007ff97ed50000 - 0x00007ff97edaf000 	C:\Users\simon\AppData\Local\Temp\lwjglsimon\3.1.3-SNAPSHOT\lwjgl_opengl.dll
0x0000000050d40000 - 0x0000000050ed8000 	C:\Program Files\Java\jre1.8.0_131\bin\awt.dll
0x00007ff987200000 - 0x00007ff98727a000 	C:\WINDOWS\SYSTEM32\apphelp.dll
0x0000000050cf0000 - 0x0000000050d37000 	C:\Program Files\Java\jre1.8.0_131\bin\fontmanager.dll
0x00007ff980b00000 - 0x00007ff980ca8000 	C:\WINDOWS\SYSTEM32\WindowsCodecs.dll
0x00007ff96fee0000 - 0x00007ff96ff29000 	C:\WINDOWS\system32\dataexchange.dll
0x00007ff986b40000 - 0x00007ff986c91000 	C:\WINDOWS\system32\dcomp.dll
0x00007ff981d70000 - 0x00007ff982026000 	C:\WINDOWS\system32\d3d11.dll
0x00007ff988030000 - 0x00007ff9880cf000 	C:\WINDOWS\system32\dxgi.dll
0x00007ff987ac0000 - 0x00007ff987bdc000 	C:\WINDOWS\system32\twinapi.appcore.dll
0x00007ff988b70000 - 0x00007ff988b9b000 	C:\WINDOWS\system32\bcrypt.dll
0x0000000050ca0000 - 0x0000000050ce2000 	C:\Program Files\Java\jre1.8.0_131\bin\t2k.dll
0x00007ff930fb0000 - 0x00007ff934c25000 	D:\Downloads\opencv\build\java\x64\opencv_java330.dll
0x00007ff97ec90000 - 0x00007ff97ecb9000 	C:\WINDOWS\SYSTEM32\MSVFW32.dll
0x00007ff97ecc0000 - 0x00007ff97ece0000 	C:\WINDOWS\SYSTEM32\AVIFIL32.dll
0x00007ff980cb0000 - 0x00007ff980cc8000 	C:\WINDOWS\SYSTEM32\AVICAP32.dll
0x00007ff982910000 - 0x00007ff98292c000 	C:\WINDOWS\SYSTEM32\MSACM32.dll
0x00007ff979610000 - 0x00007ff979691000 	C:\WINDOWS\SYSTEM32\OpenCL.dll
0x00007ff930590000 - 0x00007ff930fae000 	C:\WINDOWS\System32\nvopencl.dll
0x00007ff976ad0000 - 0x00007ff976b83000 	C:\WINDOWS\SYSTEM32\nvfatbinaryLoader.dll
0x00007ff976020000 - 0x00007ff976449000 	C:\WINDOWS\system32\nvapi64.dll
0x00007ff97ec20000 - 0x00007ff97ec87000 	C:\WINDOWS\SYSTEM32\IntelOpenCL64.dll
0x00007ff965120000 - 0x00007ff9652e2000 	C:\Program Files (x86)\Common Files\Intel\OpenCL\bin\x64\intelocl64.dll
0x00007ff976a30000 - 0x00007ff976acd000 	C:\Program Files (x86)\Common Files\Intel\OpenCL\bin\x64\task_executor64.dll
0x00007ff963a10000 - 0x00007ff963ae8000 	C:\Program Files (x86)\Common Files\Intel\OpenCL\bin\x64\cpu_device64.dll
0x00007ff9300c0000 - 0x00007ff930581000 	C:\WINDOWS\SYSTEM32\igdrcl64.dll
0x00007ff97dfd0000 - 0x00007ff97e013000 	C:\WINDOWS\SYSTEM32\igdfcl64.dll
0x00007ff92fb40000 - 0x00007ff9300b7000 	C:\WINDOWS\SYSTEM32\igdmcl64.dll
0x00007ff978030000 - 0x00007ff9781c2000 	C:\WINDOWS\SYSTEM32\dbghelp.dll
0x00007ff9795a0000 - 0x00007ff97960d000 	C:\WINDOWS\SYSTEM32\igdbcl64.dll

VM Arguments:
jvm_args: -Djava.library.path=D:\Downloads\opencv\build\java\x64 -Dfile.encoding=Cp1252 
java_command: game.Main
java_class_path (initial): C:\Users\simon\git\PenO-Testbed-poging-3\src;D:\Downloads\lwjgl_util.jar;D:\Downloads\lwjgl-release-3.1.3-custom\lwjgl.jar;D:\Downloads\lwjgl-release-3.1.3-custom\lwjgl-assimp.jar;D:\Downloads\lwjgl-release-3.1.3-custom\lwjgl-assimp-natives-windows.jar;D:\Downloads\lwjgl-release-3.1.3-custom\lwjgl-bgfx.jar;D:\Downloads\lwjgl-release-3.1.3-custom\lwjgl-bgfx-natives-windows.jar;D:\Downloads\lwjgl-release-3.1.3-custom\lwjgl-egl.jar;D:\Downloads\lwjgl-release-3.1.3-custom\lwjgl-glfw.jar;D:\Downloads\lwjgl-release-3.1.3-custom\lwjgl-glfw-natives-windows.jar;D:\Downloads\lwjgl-release-3.1.3-custom\lwjgl-jawt.jar;D:\Downloads\lwjgl-release-3.1.3-custom\lwjgl-jemalloc.jar;D:\Downloads\lwjgl-release-3.1.3-custom\lwjgl-jemalloc-natives-windows.jar;D:\Downloads\lwjgl-release-3.1.3-custom\lwjgl-lmdb.jar;D:\Downloads\lwjgl-release-3.1.3-custom\lwjgl-lmdb-natives-windows.jar;D:\Downloads\lwjgl-release-3.1.3-custom\lwjgl-nanovg.jar;D:\Downloads\lwjgl-release-3.1.3-custom\lwjgl-nanovg-natives-windows.jar;D:\Downloads\lwjgl-release-3.1.3-custom\lwjgl-natives-windows.jar;D:\Downloads\lwjgl-release-3.1.3-custom\lwjgl-nfd.jar;D:\Downloads\lwjgl-release-3.1.3-custom\lwjgl-nfd-natives-windows.jar;D:\Downloads\lwjgl-release-3.1.3-custom\lwjgl-nuklear.jar;D:\Downloads\lwjgl-release-3.1.3-custom\lwjgl-nuklear-natives-windows.jar;D:\Downloads\lwjgl-release-3.1.3-custom\lwjgl-openal.jar;D:\Downloads\lwjgl-release-3.1.3-custom\lwjgl-openal-natives-windows.jar;D:\Downloads\lwjgl-release-3.1.3-custom\lwjgl-opencl.jar;D:\Downloads\lwjgl-release-3.1.3-custom\lwjgl-opengl.jar;D:\Downloads\lwjgl-release-3.1.3-custom\lwjgl-opengles.jar;D:\Downloads\lwjgl-release-3.1.3-custom\lwjgl-opengles-natives-windows.jar;D:\Downloads\lwjgl-release-3.1.3-custom\lwjgl-opengl-natives-windows.jar;D:\Downloads\lwjgl-release-3.1.3-custom\lwjgl-openvr.jar;D:\Downloads\lwjgl-release-3.1.3-custom\lwjgl-openvr-natives-windows.jar;D:\Downloads\lwjgl-release-3.1.3-custom\lwjgl-ovr.jar;D:\Downloa
Launcher Type: SUN_STANDARD

Environment Variables:
PATH=C:/Program Files/Java/jre1.8.0_131/bin/server;C:/Program Files/Java/jre1.8.0_131/bin;C:/Program Files/Java/jre1.8.0_131/lib/amd64;C:\ProgramData\Oracle\Java\javapath;C:\Program Files (x86)\Intel\iCLS Client\;C:\Program Files\Intel\iCLS Client\;C:\Windows\system32;C:\Windows;C:\Windows\System32\Wbem;C:\Windows\System32\WindowsPowerShell\v1.0\;C:\Program Files\Intel\WiFi\bin\;C:\Program Files\Common Files\Intel\WirelessCommon\;C:\Program Files (x86)\Intel\Intel(R) Management Engine Components\DAL;C:\Program Files\Intel\Intel(R) Management Engine Components\DAL;C:\Program Files (x86)\Intel\Intel(R) Management Engine Components\IPT;C:\Program Files\Intel\Intel(R) Management Engine Components\IPT;C:\Program Files (x86)\NVIDIA Corporation\PhysX\Common;C:\Program Files\MATLAB\R2015b\runtime\win64;C:\Program Files\MATLAB\R2015b\bin;C:\WINDOWS\system32;C:\WINDOWS;C:\WINDOWS\System32\Wbem;C:\WINDOWS\System32\WindowsPowerShell\v1.0\;C:\Program Files (x86)\Skype\Phone\;C:\Program Files\Git\cmd;C:\Users\simon\AppData\Local\Microsoft\WindowsApps;C:\texlive\2016\bin\win32;C:\Python27;C:\pypy2-v5.6.0-win32;C:\WINDOWS\system32;
USERNAME=simon
OS=Windows_NT
PROCESSOR_IDENTIFIER=Intel64 Family 6 Model 71 Stepping 1, GenuineIntel



---------------  S Y S T E M  ---------------

OS: Windows 10.0 , 64 bit Build 14393 (10.0.14393.1198)

CPU:total 8 (initial active 8) (4 cores per cpu, 2 threads per core) family 6 model 71 stepping 1, cmov, cx8, fxsr, mmx, sse, sse2, sse3, ssse3, sse4.1, sse4.2, popcnt, avx, avx2, aes, clmul, erms, 3dnowpref, lzcnt, ht, tsc, tscinvbit, bmi1, bmi2, adx

Memory: 4k page, physical 16653772k(9552836k free), swap 19144140k(10476448k free)

vm_info: Java HotSpot(TM) 64-Bit Server VM (25.131-b11) for windows-amd64 JRE (1.8.0_131-b11), built on Mar 15 2017 01:23:53 by "java_re" with MS VC++ 10.0 (VS2010)

time: Sun Nov 26 23:09:52 2017
elapsed time: 2 seconds (0d 0h 0m 2s)

