#
# A fatal error has been detected by the Java Runtime Environment:
#
#  EXCEPTION_ACCESS_VIOLATION (0xc0000005) at pc=0x00007ffa4b08846d, pid=1140, tid=0x0000000000001ffc
#
# JRE version: Java(TM) SE Runtime Environment (8.0_131-b11) (build 1.8.0_131-b11)
# Java VM: Java HotSpot(TM) 64-Bit Server VM (25.131-b11 mixed mode windows-amd64 compressed oops)
# Problematic frame:
# C  [lwjgl_opengl.dll+0x846d]
#
# Failed to write core dump. Minidumps are not enabled by default on client versions of Windows
#
# If you would like to submit a bug report, please visit:
#   http://bugreport.java.com/bugreport/crash.jsp
# The crash happened outside the Java Virtual Machine in native code.
# See problematic frame for where to report the bug.
#

---------------  T H R E A D  ---------------

Current thread (0x00000000200e9800):  JavaThread "AWT-EventQueue-0" [_thread_in_native, id=8188, stack(0x0000000068000000,0x0000000068100000)]

siginfo: ExceptionCode=0xc0000005, reading address 0x0000000000000f70

Registers:
RAX=0x0000000068d30d50, RBX=0x000000001c98f038, RCX=0x0000000000000001, RDX=0x0000000065f3c3dc
RSP=0x00000000680fc7d8, RBP=0x00000000680fc858, RSI=0x0000000065f3c3dc, RDI=0x00000007c00b6c20
R8 =0x0000000000000001, R9 =0x0000000065f3c3dc, R10=0x0000000000000000, R11=0x00000000687bbd80
R12=0x0000000000000000, R13=0x000000001c98f038, R14=0x00000000680fc888, R15=0x00000000200e9800
RIP=0x00007ffa4b08846d, EFLAGS=0x0000000000010202

Top of Stack: (sp=0x00000000680fc7d8)
0x00000000680fc7d8:   00000000032d7f74 00000000680fc828
0x00000000680fc7e8:   000000001c78efe8 0000000000000000
0x00000000680fc7f8:   000000001c789300 0000000000000000
0x00000000680fc808:   00000000680fc820 00000000680fc870
0x00000000680fc818:   00000000680fc818 0000000000000000
0x00000000680fc828:   00000000680fc888 000000001c991b20
0x00000000680fc838:   0000000000000000 000000001c98f038
0x00000000680fc848:   0000000000000000 00000000680fc878
0x00000000680fc858:   00000000680fc8d0 00000000032c835d
0x00000000680fc868:   00000006c26d03c0 00000000032d19d8
0x00000000680fc878:   0000000065f3c3dc 000000076c3e9138
0x00000000680fc888:   0000000000000001 00000000680fc890
0x00000000680fc898:   000000001c98f1ac 00000000680fc900
0x00000000680fc8a8:   000000001c991b20 0000000000000000
0x00000000680fc8b8:   000000001c98f218 00000000680fc878
0x00000000680fc8c8:   00000000680fc908 00000000680fc950 

Instructions: (pc=0x00007ffa4b08846d)
0x00007ffa4b08844d:   49 ff a2 30 0a 00 00 cc cc cc cc cc cc cc cc cc
0x00007ffa4b08845d:   cc cc cc 48 8b 01 49 8b d1 41 8b c8 4c 8b 50 18
0x00007ffa4b08846d:   49 ff a2 70 0f 00 00 cc cc cc cc cc cc cc cc cc
0x00007ffa4b08847d:   cc cc cc 48 8b 01 48 8b 48 18 48 8b 81 78 1c 00 


Register to memory mapping:

RAX=0x0000000068d30d50 is an unknown value
RBX={method} {0x000000001c98f040} 'nglGenVertexArrays' '(IJ)V' in 'org/lwjgl/opengl/GL30'
RCX=0x0000000000000001 is an unknown value
RDX=0x0000000065f3c3dc is an unknown value
RSP=0x00000000680fc7d8 is pointing into the stack for thread: 0x00000000200e9800
RBP=0x00000000680fc858 is pointing into the stack for thread: 0x00000000200e9800
RSI=0x0000000065f3c3dc is an unknown value
RDI=0x00000007c00b6c20 is pointing into metadata
R8 =0x0000000000000001 is an unknown value
R9 =0x0000000065f3c3dc is an unknown value
R10=0x0000000000000000 is an unknown value
R11=0x00000000687bbd80 is an unknown value
R12=0x0000000000000000 is an unknown value
R13={method} {0x000000001c98f040} 'nglGenVertexArrays' '(IJ)V' in 'org/lwjgl/opengl/GL30'
R14=0x00000000680fc888 is pointing into the stack for thread: 0x00000000200e9800
R15=0x00000000200e9800 is a thread


Stack: [0x0000000068000000,0x0000000068100000],  sp=0x00000000680fc7d8,  free space=1009k
Native frames: (J=compiled Java code, j=interpreted, Vv=VM code, C=native code)
C  [lwjgl_opengl.dll+0x846d]

Java frames: (J=compiled Java code, j=interpreted, Vv=VM code)
j  org.lwjgl.opengl.GL30.nglGenVertexArrays(IJ)V+0
j  org.lwjgl.opengl.GL30.glGenVertexArrays()I+20
j  graph.Mesh.<init>([F[F[I)V+20
j  game.DummyGame.worldGenerator(I)Ljava/util/List;+148
j  GUI.GUI$ListenForGenerate.actionPerformed(Ljava/awt/event/ActionEvent;)V+8
j  javax.swing.AbstractButton.fireActionPerformed(Ljava/awt/event/ActionEvent;)V+83
j  javax.swing.AbstractButton$Handler.actionPerformed(Ljava/awt/event/ActionEvent;)V+5
j  javax.swing.DefaultButtonModel.fireActionPerformed(Ljava/awt/event/ActionEvent;)V+34
j  javax.swing.DefaultButtonModel.setPressed(Z)V+117
j  javax.swing.plaf.basic.BasicButtonListener.mouseReleased(Ljava/awt/event/MouseEvent;)V+35
j  java.awt.Component.processMouseEvent(Ljava/awt/event/MouseEvent;)V+64
j  javax.swing.JComponent.processMouseEvent(Ljava/awt/event/MouseEvent;)V+23
j  java.awt.Component.processEvent(Ljava/awt/AWTEvent;)V+81
j  java.awt.Container.processEvent(Ljava/awt/AWTEvent;)V+18
j  java.awt.Component.dispatchEventImpl(Ljava/awt/AWTEvent;)V+589
j  java.awt.Container.dispatchEventImpl(Ljava/awt/AWTEvent;)V+42
j  java.awt.Component.dispatchEvent(Ljava/awt/AWTEvent;)V+2
j  java.awt.LightweightDispatcher.retargetMouseEvent(Ljava/awt/Component;ILjava/awt/event/MouseEvent;)V+327
j  java.awt.LightweightDispatcher.processMouseEvent(Ljava/awt/event/MouseEvent;)Z+155
j  java.awt.LightweightDispatcher.dispatchEvent(Ljava/awt/AWTEvent;)Z+50
j  java.awt.Container.dispatchEventImpl(Ljava/awt/AWTEvent;)V+12
j  java.awt.Window.dispatchEventImpl(Ljava/awt/AWTEvent;)V+19
j  java.awt.Component.dispatchEvent(Ljava/awt/AWTEvent;)V+2
j  java.awt.EventQueue.dispatchEventImpl(Ljava/awt/AWTEvent;Ljava/lang/Object;)V+41
j  java.awt.EventQueue.access$500(Ljava/awt/EventQueue;Ljava/awt/AWTEvent;Ljava/lang/Object;)V+3
j  java.awt.EventQueue$3.run()Ljava/lang/Void;+32
j  java.awt.EventQueue$3.run()Ljava/lang/Object;+1
v  ~StubRoutines::call_stub
J 1118  java.security.AccessController.doPrivileged(Ljava/security/PrivilegedAction;Ljava/security/AccessControlContext;)Ljava/lang/Object; (0 bytes) @ 0x00000000036ecee6 [0x00000000036ece80+0x66]
J 1188 C1 java.security.ProtectionDomain$JavaSecurityAccessImpl.doIntersectionPrivilege(Ljava/security/PrivilegedAction;Ljava/security/AccessControlContext;Ljava/security/AccessControlContext;)Ljava/lang/Object; (22 bytes) @ 0x000000000373ef7c [0x000000000373eb00+0x47c]
j  java.security.ProtectionDomain$JavaSecurityAccessImpl.doIntersectionPrivilege(Ljava/security/PrivilegedAction;Ljava/security/AccessControlContext;)Ljava/lang/Object;+6
j  java.awt.EventQueue$4.run()Ljava/lang/Void;+11
j  java.awt.EventQueue$4.run()Ljava/lang/Object;+1
v  ~StubRoutines::call_stub
J 1118  java.security.AccessController.doPrivileged(Ljava/security/PrivilegedAction;Ljava/security/AccessControlContext;)Ljava/lang/Object; (0 bytes) @ 0x00000000036ecee6 [0x00000000036ece80+0x66]
J 1188 C1 java.security.ProtectionDomain$JavaSecurityAccessImpl.doIntersectionPrivilege(Ljava/security/PrivilegedAction;Ljava/security/AccessControlContext;Ljava/security/AccessControlContext;)Ljava/lang/Object; (22 bytes) @ 0x000000000373ef7c [0x000000000373eb00+0x47c]
j  java.awt.EventQueue.dispatchEvent(Ljava/awt/AWTEvent;)V+73
j  java.awt.EventDispatchThread.pumpOneEventForFilters(I)V+245
j  java.awt.EventDispatchThread.pumpEventsForFilter(ILjava/awt/Conditional;Ljava/awt/EventFilter;)V+35
j  java.awt.EventDispatchThread.pumpEventsForHierarchy(ILjava/awt/Conditional;Ljava/awt/Component;)V+11
j  java.awt.EventDispatchThread.pumpEvents(ILjava/awt/Conditional;)V+4
j  java.awt.EventDispatchThread.pumpEvents(Ljava/awt/Conditional;)V+3
j  java.awt.EventDispatchThread.run()V+9
v  ~StubRoutines::call_stub

---------------  P R O C E S S  ---------------

Java Threads: ( => current thread )
  0x000000002007b000 JavaThread "TimerQueue" daemon [_thread_blocked, id=636, stack(0x000000006a400000,0x000000006a500000)]
=>0x00000000200e9800 JavaThread "AWT-EventQueue-0" [_thread_in_native, id=8188, stack(0x0000000068000000,0x0000000068100000)]
  0x0000000020073800 JavaThread "AWT-Windows" daemon [_thread_in_native, id=11808, stack(0x0000000067d00000,0x0000000067e00000)]
  0x0000000065f60800 JavaThread "AWT-Shutdown" [_thread_blocked, id=10360, stack(0x0000000067c00000,0x0000000067d00000)]
  0x0000000065f5f800 JavaThread "Java2D Disposer" daemon [_thread_blocked, id=11304, stack(0x0000000067b00000,0x0000000067c00000)]
  0x000000000318e800 JavaThread "DestroyJavaVM" [_thread_blocked, id=12540, stack(0x0000000003050000,0x0000000003150000)]
  0x000000001efbb800 JavaThread "GAME_LOOP_THREAD" [_thread_in_Java, id=13768, stack(0x0000000020340000,0x0000000020440000)]
  0x000000001eccb800 JavaThread "Service Thread" daemon [_thread_blocked, id=10584, stack(0x000000001f7f0000,0x000000001f8f0000)]
  0x000000001ec32800 JavaThread "C1 CompilerThread3" daemon [_thread_blocked, id=4352, stack(0x000000001f6f0000,0x000000001f7f0000)]
  0x000000001ec25000 JavaThread "C2 CompilerThread2" daemon [_thread_blocked, id=964, stack(0x000000001f5f0000,0x000000001f6f0000)]
  0x000000001ec1f000 JavaThread "C2 CompilerThread1" daemon [_thread_blocked, id=11048, stack(0x000000001f4f0000,0x000000001f5f0000)]
  0x000000001ec1a000 JavaThread "C2 CompilerThread0" daemon [_thread_blocked, id=4428, stack(0x000000001f3f0000,0x000000001f4f0000)]
  0x000000001ec18000 JavaThread "Attach Listener" daemon [_thread_blocked, id=12428, stack(0x000000001f2f0000,0x000000001f3f0000)]
  0x000000001ec17000 JavaThread "Signal Dispatcher" daemon [_thread_blocked, id=11620, stack(0x000000001f1f0000,0x000000001f2f0000)]
  0x00000000032b8800 JavaThread "Finalizer" daemon [_thread_blocked, id=12524, stack(0x000000001eff0000,0x000000001f0f0000)]
  0x00000000032b5000 JavaThread "Reference Handler" daemon [_thread_blocked, id=9576, stack(0x000000001eaf0000,0x000000001ebf0000)]

Other Threads:
  0x000000001cd19800 VMThread [stack: 0x000000001e9f0000,0x000000001eaf0000] [id=7272]
  0x000000001ece6800 WatcherThread [stack: 0x000000001fa40000,0x000000001fb40000] [id=13828]

VM state:not at safepoint (normal execution)

VM Mutex/Monitor currently owned by a thread: None

Heap:
 PSYoungGen      total 76288K, used 24618K [0x000000076b500000, 0x0000000770a00000, 0x00000007c0000000)
  eden space 65536K, 23% used [0x000000076b500000,0x000000076c42f938,0x000000076f500000)
  from space 10752K, 84% used [0x000000076f500000,0x000000076fddb0a0,0x000000076ff80000)
  to   space 10752K, 0% used [0x000000076ff80000,0x000000076ff80000,0x0000000770a00000)
 ParOldGen       total 175104K, used 22532K [0x00000006c1e00000, 0x00000006cc900000, 0x000000076b500000)
  object space 175104K, 12% used [0x00000006c1e00000,0x00000006c3401050,0x00000006cc900000)
 Metaspace       used 15225K, capacity 15495K, committed 15616K, reserved 1062912K
  class space    used 1623K, capacity 1740K, committed 1792K, reserved 1048576K

Card table byte_map: [0x0000000012680000,0x0000000012e80000] byte_map_base: 0x000000000f071000

Marking Bits: (ParMarkBitMap*) 0x0000000068dac720
 Begin Bits: [0x0000000013bd0000, 0x0000000017b58000)
 End Bits:   [0x0000000017b58000, 0x000000001bae0000)

Polling page: 0x00000000018d0000

CodeCache: size=245760Kb used=4746Kb max_used=4746Kb free=241013Kb
 bounds [0x00000000032c0000, 0x0000000003770000, 0x00000000122c0000]
 total_blobs=2395 nmethods=1243 adapters=1065
 compilation: enabled

Compilation events (10 events):
Event: 2.249 Thread 0x000000001ec32800 nmethod 1238 0x0000000003763610 code [0x0000000003763780, 0x00000000037639f0]
Event: 2.249 Thread 0x000000001ec32800 1239       3       java.lang.Long::signum (12 bytes)
Event: 2.249 Thread 0x000000001ec32800 nmethod 1239 0x0000000003763ad0 code [0x0000000003763c20, 0x0000000003763d70]
Event: 2.249 Thread 0x000000001ec32800 1240       3       java.math.BigDecimal::floatValue (114 bytes)
Event: 2.249 Thread 0x000000001ec32800 nmethod 1240 0x0000000003763dd0 code [0x0000000003763fa0, 0x00000000037646e8]
Event: 2.249 Thread 0x000000001ec32800 1241       1       drone.Drone::getRightWing (5 bytes)
Event: 2.249 Thread 0x000000001ec32800 nmethod 1241 0x0000000003764950 code [0x0000000003764aa0, 0x0000000003764bb0]
Event: 2.249 Thread 0x000000001ec32800 1233       1       drone.Drone::getVelocityInWorld (5 bytes)
Event: 2.249 Thread 0x000000001ec32800 nmethod 1233 0x0000000003764c10 code [0x0000000003764d60, 0x0000000003764e70]
Event: 2.272 Thread 0x000000001ec32800 1243       3       java.awt.AWTEvent::<init> (81 bytes)

GC Heap History (6 events):
Event: 1.118 GC heap before
{Heap before GC invocations=1 (full 0):
 PSYoungGen      total 76288K, used 65536K [0x000000076b500000, 0x0000000770a00000, 0x00000007c0000000)
  eden space 65536K, 100% used [0x000000076b500000,0x000000076f500000,0x000000076f500000)
  from space 10752K, 0% used [0x000000076ff80000,0x000000076ff80000,0x0000000770a00000)
  to   space 10752K, 0% used [0x000000076f500000,0x000000076f500000,0x000000076ff80000)
 ParOldGen       total 175104K, used 0K [0x00000006c1e00000, 0x00000006cc900000, 0x000000076b500000)
  object space 175104K, 0% used [0x00000006c1e00000,0x00000006c1e00000,0x00000006cc900000)
 Metaspace       used 14655K, capacity 14947K, committed 15104K, reserved 1062912K
  class space    used 1602K, capacity 1708K, committed 1792K, reserved 1048576K
Event: 1.122 GC heap after
Heap after GC invocations=1 (full 0):
 PSYoungGen      total 76288K, used 6779K [0x000000076b500000, 0x0000000770a00000, 0x00000007c0000000)
  eden space 65536K, 0% used [0x000000076b500000,0x000000076b500000,0x000000076f500000)
  from space 10752K, 63% used [0x000000076f500000,0x000000076fb9ed08,0x000000076ff80000)
  to   space 10752K, 0% used [0x000000076ff80000,0x000000076ff80000,0x0000000770a00000)
 ParOldGen       total 175104K, used 16K [0x00000006c1e00000, 0x00000006cc900000, 0x000000076b500000)
  object space 175104K, 0% used [0x00000006c1e00000,0x00000006c1e04000,0x00000006cc900000)
 Metaspace       used 14655K, capacity 14947K, committed 15104K, reserved 1062912K
  class space    used 1602K, capacity 1708K, committed 1792K, reserved 1048576K
}
Event: 1.895 GC heap before
{Heap before GC invocations=2 (full 0):
 PSYoungGen      total 76288K, used 70838K [0x000000076b500000, 0x0000000770a00000, 0x00000007c0000000)
  eden space 65536K, 97% used [0x000000076b500000,0x000000076f38ed70,0x000000076f500000)
  from space 10752K, 63% used [0x000000076f500000,0x000000076fb9ed08,0x000000076ff80000)
  to   space 10752K, 0% used [0x000000076ff80000,0x000000076ff80000,0x0000000770a00000)
 ParOldGen       total 175104K, used 16K [0x00000006c1e00000, 0x00000006cc900000, 0x000000076b500000)
  object space 175104K, 0% used [0x00000006c1e00000,0x00000006c1e04000,0x00000006cc900000)
 Metaspace       used 15181K, capacity 15495K, committed 15616K, reserved 1062912K
  class space    used 1623K, capacity 1740K, committed 1792K, reserved 1048576K
Event: 1.901 GC heap after
Heap after GC invocations=2 (full 0):
 PSYoungGen      total 76288K, used 9153K [0x000000076b500000, 0x0000000770a00000, 0x00000007c0000000)
  eden space 65536K, 0% used [0x000000076b500000,0x000000076b500000,0x000000076f500000)
  from space 10752K, 85% used [0x000000076ff80000,0x0000000770870538,0x0000000770a00000)
  to   space 10752K, 0% used [0x000000076f500000,0x000000076f500000,0x000000076ff80000)
 ParOldGen       total 175104K, used 9024K [0x00000006c1e00000, 0x00000006cc900000, 0x000000076b500000)
  object space 175104K, 5% used [0x00000006c1e00000,0x00000006c26d0020,0x00000006cc900000)
 Metaspace       used 15181K, capacity 15495K, committed 15616K, reserved 1062912K
  class space    used 1623K, capacity 1740K, committed 1792K, reserved 1048576K
}
Event: 2.217 GC heap before
{Heap before GC invocations=3 (full 0):
 PSYoungGen      total 76288K, used 71452K [0x000000076b500000, 0x0000000770a00000, 0x00000007c0000000)
  eden space 65536K, 95% used [0x000000076b500000,0x000000076f1d6e68,0x000000076f500000)
  from space 10752K, 85% used [0x000000076ff80000,0x0000000770870538,0x0000000770a00000)
  to   space 10752K, 0% used [0x000000076f500000,0x000000076f500000,0x000000076ff80000)
 ParOldGen       total 175104K, used 9024K [0x00000006c1e00000, 0x00000006cc900000, 0x000000076b500000)
  object space 175104K, 5% used [0x00000006c1e00000,0x00000006c26d0020,0x00000006cc900000)
 Metaspace       used 15209K, capacity 15495K, committed 15616K, reserved 1062912K
  class space    used 1623K, capacity 1740K, committed 1792K, reserved 1048576K
Event: 2.221 GC heap after
Heap after GC invocations=3 (full 0):
 PSYoungGen      total 76288K, used 9068K [0x000000076b500000, 0x0000000770a00000, 0x00000007c0000000)
  eden space 65536K, 0% used [0x000000076b500000,0x000000076b500000,0x000000076f500000)
  from space 10752K, 84% used [0x000000076f500000,0x000000076fddb0a0,0x000000076ff80000)
  to   space 10752K, 0% used [0x000000076ff80000,0x000000076ff80000,0x0000000770a00000)
 ParOldGen       total 175104K, used 22532K [0x00000006c1e00000, 0x00000006cc900000, 0x000000076b500000)
  object space 175104K, 12% used [0x00000006c1e00000,0x00000006c3401050,0x00000006cc900000)
 Metaspace       used 15209K, capacity 15495K, committed 15616K, reserved 1062912K
  class space    used 1623K, capacity 1740K, committed 1792K, reserved 1048576K
}

Deoptimization events (10 events):
Event: 1.037 Thread 0x000000001efbb800 Uncommon trap: reason=array_check action=maybe_recompile pc=0x000000000362c5a8 method=java.util.AbstractCollection.toArray([Ljava/lang/Object;)[Ljava/lang/Object; @ 119
Event: 1.037 Thread 0x000000001efbb800 Uncommon trap: reason=array_check action=maybe_recompile pc=0x000000000362c5a8 method=java.util.AbstractCollection.toArray([Ljava/lang/Object;)[Ljava/lang/Object; @ 119
Event: 1.037 Thread 0x000000001efbb800 Uncommon trap: reason=array_check action=maybe_recompile pc=0x000000000362c5a8 method=java.util.AbstractCollection.toArray([Ljava/lang/Object;)[Ljava/lang/Object; @ 119
Event: 1.037 Thread 0x000000001efbb800 Uncommon trap: reason=array_check action=maybe_recompile pc=0x000000000362c5a8 method=java.util.AbstractCollection.toArray([Ljava/lang/Object;)[Ljava/lang/Object; @ 119
Event: 1.041 Thread 0x000000001efbb800 Uncommon trap: reason=unstable_if action=reinterpret pc=0x000000000362ec20 method=sun.misc.FloatingDecimal.readJavaFormatString(Ljava/lang/String;)Lsun/misc/FloatingDecimal$ASCIIToBinaryConverter; @ 396
Event: 1.050 Thread 0x000000001efbb800 Uncommon trap: reason=unstable_if action=reinterpret pc=0x000000000361caec method=sun.misc.FloatingDecimal$ASCIIToBinaryBuffer.floatValue()F @ 65
Event: 1.673 Thread 0x000000001efbb800 Uncommon trap: reason=unstable_if action=reinterpret pc=0x0000000003703820 method=game.Renderer.render(Lengine/Window;Lgraph/Camera;Lgraph/Camera;Lgraph/Camera;Lgraph/Camera;Ljava/util/List;)V @ 1135
Event: 1.753 Thread 0x000000001efbb800 Uncommon trap: reason=unstable_if action=reinterpret pc=0x0000000003727f30 method=java.awt.image.DirectColorModel.getDataElements(ILjava/lang/Object;)Ljava/lang/Object; @ 11
Event: 1.782 Thread 0x000000001efbb800 Uncommon trap: reason=unstable_if action=reinterpret pc=0x00000000037304f8 method=game.Renderer.render(Lengine/Window;Lgraph/Camera;Lgraph/Camera;Lgraph/Camera;Lgraph/Camera;Ljava/util/List;)V @ 691
Event: 1.818 Thread 0x000000001efbb800 Uncommon trap: reason=unstable_if action=reinterpret pc=0x000000000373b8ec method=java.awt.image.BufferedImage.setRGB(IIII[III)V @ 16

Internal exceptions (10 events):
Event: 0.188 Thread 0x000000001efbb800 Exception <a 'java/security/PrivilegedActionException'> (0x000000076bcb5930) thrown at [C:\re\workspace\8-2-build-windows-amd64-cygwin\jdk8u131\8869\hotspot\src\share\vm\prims\jvm.cpp, line 1390]
Event: 0.189 Thread 0x000000001efbb800 Exception <a 'java/security/PrivilegedActionException'> (0x000000076bcb9788) thrown at [C:\re\workspace\8-2-build-windows-amd64-cygwin\jdk8u131\8869\hotspot\src\share\vm\prims\jvm.cpp, line 1390]
Event: 0.189 Thread 0x000000001efbb800 Exception <a 'java/security/PrivilegedActionException'> (0x000000076bcb9998) thrown at [C:\re\workspace\8-2-build-windows-amd64-cygwin\jdk8u131\8869\hotspot\src\share\vm\prims\jvm.cpp, line 1390]
Event: 0.657 Thread 0x000000001efbb800 Exception <a 'sun/nio/fs/WindowsException'> (0x000000076be84e00) thrown at [C:\re\workspace\8-2-build-windows-amd64-cygwin\jdk8u131\8869\hotspot\src\share\vm\prims\jni.cpp, line 709]
Event: 0.658 Thread 0x000000001efbb800 Exception <a 'sun/nio/fs/WindowsException'> (0x000000076be855e8) thrown at [C:\re\workspace\8-2-build-windows-amd64-cygwin\jdk8u131\8869\hotspot\src\share\vm\prims\jni.cpp, line 709]
Event: 0.834 Thread 0x000000001efbb800 Exception <a 'java/io/FileNotFoundException'> (0x000000076c5048e8) thrown at [C:\re\workspace\8-2-build-windows-amd64-cygwin\jdk8u131\8869\hotspot\src\share\vm\prims\jni.cpp, line 709]
Event: 0.850 Thread 0x000000001efbb800 Exception <a 'java/io/FileNotFoundException'> (0x000000076c525d20) thrown at [C:\re\workspace\8-2-build-windows-amd64-cygwin\jdk8u131\8869\hotspot\src\share\vm\prims\jni.cpp, line 709]
Event: 0.878 Thread 0x000000001efbb800 Implicit null exception at 0x000000000358ee54 to 0x000000000358f211
Event: 0.878 Thread 0x000000001efbb800 Implicit null exception at 0x0000000003540716 to 0x0000000003540abd
Event: 1.753 Thread 0x000000001efbb800 Implicit null exception at 0x0000000003727b3e to 0x0000000003727f19

Events (10 events):
Event: 2.018 Thread 0x000000001efbb800 DEOPT PACKING pc=0x000000000373e4ed sp=0x000000002043f0d0
Event: 2.018 Thread 0x000000001efbb800 DEOPT UNPACKING pc=0x000000000330787f sp=0x000000002043ede8 mode 0
Event: 2.067 Thread 0x000000001efbb800 DEOPT PACKING pc=0x000000000373e4ed sp=0x000000002043f0d0
Event: 2.067 Thread 0x000000001efbb800 DEOPT UNPACKING pc=0x000000000330787f sp=0x000000002043ede8 mode 0
Event: 2.123 Thread 0x000000001efbb800 DEOPT PACKING pc=0x000000000373e4ed sp=0x000000002043f0d0
Event: 2.123 Thread 0x000000001efbb800 DEOPT UNPACKING pc=0x000000000330787f sp=0x000000002043ede8 mode 0
Event: 2.167 Thread 0x000000001efbb800 DEOPT PACKING pc=0x000000000373e4ed sp=0x000000002043f0d0
Event: 2.167 Thread 0x000000001efbb800 DEOPT UNPACKING pc=0x000000000330787f sp=0x000000002043ede8 mode 0
Event: 2.217 Executing VM operation: ParallelGCFailedAllocation
Event: 2.221 Executing VM operation: ParallelGCFailedAllocation done


Dynamic libraries:
0x00007ff7bb7b0000 - 0x00007ff7bb7e7000 	C:\Program Files\Java\jre1.8.0_131\bin\javaw.exe
0x00007ffa6bab0000 - 0x00007ffa6bc82000 	C:\WINDOWS\SYSTEM32\ntdll.dll
0x00007ffa6a6b0000 - 0x00007ffa6a75c000 	C:\WINDOWS\System32\KERNEL32.DLL
0x00007ffa689c0000 - 0x00007ffa68bdd000 	C:\WINDOWS\System32\KERNELBASE.dll
0x00007ffa690e0000 - 0x00007ffa69182000 	C:\WINDOWS\System32\ADVAPI32.dll
0x00007ffa6a760000 - 0x00007ffa6a7fe000 	C:\WINDOWS\System32\msvcrt.dll
0x00007ffa6b040000 - 0x00007ffa6b099000 	C:\WINDOWS\System32\sechost.dll
0x00007ffa6a860000 - 0x00007ffa6a981000 	C:\WINDOWS\System32\RPCRT4.dll
0x00007ffa6b240000 - 0x00007ffa6b3a5000 	C:\WINDOWS\System32\USER32.dll
0x00007ffa67fb0000 - 0x00007ffa67fce000 	C:\WINDOWS\System32\win32u.dll
0x00007ffa6aca0000 - 0x00007ffa6acd4000 	C:\WINDOWS\System32\GDI32.dll
0x00007ffa68e60000 - 0x00007ffa68fe0000 	C:\WINDOWS\System32\gdi32full.dll
0x00007ffa59610000 - 0x00007ffa5988a000 	C:\WINDOWS\WinSxS\amd64_microsoft.windows.common-controls_6595b64144ccf1df_6.0.14393.953_none_42151e83c686086b\COMCTL32.dll
0x00007ffa6b7e0000 - 0x00007ffa6baa8000 	C:\WINDOWS\System32\combase.dll
0x00007ffa67fd0000 - 0x00007ffa680c5000 	C:\WINDOWS\System32\ucrtbase.dll
0x00007ffa680d0000 - 0x00007ffa6813a000 	C:\WINDOWS\System32\bcryptPrimitives.dll
0x00007ffa6b110000 - 0x00007ffa6b13e000 	C:\WINDOWS\System32\IMM32.DLL
0x0000000068e30000 - 0x0000000068f02000 	C:\Program Files\Java\jre1.8.0_131\bin\msvcr100.dll
0x0000000068590000 - 0x0000000068e2c000 	C:\Program Files\Java\jre1.8.0_131\bin\server\jvm.dll
0x00007ffa6aef0000 - 0x00007ffa6aef8000 	C:\WINDOWS\System32\PSAPI.DLL
0x00007ffa5a6f0000 - 0x00007ffa5a6f9000 	C:\WINDOWS\SYSTEM32\WSOCK32.dll
0x00007ffa60520000 - 0x00007ffa6052a000 	C:\WINDOWS\SYSTEM32\VERSION.dll
0x00007ffa65fa0000 - 0x00007ffa65fc3000 	C:\WINDOWS\SYSTEM32\WINMM.dll
0x00007ffa6b0a0000 - 0x00007ffa6b10a000 	C:\WINDOWS\System32\WS2_32.dll
0x00007ffa65ee0000 - 0x00007ffa65f0b000 	C:\WINDOWS\SYSTEM32\WINMMBASE.dll
0x00007ffa688c0000 - 0x00007ffa68902000 	C:\WINDOWS\System32\cfgmgr32.dll
0x0000000068580000 - 0x000000006858f000 	C:\Program Files\Java\jre1.8.0_131\bin\verify.dll
0x0000000068550000 - 0x0000000068579000 	C:\Program Files\Java\jre1.8.0_131\bin\java.dll
0x0000000068530000 - 0x0000000068546000 	C:\Program Files\Java\jre1.8.0_131\bin\zip.dll
0x00007ffa691a0000 - 0x00007ffa6a6a8000 	C:\WINDOWS\System32\SHELL32.dll
0x00007ffa68140000 - 0x00007ffa68818000 	C:\WINDOWS\System32\windows.storage.dll
0x00007ffa67f20000 - 0x00007ffa67f6c000 	C:\WINDOWS\System32\powrprof.dll
0x00007ffa6ac40000 - 0x00007ffa6ac92000 	C:\WINDOWS\System32\shlwapi.dll
0x00007ffa67f70000 - 0x00007ffa67f7f000 	C:\WINDOWS\System32\kernel.appcore.dll
0x00007ffa68910000 - 0x00007ffa689b9000 	C:\WINDOWS\System32\shcore.dll
0x00007ffa67f90000 - 0x00007ffa67fa4000 	C:\WINDOWS\System32\profapi.dll
0x0000000068370000 - 0x000000006838a000 	C:\Program Files\Java\jre1.8.0_131\bin\net.dll
0x00007ffa677f0000 - 0x00007ffa6784c000 	C:\WINDOWS\system32\mswsock.dll
0x0000000068350000 - 0x0000000068361000 	C:\Program Files\Java\jre1.8.0_131\bin\nio.dll
0x00007ffa5c3d0000 - 0x00007ffa5c428000 	C:\Users\simon\AppData\Local\Temp\lwjglsimon\3.1.3-SNAPSHOT\lwjgl.dll
0x00007ffa52b10000 - 0x00007ffa52b5d000 	C:\Users\simon\AppData\Local\Temp\lwjglsimon\3.1.3-SNAPSHOT\glfw.dll
0x00007ffa66780000 - 0x00007ffa66815000 	C:\WINDOWS\system32\uxtheme.dll
0x00007ffa533a0000 - 0x00007ffa533e0000 	C:\WINDOWS\SYSTEM32\dinput8.dll
0x00007ffa65900000 - 0x00007ffa6590e000 	C:\WINDOWS\SYSTEM32\xinput1_4.dll
0x00007ffa66c60000 - 0x00007ffa66c88000 	C:\WINDOWS\SYSTEM32\DEVOBJ.dll
0x00007ffa65ce0000 - 0x00007ffa65d06000 	C:\WINDOWS\SYSTEM32\dwmapi.dll
0x00007ffa6a990000 - 0x00007ffa6aaea000 	C:\WINDOWS\System32\MSCTF.dll
0x00007ffa6aaf0000 - 0x00007ffa6abaf000 	C:\WINDOWS\System32\OLEAUT32.dll
0x00007ffa68820000 - 0x00007ffa688bc000 	C:\WINDOWS\System32\msvcp_win.dll
0x00007ffa306e0000 - 0x00007ffa30715000 	C:\Program Files\Nahimic\NahimicMSI\UserInterface\x64\NahimicMSIDevProps.dll
0x00007ffa6af00000 - 0x00007ffa6b038000 	C:\WINDOWS\System32\ole32.dll
0x00007ffa4a1a0000 - 0x00007ffa4a1ed000 	C:\Program Files\Nahimic\NahimicMSI\UserInterface\x64\NahimicMSIOSD.dll
0x00007ffa66f20000 - 0x00007ffa66f2c000 	C:\WINDOWS\SYSTEM32\HID.DLL
0x00000000205f0000 - 0x000000002068f000 	C:\WINDOWS\System32\clbcatq.dll
0x00007ffa64f60000 - 0x00007ffa64fd1000 	C:\WINDOWS\System32\MMDevApi.dll
0x00007ffa65ab0000 - 0x00007ffa65c35000 	C:\WINDOWS\System32\PROPSYS.dll
0x00007ffa3ffe0000 - 0x00007ffa40074000 	C:\WINDOWS\SYSTEM32\AUDIOSES.DLL
0x00007ffa63510000 - 0x00007ffa63646000 	C:\WINDOWS\SYSTEM32\wintypes.dll
0x00007ffa6b3b0000 - 0x00007ffa6b7d9000 	C:\WINDOWS\System32\SETUPAPI.DLL
0x00007ffa68fe0000 - 0x00007ffa69035000 	C:\WINDOWS\System32\WINTRUST.dll
0x00007ffa67f80000 - 0x00007ffa67f90000 	C:\WINDOWS\System32\MSASN1.dll
0x00007ffa68c90000 - 0x00007ffa68e59000 	C:\WINDOWS\System32\CRYPT32.dll
0x00007ffa4b360000 - 0x00007ffa4b483000 	C:\WINDOWS\SYSTEM32\opengl32.dll
0x00007ffa4ac90000 - 0x00007ffa4ad87000 	C:\WINDOWS\SYSTEM32\DDRAW.dll
0x00007ffa4b2f0000 - 0x00007ffa4b31d000 	C:\WINDOWS\SYSTEM32\GLU32.dll
0x00007ffa4b980000 - 0x00007ffa4b988000 	C:\WINDOWS\SYSTEM32\DCIMAN32.dll
0x00007ffa13410000 - 0x00007ffa14127000 	C:\WINDOWS\SYSTEM32\ig8icd64.dll
0x00007ffa5f5b0000 - 0x00007ffa5fff0000 	C:\WINDOWS\SYSTEM32\igdusc64.dll
0x00007ffa65a90000 - 0x00007ffa65aa3000 	C:\WINDOWS\SYSTEM32\WTSAPI32.dll
0x00007ffa32d10000 - 0x00007ffa32e9d000 	C:\WINDOWS\SYSTEM32\d3d9.dll
0x00007ffa4b080000 - 0x00007ffa4b0df000 	C:\Users\simon\AppData\Local\Temp\lwjglsimon\3.1.3-SNAPSHOT\lwjgl_opengl.dll
0x0000000068390000 - 0x0000000068528000 	C:\Program Files\Java\jre1.8.0_131\bin\awt.dll
0x00007ffa665a0000 - 0x00007ffa6661a000 	C:\WINDOWS\SYSTEM32\apphelp.dll
0x0000000068300000 - 0x0000000068347000 	C:\Program Files\Java\jre1.8.0_131\bin\fontmanager.dll
0x00000000682b0000 - 0x00000000682f2000 	C:\Program Files\Java\jre1.8.0_131\bin\t2k.dll
0x00007ffa627c0000 - 0x00007ffa62968000 	C:\WINDOWS\SYSTEM32\WindowsCodecs.dll
0x00007ffa497b0000 - 0x00007ffa497f9000 	C:\WINDOWS\system32\dataexchange.dll
0x00007ffa61890000 - 0x00007ffa61b46000 	C:\WINDOWS\system32\d3d11.dll
0x00007ffa66210000 - 0x00007ffa66361000 	C:\WINDOWS\system32\dcomp.dll
0x00007ffa66fc0000 - 0x00007ffa6705f000 	C:\WINDOWS\system32\dxgi.dll
0x00007ffa66a50000 - 0x00007ffa66b6c000 	C:\WINDOWS\system32\twinapi.appcore.dll
0x00007ffa67e60000 - 0x00007ffa67e8b000 	C:\WINDOWS\system32\bcrypt.dll
0x00007ffa0f790000 - 0x00007ffa13405000 	D:\Downloads\opencv\build\java\x64\opencv_java330.dll
0x00007ffa5c870000 - 0x00007ffa5c890000 	C:\WINDOWS\SYSTEM32\AVIFIL32.dll
0x00007ffa5c3a0000 - 0x00007ffa5c3c9000 	C:\WINDOWS\SYSTEM32\MSVFW32.dll
0x00007ffa5c330000 - 0x00007ffa5c348000 	C:\WINDOWS\SYSTEM32\AVICAP32.dll
0x00007ffa642c0000 - 0x00007ffa642dc000 	C:\WINDOWS\SYSTEM32\MSACM32.dll
0x00007ffa4ae80000 - 0x00007ffa4af01000 	C:\WINDOWS\SYSTEM32\OpenCL.dll
0x00007ffa0ed70000 - 0x00007ffa0f78e000 	C:\WINDOWS\System32\nvopencl.dll
0x00007ffa436c0000 - 0x00007ffa43773000 	C:\WINDOWS\SYSTEM32\nvfatbinaryLoader.dll
0x00007ffa56190000 - 0x00007ffa565b9000 	C:\WINDOWS\system32\nvapi64.dll
0x00007ffa4ac20000 - 0x00007ffa4ac87000 	C:\WINDOWS\SYSTEM32\IntelOpenCL64.dll
0x00007ffa40df0000 - 0x00007ffa40fb2000 	C:\Program Files (x86)\Common Files\Intel\OpenCL\bin\x64\intelocl64.dll
0x00007ffa4a8c0000 - 0x00007ffa4a95d000 	C:\Program Files (x86)\Common Files\Intel\OpenCL\bin\x64\task_executor64.dll
0x00007ffa435e0000 - 0x00007ffa436b8000 	C:\Program Files (x86)\Common Files\Intel\OpenCL\bin\x64\cpu_device64.dll
0x00007ffa15c20000 - 0x00007ffa160e1000 	C:\WINDOWS\SYSTEM32\igdrcl64.dll
0x00007ffa527b0000 - 0x00007ffa527f3000 	C:\WINDOWS\SYSTEM32\igdfcl64.dll
0x00007ffa0e7f0000 - 0x00007ffa0ed67000 	C:\WINDOWS\SYSTEM32\igdmcl64.dll
0x00007ffa65160000 - 0x00007ffa652f2000 	C:\WINDOWS\SYSTEM32\dbghelp.dll
0x00007ffa44710000 - 0x00007ffa4477d000 	C:\WINDOWS\SYSTEM32\igdbcl64.dll

VM Arguments:
jvm_args: -Djava.library.path=D:\Downloads\opencv\build\java\x64 -Dfile.encoding=Cp1252 
java_command: game.Main
java_class_path (initial): C:\Users\simon\git\PenO-Testbed-poging-3\src;D:\Downloads\lwjgl_util.jar;D:\Downloads\lwjgl-release-3.1.3-custom\lwjgl.jar;D:\Downloads\lwjgl-release-3.1.3-custom\lwjgl-assimp.jar;D:\Downloads\lwjgl-release-3.1.3-custom\lwjgl-assimp-natives-windows.jar;D:\Downloads\lwjgl-release-3.1.3-custom\lwjgl-bgfx.jar;D:\Downloads\lwjgl-release-3.1.3-custom\lwjgl-bgfx-natives-windows.jar;D:\Downloads\lwjgl-release-3.1.3-custom\lwjgl-egl.jar;D:\Downloads\lwjgl-release-3.1.3-custom\lwjgl-glfw.jar;D:\Downloads\lwjgl-release-3.1.3-custom\lwjgl-glfw-natives-windows.jar;D:\Downloads\lwjgl-release-3.1.3-custom\lwjgl-jawt.jar;D:\Downloads\lwjgl-release-3.1.3-custom\lwjgl-jemalloc.jar;D:\Downloads\lwjgl-release-3.1.3-custom\lwjgl-jemalloc-natives-windows.jar;D:\Downloads\lwjgl-release-3.1.3-custom\lwjgl-lmdb.jar;D:\Downloads\lwjgl-release-3.1.3-custom\lwjgl-lmdb-natives-windows.jar;D:\Downloads\lwjgl-release-3.1.3-custom\lwjgl-nanovg.jar;D:\Downloads\lwjgl-release-3.1.3-custom\lwjgl-nanovg-natives-windows.jar;D:\Downloads\lwjgl-release-3.1.3-custom\lwjgl-natives-windows.jar;D:\Downloads\lwjgl-release-3.1.3-custom\lwjgl-nfd.jar;D:\Downloads\lwjgl-release-3.1.3-custom\lwjgl-nfd-natives-windows.jar;D:\Downloads\lwjgl-release-3.1.3-custom\lwjgl-nuklear.jar;D:\Downloads\lwjgl-release-3.1.3-custom\lwjgl-nuklear-natives-windows.jar;D:\Downloads\lwjgl-release-3.1.3-custom\lwjgl-openal.jar;D:\Downloads\lwjgl-release-3.1.3-custom\lwjgl-openal-natives-windows.jar;D:\Downloads\lwjgl-release-3.1.3-custom\lwjgl-opencl.jar;D:\Downloads\lwjgl-release-3.1.3-custom\lwjgl-opengl.jar;D:\Downloads\lwjgl-release-3.1.3-custom\lwjgl-opengles.jar;D:\Downloads\lwjgl-release-3.1.3-custom\lwjgl-opengles-natives-windows.jar;D:\Downloads\lwjgl-release-3.1.3-custom\lwjgl-opengl-natives-windows.jar;D:\Downloads\lwjgl-release-3.1.3-custom\lwjgl-openvr.jar;D:\Downloads\lwjgl-release-3.1.3-custom\lwjgl-openvr-natives-windows.jar;D:\Downloads\lwjgl-release-3.1.3-custom\lwjgl-ovr.jar;D:\Downloa
Launcher Type: SUN_STANDARD

Environment Variables:
PATH=C:/Program Files/Java/jre1.8.0_131/bin/server;C:/Program Files/Java/jre1.8.0_131/bin;C:/Program Files/Java/jre1.8.0_131/lib/amd64;C:\ProgramData\Oracle\Java\javapath;C:\Program Files (x86)\Intel\iCLS Client\;C:\Program Files\Intel\iCLS Client\;C:\Windows\system32;C:\Windows;C:\Windows\System32\Wbem;C:\Windows\System32\WindowsPowerShell\v1.0\;C:\Program Files\Intel\WiFi\bin\;C:\Program Files\Common Files\Intel\WirelessCommon\;C:\Program Files (x86)\Intel\Intel(R) Management Engine Components\DAL;C:\Program Files\Intel\Intel(R) Management Engine Components\DAL;C:\Program Files (x86)\Intel\Intel(R) Management Engine Components\IPT;C:\Program Files\Intel\Intel(R) Management Engine Components\IPT;C:\Program Files (x86)\NVIDIA Corporation\PhysX\Common;C:\Program Files\MATLAB\R2015b\runtime\win64;C:\Program Files\MATLAB\R2015b\bin;C:\WINDOWS\system32;C:\WINDOWS;C:\WINDOWS\System32\Wbem;C:\WINDOWS\System32\WindowsPowerShell\v1.0\;C:\Program Files (x86)\Skype\Phone\;C:\Program Files\Git\cmd;C:\Users\simon\AppData\Local\Microsoft\WindowsApps;C:\texlive\2016\bin\win32;C:\Python27;C:\pypy2-v5.6.0-win32;C:\WINDOWS\system32;
USERNAME=simon
OS=Windows_NT
PROCESSOR_IDENTIFIER=Intel64 Family 6 Model 71 Stepping 1, GenuineIntel



---------------  S Y S T E M  ---------------

OS: Windows 10.0 , 64 bit Build 14393 (10.0.14393.1198)

CPU:total 8 (initial active 8) (4 cores per cpu, 2 threads per core) family 6 model 71 stepping 1, cmov, cx8, fxsr, mmx, sse, sse2, sse3, ssse3, sse4.1, sse4.2, popcnt, avx, avx2, aes, clmul, erms, 3dnowpref, lzcnt, ht, tsc, tscinvbit, bmi1, bmi2, adx

Memory: 4k page, physical 16653772k(9609888k free), swap 19144140k(9500620k free)

vm_info: Java HotSpot(TM) 64-Bit Server VM (25.131-b11) for windows-amd64 JRE (1.8.0_131-b11), built on Mar 15 2017 01:23:53 by "java_re" with MS VC++ 10.0 (VS2010)

time: Wed Nov 29 03:00:25 2017
elapsed time: 2 seconds (0d 0h 0m 2s)

